ARM GAS  C:\Users\57298\AppData\Local\Temp\cc2c1w0c.s 			page 1


   1              		.cpu cortex-m0
   2              		.arch armv6s-m
   3              		.fpu softvfp
   4              		.eabi_attribute 20, 1
   5              		.eabi_attribute 21, 1
   6              		.eabi_attribute 23, 3
   7              		.eabi_attribute 24, 1
   8              		.eabi_attribute 25, 1
   9              		.eabi_attribute 26, 1
  10              		.eabi_attribute 30, 1
  11              		.eabi_attribute 34, 0
  12              		.eabi_attribute 18, 4
  13              		.file	"stm32f0xx_hal_exti.c"
  14              		.text
  15              	.Ltext0:
  16              		.cfi_sections	.debug_frame
  17              		.section	.text.HAL_EXTI_SetConfigLine,"ax",%progbits
  18              		.align	1
  19              		.global	HAL_EXTI_SetConfigLine
  20              		.syntax unified
  21              		.code	16
  22              		.thumb_func
  24              	HAL_EXTI_SetConfigLine:
  25              	.LVL0:
  26              	.LFB40:
  27              		.file 1 "Drivers/STM32F0xx_HAL_Driver/Src/stm32f0xx_hal_exti.c"
   1:Drivers/STM32F0xx_HAL_Driver/Src/stm32f0xx_hal_exti.c **** /**
   2:Drivers/STM32F0xx_HAL_Driver/Src/stm32f0xx_hal_exti.c ****   ******************************************************************************
   3:Drivers/STM32F0xx_HAL_Driver/Src/stm32f0xx_hal_exti.c ****   * @file    stm32f0xx_hal_exti.c
   4:Drivers/STM32F0xx_HAL_Driver/Src/stm32f0xx_hal_exti.c ****   * @author  MCD Application Team
   5:Drivers/STM32F0xx_HAL_Driver/Src/stm32f0xx_hal_exti.c ****   * @brief   EXTI HAL module driver.
   6:Drivers/STM32F0xx_HAL_Driver/Src/stm32f0xx_hal_exti.c ****   *          This file provides firmware functions to manage the following
   7:Drivers/STM32F0xx_HAL_Driver/Src/stm32f0xx_hal_exti.c ****   *          functionalities of the Extended Interrupts and events controller (EXTI) peripheral:
   8:Drivers/STM32F0xx_HAL_Driver/Src/stm32f0xx_hal_exti.c ****   *           + Initialization and de-initialization functions
   9:Drivers/STM32F0xx_HAL_Driver/Src/stm32f0xx_hal_exti.c ****   *           + IO operation functions
  10:Drivers/STM32F0xx_HAL_Driver/Src/stm32f0xx_hal_exti.c ****   *
  11:Drivers/STM32F0xx_HAL_Driver/Src/stm32f0xx_hal_exti.c ****   ******************************************************************************
  12:Drivers/STM32F0xx_HAL_Driver/Src/stm32f0xx_hal_exti.c ****   * @attention
  13:Drivers/STM32F0xx_HAL_Driver/Src/stm32f0xx_hal_exti.c ****   *
  14:Drivers/STM32F0xx_HAL_Driver/Src/stm32f0xx_hal_exti.c ****   * Copyright (c) 2019 STMicroelectronics.
  15:Drivers/STM32F0xx_HAL_Driver/Src/stm32f0xx_hal_exti.c ****   * All rights reserved.
  16:Drivers/STM32F0xx_HAL_Driver/Src/stm32f0xx_hal_exti.c ****   *
  17:Drivers/STM32F0xx_HAL_Driver/Src/stm32f0xx_hal_exti.c ****   * This software is licensed under terms that can be found in the LICENSE file
  18:Drivers/STM32F0xx_HAL_Driver/Src/stm32f0xx_hal_exti.c ****   * in the root directory of this software component.
  19:Drivers/STM32F0xx_HAL_Driver/Src/stm32f0xx_hal_exti.c ****   * If no LICENSE file comes with this software, it is provided AS-IS.
  20:Drivers/STM32F0xx_HAL_Driver/Src/stm32f0xx_hal_exti.c ****   *
  21:Drivers/STM32F0xx_HAL_Driver/Src/stm32f0xx_hal_exti.c ****   ******************************************************************************
  22:Drivers/STM32F0xx_HAL_Driver/Src/stm32f0xx_hal_exti.c ****   @verbatim
  23:Drivers/STM32F0xx_HAL_Driver/Src/stm32f0xx_hal_exti.c ****   ==============================================================================
  24:Drivers/STM32F0xx_HAL_Driver/Src/stm32f0xx_hal_exti.c ****                     ##### EXTI Peripheral features #####
  25:Drivers/STM32F0xx_HAL_Driver/Src/stm32f0xx_hal_exti.c ****   ==============================================================================
  26:Drivers/STM32F0xx_HAL_Driver/Src/stm32f0xx_hal_exti.c ****   [..]
  27:Drivers/STM32F0xx_HAL_Driver/Src/stm32f0xx_hal_exti.c ****     (+) Each Exti line can be configured within this driver.
  28:Drivers/STM32F0xx_HAL_Driver/Src/stm32f0xx_hal_exti.c **** 
  29:Drivers/STM32F0xx_HAL_Driver/Src/stm32f0xx_hal_exti.c ****     (+) Exti line can be configured in 3 different modes
  30:Drivers/STM32F0xx_HAL_Driver/Src/stm32f0xx_hal_exti.c ****         (++) Interrupt
  31:Drivers/STM32F0xx_HAL_Driver/Src/stm32f0xx_hal_exti.c ****         (++) Event
ARM GAS  C:\Users\57298\AppData\Local\Temp\cc2c1w0c.s 			page 2


  32:Drivers/STM32F0xx_HAL_Driver/Src/stm32f0xx_hal_exti.c ****         (++) Both of them
  33:Drivers/STM32F0xx_HAL_Driver/Src/stm32f0xx_hal_exti.c **** 
  34:Drivers/STM32F0xx_HAL_Driver/Src/stm32f0xx_hal_exti.c ****     (+) Configurable Exti lines can be configured with 3 different triggers
  35:Drivers/STM32F0xx_HAL_Driver/Src/stm32f0xx_hal_exti.c ****         (++) Rising
  36:Drivers/STM32F0xx_HAL_Driver/Src/stm32f0xx_hal_exti.c ****         (++) Falling
  37:Drivers/STM32F0xx_HAL_Driver/Src/stm32f0xx_hal_exti.c ****         (++) Both of them
  38:Drivers/STM32F0xx_HAL_Driver/Src/stm32f0xx_hal_exti.c **** 
  39:Drivers/STM32F0xx_HAL_Driver/Src/stm32f0xx_hal_exti.c ****     (+) When set in interrupt mode, configurable Exti lines have two different
  40:Drivers/STM32F0xx_HAL_Driver/Src/stm32f0xx_hal_exti.c ****         interrupts pending registers which allow to distinguish which transition
  41:Drivers/STM32F0xx_HAL_Driver/Src/stm32f0xx_hal_exti.c ****         occurs:
  42:Drivers/STM32F0xx_HAL_Driver/Src/stm32f0xx_hal_exti.c ****         (++) Rising edge pending interrupt
  43:Drivers/STM32F0xx_HAL_Driver/Src/stm32f0xx_hal_exti.c ****         (++) Falling
  44:Drivers/STM32F0xx_HAL_Driver/Src/stm32f0xx_hal_exti.c **** 
  45:Drivers/STM32F0xx_HAL_Driver/Src/stm32f0xx_hal_exti.c ****     (+) Exti lines 0 to 15 are linked to gpio pin number 0 to 15. Gpio port can
  46:Drivers/STM32F0xx_HAL_Driver/Src/stm32f0xx_hal_exti.c ****         be selected through multiplexer.
  47:Drivers/STM32F0xx_HAL_Driver/Src/stm32f0xx_hal_exti.c **** 
  48:Drivers/STM32F0xx_HAL_Driver/Src/stm32f0xx_hal_exti.c ****                      ##### How to use this driver #####
  49:Drivers/STM32F0xx_HAL_Driver/Src/stm32f0xx_hal_exti.c ****   ==============================================================================
  50:Drivers/STM32F0xx_HAL_Driver/Src/stm32f0xx_hal_exti.c ****   [..]
  51:Drivers/STM32F0xx_HAL_Driver/Src/stm32f0xx_hal_exti.c **** 
  52:Drivers/STM32F0xx_HAL_Driver/Src/stm32f0xx_hal_exti.c ****     (#) Configure the EXTI line using HAL_EXTI_SetConfigLine().
  53:Drivers/STM32F0xx_HAL_Driver/Src/stm32f0xx_hal_exti.c ****         (++) Choose the interrupt line number by setting "Line" member from
  54:Drivers/STM32F0xx_HAL_Driver/Src/stm32f0xx_hal_exti.c ****              EXTI_ConfigTypeDef structure.
  55:Drivers/STM32F0xx_HAL_Driver/Src/stm32f0xx_hal_exti.c ****         (++) Configure the interrupt and/or event mode using "Mode" member from
  56:Drivers/STM32F0xx_HAL_Driver/Src/stm32f0xx_hal_exti.c ****              EXTI_ConfigTypeDef structure.
  57:Drivers/STM32F0xx_HAL_Driver/Src/stm32f0xx_hal_exti.c ****         (++) For configurable lines, configure rising and/or falling trigger
  58:Drivers/STM32F0xx_HAL_Driver/Src/stm32f0xx_hal_exti.c ****              "Trigger" member from EXTI_ConfigTypeDef structure.
  59:Drivers/STM32F0xx_HAL_Driver/Src/stm32f0xx_hal_exti.c ****         (++) For Exti lines linked to gpio, choose gpio port using "GPIOSel"
  60:Drivers/STM32F0xx_HAL_Driver/Src/stm32f0xx_hal_exti.c ****              member from GPIO_InitTypeDef structure.
  61:Drivers/STM32F0xx_HAL_Driver/Src/stm32f0xx_hal_exti.c **** 
  62:Drivers/STM32F0xx_HAL_Driver/Src/stm32f0xx_hal_exti.c ****     (#) Get current Exti configuration of a dedicated line using
  63:Drivers/STM32F0xx_HAL_Driver/Src/stm32f0xx_hal_exti.c ****         HAL_EXTI_GetConfigLine().
  64:Drivers/STM32F0xx_HAL_Driver/Src/stm32f0xx_hal_exti.c ****         (++) Provide exiting handle as parameter.
  65:Drivers/STM32F0xx_HAL_Driver/Src/stm32f0xx_hal_exti.c ****         (++) Provide pointer on EXTI_ConfigTypeDef structure as second parameter.
  66:Drivers/STM32F0xx_HAL_Driver/Src/stm32f0xx_hal_exti.c **** 
  67:Drivers/STM32F0xx_HAL_Driver/Src/stm32f0xx_hal_exti.c ****     (#) Clear Exti configuration of a dedicated line using HAL_EXTI_GetConfigLine().
  68:Drivers/STM32F0xx_HAL_Driver/Src/stm32f0xx_hal_exti.c ****         (++) Provide exiting handle as parameter.
  69:Drivers/STM32F0xx_HAL_Driver/Src/stm32f0xx_hal_exti.c **** 
  70:Drivers/STM32F0xx_HAL_Driver/Src/stm32f0xx_hal_exti.c ****     (#) Register callback to treat Exti interrupts using HAL_EXTI_RegisterCallback().
  71:Drivers/STM32F0xx_HAL_Driver/Src/stm32f0xx_hal_exti.c ****         (++) Provide exiting handle as first parameter.
  72:Drivers/STM32F0xx_HAL_Driver/Src/stm32f0xx_hal_exti.c ****         (++) Provide which callback will be registered using one value from
  73:Drivers/STM32F0xx_HAL_Driver/Src/stm32f0xx_hal_exti.c ****              EXTI_CallbackIDTypeDef.
  74:Drivers/STM32F0xx_HAL_Driver/Src/stm32f0xx_hal_exti.c ****         (++) Provide callback function pointer.
  75:Drivers/STM32F0xx_HAL_Driver/Src/stm32f0xx_hal_exti.c **** 
  76:Drivers/STM32F0xx_HAL_Driver/Src/stm32f0xx_hal_exti.c ****     (#) Get interrupt pending bit using HAL_EXTI_GetPending().
  77:Drivers/STM32F0xx_HAL_Driver/Src/stm32f0xx_hal_exti.c **** 
  78:Drivers/STM32F0xx_HAL_Driver/Src/stm32f0xx_hal_exti.c ****     (#) Clear interrupt pending bit using HAL_EXTI_GetPending().
  79:Drivers/STM32F0xx_HAL_Driver/Src/stm32f0xx_hal_exti.c **** 
  80:Drivers/STM32F0xx_HAL_Driver/Src/stm32f0xx_hal_exti.c ****     (#) Generate software interrupt using HAL_EXTI_GenerateSWI().
  81:Drivers/STM32F0xx_HAL_Driver/Src/stm32f0xx_hal_exti.c **** 
  82:Drivers/STM32F0xx_HAL_Driver/Src/stm32f0xx_hal_exti.c ****   @endverbatim
  83:Drivers/STM32F0xx_HAL_Driver/Src/stm32f0xx_hal_exti.c ****   */
  84:Drivers/STM32F0xx_HAL_Driver/Src/stm32f0xx_hal_exti.c **** 
  85:Drivers/STM32F0xx_HAL_Driver/Src/stm32f0xx_hal_exti.c **** /* Includes ------------------------------------------------------------------*/
  86:Drivers/STM32F0xx_HAL_Driver/Src/stm32f0xx_hal_exti.c **** #include "stm32f0xx_hal.h"
  87:Drivers/STM32F0xx_HAL_Driver/Src/stm32f0xx_hal_exti.c **** 
  88:Drivers/STM32F0xx_HAL_Driver/Src/stm32f0xx_hal_exti.c **** /** @addtogroup STM32F0xx_HAL_Driver
ARM GAS  C:\Users\57298\AppData\Local\Temp\cc2c1w0c.s 			page 3


  89:Drivers/STM32F0xx_HAL_Driver/Src/stm32f0xx_hal_exti.c ****   * @{
  90:Drivers/STM32F0xx_HAL_Driver/Src/stm32f0xx_hal_exti.c ****   */
  91:Drivers/STM32F0xx_HAL_Driver/Src/stm32f0xx_hal_exti.c **** 
  92:Drivers/STM32F0xx_HAL_Driver/Src/stm32f0xx_hal_exti.c **** /** @addtogroup EXTI
  93:Drivers/STM32F0xx_HAL_Driver/Src/stm32f0xx_hal_exti.c ****   * @{
  94:Drivers/STM32F0xx_HAL_Driver/Src/stm32f0xx_hal_exti.c ****   */
  95:Drivers/STM32F0xx_HAL_Driver/Src/stm32f0xx_hal_exti.c **** /** MISRA C:2012 deviation rule has been granted for following rule:
  96:Drivers/STM32F0xx_HAL_Driver/Src/stm32f0xx_hal_exti.c ****   * Rule-18.1_b - Medium: Array `EXTICR' 1st subscript interval [0,7] may be out
  97:Drivers/STM32F0xx_HAL_Driver/Src/stm32f0xx_hal_exti.c ****   * of bounds [0,3] in following API :
  98:Drivers/STM32F0xx_HAL_Driver/Src/stm32f0xx_hal_exti.c ****   * HAL_EXTI_SetConfigLine
  99:Drivers/STM32F0xx_HAL_Driver/Src/stm32f0xx_hal_exti.c ****   * HAL_EXTI_GetConfigLine
 100:Drivers/STM32F0xx_HAL_Driver/Src/stm32f0xx_hal_exti.c ****   * HAL_EXTI_ClearConfigLine
 101:Drivers/STM32F0xx_HAL_Driver/Src/stm32f0xx_hal_exti.c ****   */
 102:Drivers/STM32F0xx_HAL_Driver/Src/stm32f0xx_hal_exti.c **** 
 103:Drivers/STM32F0xx_HAL_Driver/Src/stm32f0xx_hal_exti.c **** #ifdef HAL_EXTI_MODULE_ENABLED
 104:Drivers/STM32F0xx_HAL_Driver/Src/stm32f0xx_hal_exti.c **** 
 105:Drivers/STM32F0xx_HAL_Driver/Src/stm32f0xx_hal_exti.c **** /* Private typedef -----------------------------------------------------------*/
 106:Drivers/STM32F0xx_HAL_Driver/Src/stm32f0xx_hal_exti.c **** /* Private defines -----------------------------------------------------------*/
 107:Drivers/STM32F0xx_HAL_Driver/Src/stm32f0xx_hal_exti.c **** /** @defgroup EXTI_Private_Constants EXTI Private Constants
 108:Drivers/STM32F0xx_HAL_Driver/Src/stm32f0xx_hal_exti.c ****   * @{
 109:Drivers/STM32F0xx_HAL_Driver/Src/stm32f0xx_hal_exti.c ****   */
 110:Drivers/STM32F0xx_HAL_Driver/Src/stm32f0xx_hal_exti.c **** 
 111:Drivers/STM32F0xx_HAL_Driver/Src/stm32f0xx_hal_exti.c **** /**
 112:Drivers/STM32F0xx_HAL_Driver/Src/stm32f0xx_hal_exti.c ****   * @}
 113:Drivers/STM32F0xx_HAL_Driver/Src/stm32f0xx_hal_exti.c ****   */
 114:Drivers/STM32F0xx_HAL_Driver/Src/stm32f0xx_hal_exti.c **** 
 115:Drivers/STM32F0xx_HAL_Driver/Src/stm32f0xx_hal_exti.c **** /* Private macros ------------------------------------------------------------*/
 116:Drivers/STM32F0xx_HAL_Driver/Src/stm32f0xx_hal_exti.c **** /* Private variables ---------------------------------------------------------*/
 117:Drivers/STM32F0xx_HAL_Driver/Src/stm32f0xx_hal_exti.c **** /* Private function prototypes -----------------------------------------------*/
 118:Drivers/STM32F0xx_HAL_Driver/Src/stm32f0xx_hal_exti.c **** /* Exported functions --------------------------------------------------------*/
 119:Drivers/STM32F0xx_HAL_Driver/Src/stm32f0xx_hal_exti.c **** 
 120:Drivers/STM32F0xx_HAL_Driver/Src/stm32f0xx_hal_exti.c **** /** @addtogroup EXTI_Exported_Functions
 121:Drivers/STM32F0xx_HAL_Driver/Src/stm32f0xx_hal_exti.c ****   * @{
 122:Drivers/STM32F0xx_HAL_Driver/Src/stm32f0xx_hal_exti.c ****   */
 123:Drivers/STM32F0xx_HAL_Driver/Src/stm32f0xx_hal_exti.c **** 
 124:Drivers/STM32F0xx_HAL_Driver/Src/stm32f0xx_hal_exti.c **** /** @addtogroup EXTI_Exported_Functions_Group1
 125:Drivers/STM32F0xx_HAL_Driver/Src/stm32f0xx_hal_exti.c ****   *  @brief    Configuration functions
 126:Drivers/STM32F0xx_HAL_Driver/Src/stm32f0xx_hal_exti.c ****   *
 127:Drivers/STM32F0xx_HAL_Driver/Src/stm32f0xx_hal_exti.c **** @verbatim
 128:Drivers/STM32F0xx_HAL_Driver/Src/stm32f0xx_hal_exti.c ****  ===============================================================================
 129:Drivers/STM32F0xx_HAL_Driver/Src/stm32f0xx_hal_exti.c ****               ##### Configuration functions #####
 130:Drivers/STM32F0xx_HAL_Driver/Src/stm32f0xx_hal_exti.c ****  ===============================================================================
 131:Drivers/STM32F0xx_HAL_Driver/Src/stm32f0xx_hal_exti.c **** 
 132:Drivers/STM32F0xx_HAL_Driver/Src/stm32f0xx_hal_exti.c **** @endverbatim
 133:Drivers/STM32F0xx_HAL_Driver/Src/stm32f0xx_hal_exti.c ****   * @{
 134:Drivers/STM32F0xx_HAL_Driver/Src/stm32f0xx_hal_exti.c ****   */
 135:Drivers/STM32F0xx_HAL_Driver/Src/stm32f0xx_hal_exti.c **** 
 136:Drivers/STM32F0xx_HAL_Driver/Src/stm32f0xx_hal_exti.c **** /**
 137:Drivers/STM32F0xx_HAL_Driver/Src/stm32f0xx_hal_exti.c ****   * @brief  Set configuration of a dedicated Exti line.
 138:Drivers/STM32F0xx_HAL_Driver/Src/stm32f0xx_hal_exti.c ****   * @param  hexti Exti handle.
 139:Drivers/STM32F0xx_HAL_Driver/Src/stm32f0xx_hal_exti.c ****   * @param  pExtiConfig Pointer on EXTI configuration to be set.
 140:Drivers/STM32F0xx_HAL_Driver/Src/stm32f0xx_hal_exti.c ****   * @retval HAL Status.
 141:Drivers/STM32F0xx_HAL_Driver/Src/stm32f0xx_hal_exti.c ****   */
 142:Drivers/STM32F0xx_HAL_Driver/Src/stm32f0xx_hal_exti.c **** HAL_StatusTypeDef HAL_EXTI_SetConfigLine(EXTI_HandleTypeDef *hexti, EXTI_ConfigTypeDef *pExtiConfig
 143:Drivers/STM32F0xx_HAL_Driver/Src/stm32f0xx_hal_exti.c **** {
  28              		.loc 1 143 1 view -0
  29              		.cfi_startproc
ARM GAS  C:\Users\57298\AppData\Local\Temp\cc2c1w0c.s 			page 4


  30              		@ args = 0, pretend = 0, frame = 0
  31              		@ frame_needed = 0, uses_anonymous_args = 0
  32              		.loc 1 143 1 is_stmt 0 view .LVU1
  33 0000 70B5     		push	{r4, r5, r6, lr}
  34              	.LCFI0:
  35              		.cfi_def_cfa_offset 16
  36              		.cfi_offset 4, -16
  37              		.cfi_offset 5, -12
  38              		.cfi_offset 6, -8
  39              		.cfi_offset 14, -4
 144:Drivers/STM32F0xx_HAL_Driver/Src/stm32f0xx_hal_exti.c ****   uint32_t regval;
  40              		.loc 1 144 3 is_stmt 1 view .LVU2
 145:Drivers/STM32F0xx_HAL_Driver/Src/stm32f0xx_hal_exti.c ****   uint32_t linepos;
  41              		.loc 1 145 3 view .LVU3
 146:Drivers/STM32F0xx_HAL_Driver/Src/stm32f0xx_hal_exti.c ****   uint32_t maskline;
  42              		.loc 1 146 3 view .LVU4
 147:Drivers/STM32F0xx_HAL_Driver/Src/stm32f0xx_hal_exti.c **** 
 148:Drivers/STM32F0xx_HAL_Driver/Src/stm32f0xx_hal_exti.c ****   /* Check null pointer */
 149:Drivers/STM32F0xx_HAL_Driver/Src/stm32f0xx_hal_exti.c ****   if ((hexti == NULL) || (pExtiConfig == NULL))
  43              		.loc 1 149 3 view .LVU5
  44              		.loc 1 149 6 is_stmt 0 view .LVU6
  45 0002 0028     		cmp	r0, #0
  46 0004 52D0     		beq	.L11
  47              		.loc 1 149 23 discriminator 1 view .LVU7
  48 0006 0029     		cmp	r1, #0
  49 0008 52D0     		beq	.L12
 150:Drivers/STM32F0xx_HAL_Driver/Src/stm32f0xx_hal_exti.c ****   {
 151:Drivers/STM32F0xx_HAL_Driver/Src/stm32f0xx_hal_exti.c ****     return HAL_ERROR;
 152:Drivers/STM32F0xx_HAL_Driver/Src/stm32f0xx_hal_exti.c ****   }
 153:Drivers/STM32F0xx_HAL_Driver/Src/stm32f0xx_hal_exti.c **** 
 154:Drivers/STM32F0xx_HAL_Driver/Src/stm32f0xx_hal_exti.c ****   /* Check parameters */
 155:Drivers/STM32F0xx_HAL_Driver/Src/stm32f0xx_hal_exti.c ****   assert_param(IS_EXTI_LINE(pExtiConfig->Line));
  50              		.loc 1 155 3 is_stmt 1 view .LVU8
 156:Drivers/STM32F0xx_HAL_Driver/Src/stm32f0xx_hal_exti.c ****   assert_param(IS_EXTI_MODE(pExtiConfig->Mode));
  51              		.loc 1 156 3 view .LVU9
 157:Drivers/STM32F0xx_HAL_Driver/Src/stm32f0xx_hal_exti.c **** 
 158:Drivers/STM32F0xx_HAL_Driver/Src/stm32f0xx_hal_exti.c ****   /* Assign line number to handle */
 159:Drivers/STM32F0xx_HAL_Driver/Src/stm32f0xx_hal_exti.c ****   hexti->Line = pExtiConfig->Line;
  52              		.loc 1 159 3 view .LVU10
  53              		.loc 1 159 28 is_stmt 0 view .LVU11
  54 000a 0C68     		ldr	r4, [r1]
  55              		.loc 1 159 15 view .LVU12
  56 000c 0460     		str	r4, [r0]
 160:Drivers/STM32F0xx_HAL_Driver/Src/stm32f0xx_hal_exti.c **** 
 161:Drivers/STM32F0xx_HAL_Driver/Src/stm32f0xx_hal_exti.c ****   /* Compute line mask */
 162:Drivers/STM32F0xx_HAL_Driver/Src/stm32f0xx_hal_exti.c ****   linepos = (pExtiConfig->Line & EXTI_PIN_MASK);
  57              		.loc 1 162 3 is_stmt 1 view .LVU13
  58              		.loc 1 162 11 is_stmt 0 view .LVU14
  59 000e 1F23     		movs	r3, #31
  60 0010 2340     		ands	r3, r4
  61              	.LVL1:
 163:Drivers/STM32F0xx_HAL_Driver/Src/stm32f0xx_hal_exti.c ****   maskline = (1uL << linepos);
  62              		.loc 1 163 3 is_stmt 1 view .LVU15
  63              		.loc 1 163 12 is_stmt 0 view .LVU16
  64 0012 0122     		movs	r2, #1
  65 0014 9A40     		lsls	r2, r2, r3
  66              	.LVL2:
ARM GAS  C:\Users\57298\AppData\Local\Temp\cc2c1w0c.s 			page 5


 164:Drivers/STM32F0xx_HAL_Driver/Src/stm32f0xx_hal_exti.c **** 
 165:Drivers/STM32F0xx_HAL_Driver/Src/stm32f0xx_hal_exti.c ****   /* Configure triggers for configurable lines */
 166:Drivers/STM32F0xx_HAL_Driver/Src/stm32f0xx_hal_exti.c ****   if ((pExtiConfig->Line & EXTI_CONFIG) != 0x00u)
  67              		.loc 1 166 3 is_stmt 1 view .LVU17
  68              		.loc 1 166 6 is_stmt 0 view .LVU18
  69 0016 A001     		lsls	r0, r4, #6
  70 0018 13D5     		bpl	.L3
  71              	.LVL3:
 167:Drivers/STM32F0xx_HAL_Driver/Src/stm32f0xx_hal_exti.c ****   {
 168:Drivers/STM32F0xx_HAL_Driver/Src/stm32f0xx_hal_exti.c ****     assert_param(IS_EXTI_TRIGGER(pExtiConfig->Trigger));
  72              		.loc 1 168 5 is_stmt 1 view .LVU19
 169:Drivers/STM32F0xx_HAL_Driver/Src/stm32f0xx_hal_exti.c **** 
 170:Drivers/STM32F0xx_HAL_Driver/Src/stm32f0xx_hal_exti.c ****     /* Configure rising trigger */
 171:Drivers/STM32F0xx_HAL_Driver/Src/stm32f0xx_hal_exti.c ****     /* Mask or set line */
 172:Drivers/STM32F0xx_HAL_Driver/Src/stm32f0xx_hal_exti.c ****     if ((pExtiConfig->Trigger & EXTI_TRIGGER_RISING) != 0x00u)
  73              		.loc 1 172 5 view .LVU20
  74              		.loc 1 172 8 is_stmt 0 view .LVU21
  75 001a 8868     		ldr	r0, [r1, #8]
  76 001c C007     		lsls	r0, r0, #31
  77 001e 20D5     		bpl	.L4
 173:Drivers/STM32F0xx_HAL_Driver/Src/stm32f0xx_hal_exti.c ****     {
 174:Drivers/STM32F0xx_HAL_Driver/Src/stm32f0xx_hal_exti.c ****       EXTI->RTSR |= maskline;
  78              		.loc 1 174 7 is_stmt 1 view .LVU22
  79              		.loc 1 174 18 is_stmt 0 view .LVU23
  80 0020 244D     		ldr	r5, .L14
  81 0022 A868     		ldr	r0, [r5, #8]
  82 0024 1043     		orrs	r0, r2
  83 0026 A860     		str	r0, [r5, #8]
  84              	.L5:
 175:Drivers/STM32F0xx_HAL_Driver/Src/stm32f0xx_hal_exti.c ****     }
 176:Drivers/STM32F0xx_HAL_Driver/Src/stm32f0xx_hal_exti.c ****     else
 177:Drivers/STM32F0xx_HAL_Driver/Src/stm32f0xx_hal_exti.c ****     {
 178:Drivers/STM32F0xx_HAL_Driver/Src/stm32f0xx_hal_exti.c ****       EXTI->RTSR &= ~maskline;
 179:Drivers/STM32F0xx_HAL_Driver/Src/stm32f0xx_hal_exti.c ****     }
 180:Drivers/STM32F0xx_HAL_Driver/Src/stm32f0xx_hal_exti.c **** 
 181:Drivers/STM32F0xx_HAL_Driver/Src/stm32f0xx_hal_exti.c ****     /* Configure falling trigger */
 182:Drivers/STM32F0xx_HAL_Driver/Src/stm32f0xx_hal_exti.c ****     /* Mask or set line */
 183:Drivers/STM32F0xx_HAL_Driver/Src/stm32f0xx_hal_exti.c ****     if ((pExtiConfig->Trigger & EXTI_TRIGGER_FALLING) != 0x00u)
  85              		.loc 1 183 5 is_stmt 1 view .LVU24
  86              		.loc 1 183 8 is_stmt 0 view .LVU25
  87 0028 8868     		ldr	r0, [r1, #8]
  88 002a 8007     		lsls	r0, r0, #30
  89 002c 1ED5     		bpl	.L6
 184:Drivers/STM32F0xx_HAL_Driver/Src/stm32f0xx_hal_exti.c ****     {
 185:Drivers/STM32F0xx_HAL_Driver/Src/stm32f0xx_hal_exti.c ****       EXTI->FTSR |= maskline;
  90              		.loc 1 185 7 is_stmt 1 view .LVU26
  91              		.loc 1 185 18 is_stmt 0 view .LVU27
  92 002e 214D     		ldr	r5, .L14
  93 0030 E868     		ldr	r0, [r5, #12]
  94 0032 1043     		orrs	r0, r2
  95 0034 E860     		str	r0, [r5, #12]
  96              	.L7:
 186:Drivers/STM32F0xx_HAL_Driver/Src/stm32f0xx_hal_exti.c ****     }
 187:Drivers/STM32F0xx_HAL_Driver/Src/stm32f0xx_hal_exti.c ****     else
 188:Drivers/STM32F0xx_HAL_Driver/Src/stm32f0xx_hal_exti.c ****     {
 189:Drivers/STM32F0xx_HAL_Driver/Src/stm32f0xx_hal_exti.c ****       EXTI->FTSR &= ~maskline;
 190:Drivers/STM32F0xx_HAL_Driver/Src/stm32f0xx_hal_exti.c ****     }
ARM GAS  C:\Users\57298\AppData\Local\Temp\cc2c1w0c.s 			page 6


 191:Drivers/STM32F0xx_HAL_Driver/Src/stm32f0xx_hal_exti.c **** 
 192:Drivers/STM32F0xx_HAL_Driver/Src/stm32f0xx_hal_exti.c **** 
 193:Drivers/STM32F0xx_HAL_Driver/Src/stm32f0xx_hal_exti.c ****     /* Configure gpio port selection in case of gpio exti line */
 194:Drivers/STM32F0xx_HAL_Driver/Src/stm32f0xx_hal_exti.c ****     if ((pExtiConfig->Line & EXTI_GPIO) == EXTI_GPIO)
  97              		.loc 1 194 5 is_stmt 1 view .LVU28
  98              		.loc 1 194 28 is_stmt 0 view .LVU29
  99 0036 C025     		movs	r5, #192
 100 0038 ED04     		lsls	r5, r5, #19
 101 003a 0868     		ldr	r0, [r1]
 102 003c 2840     		ands	r0, r5
 103              		.loc 1 194 8 view .LVU30
 104 003e A842     		cmp	r0, r5
 105 0040 19D0     		beq	.L13
 106              	.LVL4:
 107              	.L3:
 195:Drivers/STM32F0xx_HAL_Driver/Src/stm32f0xx_hal_exti.c ****     {
 196:Drivers/STM32F0xx_HAL_Driver/Src/stm32f0xx_hal_exti.c ****       assert_param(IS_EXTI_GPIO_PORT(pExtiConfig->GPIOSel));
 197:Drivers/STM32F0xx_HAL_Driver/Src/stm32f0xx_hal_exti.c ****       assert_param(IS_EXTI_GPIO_PIN(linepos));
 198:Drivers/STM32F0xx_HAL_Driver/Src/stm32f0xx_hal_exti.c **** 
 199:Drivers/STM32F0xx_HAL_Driver/Src/stm32f0xx_hal_exti.c ****       regval = SYSCFG->EXTICR[linepos >> 2u];
 200:Drivers/STM32F0xx_HAL_Driver/Src/stm32f0xx_hal_exti.c ****       regval &= ~(SYSCFG_EXTICR1_EXTI0 << (SYSCFG_EXTICR1_EXTI1_Pos * (linepos & 0x03u)));
 201:Drivers/STM32F0xx_HAL_Driver/Src/stm32f0xx_hal_exti.c ****       regval |= (pExtiConfig->GPIOSel << (SYSCFG_EXTICR1_EXTI1_Pos * (linepos & 0x03u)));
 202:Drivers/STM32F0xx_HAL_Driver/Src/stm32f0xx_hal_exti.c ****       SYSCFG->EXTICR[linepos >> 2u] = regval;
 203:Drivers/STM32F0xx_HAL_Driver/Src/stm32f0xx_hal_exti.c ****     }
 204:Drivers/STM32F0xx_HAL_Driver/Src/stm32f0xx_hal_exti.c ****   }
 205:Drivers/STM32F0xx_HAL_Driver/Src/stm32f0xx_hal_exti.c **** 
 206:Drivers/STM32F0xx_HAL_Driver/Src/stm32f0xx_hal_exti.c ****   /* Configure interrupt mode : read current mode */
 207:Drivers/STM32F0xx_HAL_Driver/Src/stm32f0xx_hal_exti.c ****   /* Mask or set line */
 208:Drivers/STM32F0xx_HAL_Driver/Src/stm32f0xx_hal_exti.c ****   if ((pExtiConfig->Mode & EXTI_MODE_INTERRUPT) != 0x00u)
 108              		.loc 1 208 3 is_stmt 1 view .LVU31
 109              		.loc 1 208 6 is_stmt 0 view .LVU32
 110 0042 4B68     		ldr	r3, [r1, #4]
 111 0044 DB07     		lsls	r3, r3, #31
 112 0046 26D5     		bpl	.L8
 209:Drivers/STM32F0xx_HAL_Driver/Src/stm32f0xx_hal_exti.c ****   {
 210:Drivers/STM32F0xx_HAL_Driver/Src/stm32f0xx_hal_exti.c ****     EXTI->IMR |= maskline;
 113              		.loc 1 210 5 is_stmt 1 view .LVU33
 114              		.loc 1 210 15 is_stmt 0 view .LVU34
 115 0048 1A48     		ldr	r0, .L14
 116 004a 0368     		ldr	r3, [r0]
 117 004c 1343     		orrs	r3, r2
 118 004e 0360     		str	r3, [r0]
 119              	.L9:
 211:Drivers/STM32F0xx_HAL_Driver/Src/stm32f0xx_hal_exti.c ****   }
 212:Drivers/STM32F0xx_HAL_Driver/Src/stm32f0xx_hal_exti.c ****   else
 213:Drivers/STM32F0xx_HAL_Driver/Src/stm32f0xx_hal_exti.c ****   {
 214:Drivers/STM32F0xx_HAL_Driver/Src/stm32f0xx_hal_exti.c ****     EXTI->IMR &= ~maskline;
 215:Drivers/STM32F0xx_HAL_Driver/Src/stm32f0xx_hal_exti.c ****   }
 216:Drivers/STM32F0xx_HAL_Driver/Src/stm32f0xx_hal_exti.c **** 
 217:Drivers/STM32F0xx_HAL_Driver/Src/stm32f0xx_hal_exti.c ****   /* Configure event mode : read current mode */
 218:Drivers/STM32F0xx_HAL_Driver/Src/stm32f0xx_hal_exti.c ****   /* Mask or set line */
 219:Drivers/STM32F0xx_HAL_Driver/Src/stm32f0xx_hal_exti.c ****   if ((pExtiConfig->Mode & EXTI_MODE_EVENT) != 0x00u)
 120              		.loc 1 219 3 is_stmt 1 view .LVU35
 121              		.loc 1 219 19 is_stmt 0 view .LVU36
 122 0050 4B68     		ldr	r3, [r1, #4]
 123              		.loc 1 219 6 view .LVU37
 124 0052 9B07     		lsls	r3, r3, #30
ARM GAS  C:\Users\57298\AppData\Local\Temp\cc2c1w0c.s 			page 7


 125 0054 24D5     		bpl	.L10
 220:Drivers/STM32F0xx_HAL_Driver/Src/stm32f0xx_hal_exti.c ****   {
 221:Drivers/STM32F0xx_HAL_Driver/Src/stm32f0xx_hal_exti.c ****     EXTI->EMR |= maskline;
 126              		.loc 1 221 5 is_stmt 1 view .LVU38
 127              		.loc 1 221 15 is_stmt 0 view .LVU39
 128 0056 1749     		ldr	r1, .L14
 129              	.LVL5:
 130              		.loc 1 221 15 view .LVU40
 131 0058 4B68     		ldr	r3, [r1, #4]
 132 005a 1A43     		orrs	r2, r3
 133              	.LVL6:
 134              		.loc 1 221 15 view .LVU41
 135 005c 4A60     		str	r2, [r1, #4]
 222:Drivers/STM32F0xx_HAL_Driver/Src/stm32f0xx_hal_exti.c ****   }
 223:Drivers/STM32F0xx_HAL_Driver/Src/stm32f0xx_hal_exti.c ****   else
 224:Drivers/STM32F0xx_HAL_Driver/Src/stm32f0xx_hal_exti.c ****   {
 225:Drivers/STM32F0xx_HAL_Driver/Src/stm32f0xx_hal_exti.c ****     EXTI->EMR &= ~maskline;
 226:Drivers/STM32F0xx_HAL_Driver/Src/stm32f0xx_hal_exti.c ****   }
 227:Drivers/STM32F0xx_HAL_Driver/Src/stm32f0xx_hal_exti.c **** 
 228:Drivers/STM32F0xx_HAL_Driver/Src/stm32f0xx_hal_exti.c ****   return HAL_OK;
 136              		.loc 1 228 10 view .LVU42
 137 005e 0020     		movs	r0, #0
 138              	.L2:
 229:Drivers/STM32F0xx_HAL_Driver/Src/stm32f0xx_hal_exti.c **** }
 139              		.loc 1 229 1 view .LVU43
 140              		@ sp needed
 141 0060 70BD     		pop	{r4, r5, r6, pc}
 142              	.LVL7:
 143              	.L4:
 178:Drivers/STM32F0xx_HAL_Driver/Src/stm32f0xx_hal_exti.c ****     }
 144              		.loc 1 178 7 is_stmt 1 view .LVU44
 178:Drivers/STM32F0xx_HAL_Driver/Src/stm32f0xx_hal_exti.c ****     }
 145              		.loc 1 178 18 is_stmt 0 view .LVU45
 146 0062 144D     		ldr	r5, .L14
 147 0064 A868     		ldr	r0, [r5, #8]
 148 0066 9043     		bics	r0, r2
 149 0068 A860     		str	r0, [r5, #8]
 150 006a DDE7     		b	.L5
 151              	.L6:
 189:Drivers/STM32F0xx_HAL_Driver/Src/stm32f0xx_hal_exti.c ****     }
 152              		.loc 1 189 7 is_stmt 1 view .LVU46
 189:Drivers/STM32F0xx_HAL_Driver/Src/stm32f0xx_hal_exti.c ****     }
 153              		.loc 1 189 18 is_stmt 0 view .LVU47
 154 006c 114D     		ldr	r5, .L14
 155 006e E868     		ldr	r0, [r5, #12]
 156 0070 9043     		bics	r0, r2
 157 0072 E860     		str	r0, [r5, #12]
 158 0074 DFE7     		b	.L7
 159              	.L13:
 196:Drivers/STM32F0xx_HAL_Driver/Src/stm32f0xx_hal_exti.c ****       assert_param(IS_EXTI_GPIO_PIN(linepos));
 160              		.loc 1 196 7 is_stmt 1 view .LVU48
 197:Drivers/STM32F0xx_HAL_Driver/Src/stm32f0xx_hal_exti.c **** 
 161              		.loc 1 197 7 view .LVU49
 199:Drivers/STM32F0xx_HAL_Driver/Src/stm32f0xx_hal_exti.c ****       regval &= ~(SYSCFG_EXTICR1_EXTI0 << (SYSCFG_EXTICR1_EXTI1_Pos * (linepos & 0x03u)));
 162              		.loc 1 199 7 view .LVU50
 199:Drivers/STM32F0xx_HAL_Driver/Src/stm32f0xx_hal_exti.c ****       regval &= ~(SYSCFG_EXTICR1_EXTI0 << (SYSCFG_EXTICR1_EXTI1_Pos * (linepos & 0x03u)));
 163              		.loc 1 199 39 is_stmt 0 view .LVU51
ARM GAS  C:\Users\57298\AppData\Local\Temp\cc2c1w0c.s 			page 8


 164 0076 9B08     		lsrs	r3, r3, #2
 165              	.LVL8:
 199:Drivers/STM32F0xx_HAL_Driver/Src/stm32f0xx_hal_exti.c ****       regval &= ~(SYSCFG_EXTICR1_EXTI0 << (SYSCFG_EXTICR1_EXTI1_Pos * (linepos & 0x03u)));
 166              		.loc 1 199 14 view .LVU52
 167 0078 0F4E     		ldr	r6, .L14+4
 168 007a 0233     		adds	r3, r3, #2
 169 007c 9B00     		lsls	r3, r3, #2
 170 007e 9D59     		ldr	r5, [r3, r6]
 171              	.LVL9:
 200:Drivers/STM32F0xx_HAL_Driver/Src/stm32f0xx_hal_exti.c ****       regval |= (pExtiConfig->GPIOSel << (SYSCFG_EXTICR1_EXTI1_Pos * (linepos & 0x03u)));
 172              		.loc 1 200 7 is_stmt 1 view .LVU53
 200:Drivers/STM32F0xx_HAL_Driver/Src/stm32f0xx_hal_exti.c ****       regval |= (pExtiConfig->GPIOSel << (SYSCFG_EXTICR1_EXTI1_Pos * (linepos & 0x03u)));
 173              		.loc 1 200 80 is_stmt 0 view .LVU54
 174 0080 0320     		movs	r0, #3
 175 0082 0440     		ands	r4, r0
 176              	.LVL10:
 200:Drivers/STM32F0xx_HAL_Driver/Src/stm32f0xx_hal_exti.c ****       regval |= (pExtiConfig->GPIOSel << (SYSCFG_EXTICR1_EXTI1_Pos * (linepos & 0x03u)));
 177              		.loc 1 200 69 view .LVU55
 178 0084 A400     		lsls	r4, r4, #2
 200:Drivers/STM32F0xx_HAL_Driver/Src/stm32f0xx_hal_exti.c ****       regval |= (pExtiConfig->GPIOSel << (SYSCFG_EXTICR1_EXTI1_Pos * (linepos & 0x03u)));
 179              		.loc 1 200 40 view .LVU56
 180 0086 0C30     		adds	r0, r0, #12
 181 0088 A040     		lsls	r0, r0, r4
 200:Drivers/STM32F0xx_HAL_Driver/Src/stm32f0xx_hal_exti.c ****       regval |= (pExtiConfig->GPIOSel << (SYSCFG_EXTICR1_EXTI1_Pos * (linepos & 0x03u)));
 182              		.loc 1 200 14 view .LVU57
 183 008a 8543     		bics	r5, r0
 184              	.LVL11:
 201:Drivers/STM32F0xx_HAL_Driver/Src/stm32f0xx_hal_exti.c ****       SYSCFG->EXTICR[linepos >> 2u] = regval;
 185              		.loc 1 201 7 is_stmt 1 view .LVU58
 201:Drivers/STM32F0xx_HAL_Driver/Src/stm32f0xx_hal_exti.c ****       SYSCFG->EXTICR[linepos >> 2u] = regval;
 186              		.loc 1 201 39 is_stmt 0 view .LVU59
 187 008c C868     		ldr	r0, [r1, #12]
 188 008e A040     		lsls	r0, r0, r4
 201:Drivers/STM32F0xx_HAL_Driver/Src/stm32f0xx_hal_exti.c ****       SYSCFG->EXTICR[linepos >> 2u] = regval;
 189              		.loc 1 201 14 view .LVU60
 190 0090 2843     		orrs	r0, r5
 191              	.LVL12:
 202:Drivers/STM32F0xx_HAL_Driver/Src/stm32f0xx_hal_exti.c ****     }
 192              		.loc 1 202 7 is_stmt 1 view .LVU61
 202:Drivers/STM32F0xx_HAL_Driver/Src/stm32f0xx_hal_exti.c ****     }
 193              		.loc 1 202 37 is_stmt 0 view .LVU62
 194 0092 9851     		str	r0, [r3, r6]
 195 0094 D5E7     		b	.L3
 196              	.LVL13:
 197              	.L8:
 214:Drivers/STM32F0xx_HAL_Driver/Src/stm32f0xx_hal_exti.c ****   }
 198              		.loc 1 214 5 is_stmt 1 view .LVU63
 214:Drivers/STM32F0xx_HAL_Driver/Src/stm32f0xx_hal_exti.c ****   }
 199              		.loc 1 214 15 is_stmt 0 view .LVU64
 200 0096 0748     		ldr	r0, .L14
 201 0098 0368     		ldr	r3, [r0]
 202 009a 9343     		bics	r3, r2
 203 009c 0360     		str	r3, [r0]
 204 009e D7E7     		b	.L9
 205              	.L10:
 225:Drivers/STM32F0xx_HAL_Driver/Src/stm32f0xx_hal_exti.c ****   }
 206              		.loc 1 225 5 is_stmt 1 view .LVU65
ARM GAS  C:\Users\57298\AppData\Local\Temp\cc2c1w0c.s 			page 9


 225:Drivers/STM32F0xx_HAL_Driver/Src/stm32f0xx_hal_exti.c ****   }
 207              		.loc 1 225 15 is_stmt 0 view .LVU66
 208 00a0 0449     		ldr	r1, .L14
 209              	.LVL14:
 225:Drivers/STM32F0xx_HAL_Driver/Src/stm32f0xx_hal_exti.c ****   }
 210              		.loc 1 225 15 view .LVU67
 211 00a2 4B68     		ldr	r3, [r1, #4]
 212 00a4 9343     		bics	r3, r2
 213 00a6 4B60     		str	r3, [r1, #4]
 228:Drivers/STM32F0xx_HAL_Driver/Src/stm32f0xx_hal_exti.c **** }
 214              		.loc 1 228 10 view .LVU68
 215 00a8 0020     		movs	r0, #0
 216 00aa D9E7     		b	.L2
 217              	.LVL15:
 218              	.L11:
 151:Drivers/STM32F0xx_HAL_Driver/Src/stm32f0xx_hal_exti.c ****   }
 219              		.loc 1 151 12 view .LVU69
 220 00ac 0120     		movs	r0, #1
 221              	.LVL16:
 151:Drivers/STM32F0xx_HAL_Driver/Src/stm32f0xx_hal_exti.c ****   }
 222              		.loc 1 151 12 view .LVU70
 223 00ae D7E7     		b	.L2
 224              	.LVL17:
 225              	.L12:
 151:Drivers/STM32F0xx_HAL_Driver/Src/stm32f0xx_hal_exti.c ****   }
 226              		.loc 1 151 12 view .LVU71
 227 00b0 0120     		movs	r0, #1
 228              	.LVL18:
 151:Drivers/STM32F0xx_HAL_Driver/Src/stm32f0xx_hal_exti.c ****   }
 229              		.loc 1 151 12 view .LVU72
 230 00b2 D5E7     		b	.L2
 231              	.L15:
 232              		.align	2
 233              	.L14:
 234 00b4 00040140 		.word	1073808384
 235 00b8 00000140 		.word	1073807360
 236              		.cfi_endproc
 237              	.LFE40:
 239              		.section	.text.HAL_EXTI_GetConfigLine,"ax",%progbits
 240              		.align	1
 241              		.global	HAL_EXTI_GetConfigLine
 242              		.syntax unified
 243              		.code	16
 244              		.thumb_func
 246              	HAL_EXTI_GetConfigLine:
 247              	.LVL19:
 248              	.LFB41:
 230:Drivers/STM32F0xx_HAL_Driver/Src/stm32f0xx_hal_exti.c **** 
 231:Drivers/STM32F0xx_HAL_Driver/Src/stm32f0xx_hal_exti.c **** /**
 232:Drivers/STM32F0xx_HAL_Driver/Src/stm32f0xx_hal_exti.c ****   * @brief  Get configuration of a dedicated Exti line.
 233:Drivers/STM32F0xx_HAL_Driver/Src/stm32f0xx_hal_exti.c ****   * @param  hexti Exti handle.
 234:Drivers/STM32F0xx_HAL_Driver/Src/stm32f0xx_hal_exti.c ****   * @param  pExtiConfig Pointer on structure to store Exti configuration.
 235:Drivers/STM32F0xx_HAL_Driver/Src/stm32f0xx_hal_exti.c ****   * @retval HAL Status.
 236:Drivers/STM32F0xx_HAL_Driver/Src/stm32f0xx_hal_exti.c ****   */
 237:Drivers/STM32F0xx_HAL_Driver/Src/stm32f0xx_hal_exti.c **** HAL_StatusTypeDef HAL_EXTI_GetConfigLine(EXTI_HandleTypeDef *hexti, EXTI_ConfigTypeDef *pExtiConfig
 238:Drivers/STM32F0xx_HAL_Driver/Src/stm32f0xx_hal_exti.c **** {
 249              		.loc 1 238 1 is_stmt 1 view -0
ARM GAS  C:\Users\57298\AppData\Local\Temp\cc2c1w0c.s 			page 10


 250              		.cfi_startproc
 251              		@ args = 0, pretend = 0, frame = 0
 252              		@ frame_needed = 0, uses_anonymous_args = 0
 253              		.loc 1 238 1 is_stmt 0 view .LVU74
 254 0000 30B5     		push	{r4, r5, lr}
 255              	.LCFI1:
 256              		.cfi_def_cfa_offset 12
 257              		.cfi_offset 4, -12
 258              		.cfi_offset 5, -8
 259              		.cfi_offset 14, -4
 239:Drivers/STM32F0xx_HAL_Driver/Src/stm32f0xx_hal_exti.c ****   uint32_t regval;
 260              		.loc 1 239 3 is_stmt 1 view .LVU75
 240:Drivers/STM32F0xx_HAL_Driver/Src/stm32f0xx_hal_exti.c ****   uint32_t linepos;
 261              		.loc 1 240 3 view .LVU76
 241:Drivers/STM32F0xx_HAL_Driver/Src/stm32f0xx_hal_exti.c ****   uint32_t maskline;
 262              		.loc 1 241 3 view .LVU77
 242:Drivers/STM32F0xx_HAL_Driver/Src/stm32f0xx_hal_exti.c **** 
 243:Drivers/STM32F0xx_HAL_Driver/Src/stm32f0xx_hal_exti.c ****   /* Check null pointer */
 244:Drivers/STM32F0xx_HAL_Driver/Src/stm32f0xx_hal_exti.c ****   if ((hexti == NULL) || (pExtiConfig == NULL))
 263              		.loc 1 244 3 view .LVU78
 264              		.loc 1 244 6 is_stmt 0 view .LVU79
 265 0002 0028     		cmp	r0, #0
 266 0004 41D0     		beq	.L23
 267              		.loc 1 244 23 discriminator 1 view .LVU80
 268 0006 0029     		cmp	r1, #0
 269 0008 41D0     		beq	.L24
 245:Drivers/STM32F0xx_HAL_Driver/Src/stm32f0xx_hal_exti.c ****   {
 246:Drivers/STM32F0xx_HAL_Driver/Src/stm32f0xx_hal_exti.c ****     return HAL_ERROR;
 247:Drivers/STM32F0xx_HAL_Driver/Src/stm32f0xx_hal_exti.c ****   }
 248:Drivers/STM32F0xx_HAL_Driver/Src/stm32f0xx_hal_exti.c **** 
 249:Drivers/STM32F0xx_HAL_Driver/Src/stm32f0xx_hal_exti.c ****   /* Check the parameter */
 250:Drivers/STM32F0xx_HAL_Driver/Src/stm32f0xx_hal_exti.c ****   assert_param(IS_EXTI_LINE(hexti->Line));
 270              		.loc 1 250 3 is_stmt 1 view .LVU81
 251:Drivers/STM32F0xx_HAL_Driver/Src/stm32f0xx_hal_exti.c **** 
 252:Drivers/STM32F0xx_HAL_Driver/Src/stm32f0xx_hal_exti.c ****   /* Store handle line number to configuration structure */
 253:Drivers/STM32F0xx_HAL_Driver/Src/stm32f0xx_hal_exti.c ****   pExtiConfig->Line = hexti->Line;
 271              		.loc 1 253 3 view .LVU82
 272              		.loc 1 253 28 is_stmt 0 view .LVU83
 273 000a 0068     		ldr	r0, [r0]
 274              	.LVL20:
 275              		.loc 1 253 21 view .LVU84
 276 000c 0860     		str	r0, [r1]
 254:Drivers/STM32F0xx_HAL_Driver/Src/stm32f0xx_hal_exti.c **** 
 255:Drivers/STM32F0xx_HAL_Driver/Src/stm32f0xx_hal_exti.c ****   /* Compute line mask */
 256:Drivers/STM32F0xx_HAL_Driver/Src/stm32f0xx_hal_exti.c ****   linepos = (pExtiConfig->Line & EXTI_PIN_MASK);
 277              		.loc 1 256 3 is_stmt 1 view .LVU85
 278              		.loc 1 256 11 is_stmt 0 view .LVU86
 279 000e 1F24     		movs	r4, #31
 280 0010 0440     		ands	r4, r0
 281              	.LVL21:
 257:Drivers/STM32F0xx_HAL_Driver/Src/stm32f0xx_hal_exti.c ****   maskline = (1uL << linepos);
 282              		.loc 1 257 3 is_stmt 1 view .LVU87
 283              		.loc 1 257 12 is_stmt 0 view .LVU88
 284 0012 0123     		movs	r3, #1
 285 0014 A340     		lsls	r3, r3, r4
 286              	.LVL22:
 258:Drivers/STM32F0xx_HAL_Driver/Src/stm32f0xx_hal_exti.c **** 
ARM GAS  C:\Users\57298\AppData\Local\Temp\cc2c1w0c.s 			page 11


 259:Drivers/STM32F0xx_HAL_Driver/Src/stm32f0xx_hal_exti.c ****   /* 1] Get core mode : interrupt */
 260:Drivers/STM32F0xx_HAL_Driver/Src/stm32f0xx_hal_exti.c **** 
 261:Drivers/STM32F0xx_HAL_Driver/Src/stm32f0xx_hal_exti.c ****   /* Check if selected line is enable */
 262:Drivers/STM32F0xx_HAL_Driver/Src/stm32f0xx_hal_exti.c ****   if ((EXTI->IMR & maskline) != 0x00u)
 287              		.loc 1 262 3 is_stmt 1 view .LVU89
 288              		.loc 1 262 12 is_stmt 0 view .LVU90
 289 0016 204A     		ldr	r2, .L28
 290 0018 1268     		ldr	r2, [r2]
 291              		.loc 1 262 6 view .LVU91
 292 001a 1342     		tst	r3, r2
 293 001c 24D0     		beq	.L18
 263:Drivers/STM32F0xx_HAL_Driver/Src/stm32f0xx_hal_exti.c ****   {
 264:Drivers/STM32F0xx_HAL_Driver/Src/stm32f0xx_hal_exti.c ****     pExtiConfig->Mode = EXTI_MODE_INTERRUPT;
 294              		.loc 1 264 5 is_stmt 1 view .LVU92
 295              		.loc 1 264 23 is_stmt 0 view .LVU93
 296 001e 0122     		movs	r2, #1
 297 0020 4A60     		str	r2, [r1, #4]
 298              	.L19:
 265:Drivers/STM32F0xx_HAL_Driver/Src/stm32f0xx_hal_exti.c ****   }
 266:Drivers/STM32F0xx_HAL_Driver/Src/stm32f0xx_hal_exti.c ****   else
 267:Drivers/STM32F0xx_HAL_Driver/Src/stm32f0xx_hal_exti.c ****   {
 268:Drivers/STM32F0xx_HAL_Driver/Src/stm32f0xx_hal_exti.c ****     pExtiConfig->Mode = EXTI_MODE_NONE;
 269:Drivers/STM32F0xx_HAL_Driver/Src/stm32f0xx_hal_exti.c ****   }
 270:Drivers/STM32F0xx_HAL_Driver/Src/stm32f0xx_hal_exti.c **** 
 271:Drivers/STM32F0xx_HAL_Driver/Src/stm32f0xx_hal_exti.c ****   /* Get event mode */
 272:Drivers/STM32F0xx_HAL_Driver/Src/stm32f0xx_hal_exti.c ****   /* Check if selected line is enable */
 273:Drivers/STM32F0xx_HAL_Driver/Src/stm32f0xx_hal_exti.c ****   if ((EXTI->EMR & maskline) != 0x00u)
 299              		.loc 1 273 3 is_stmt 1 view .LVU94
 300              		.loc 1 273 12 is_stmt 0 view .LVU95
 301 0022 1D4A     		ldr	r2, .L28
 302 0024 5268     		ldr	r2, [r2, #4]
 303              		.loc 1 273 6 view .LVU96
 304 0026 1342     		tst	r3, r2
 305 0028 03D0     		beq	.L20
 274:Drivers/STM32F0xx_HAL_Driver/Src/stm32f0xx_hal_exti.c ****   {
 275:Drivers/STM32F0xx_HAL_Driver/Src/stm32f0xx_hal_exti.c ****     pExtiConfig->Mode |= EXTI_MODE_EVENT;
 306              		.loc 1 275 5 is_stmt 1 view .LVU97
 307              		.loc 1 275 23 is_stmt 0 view .LVU98
 308 002a 0222     		movs	r2, #2
 309 002c 4D68     		ldr	r5, [r1, #4]
 310 002e 2A43     		orrs	r2, r5
 311 0030 4A60     		str	r2, [r1, #4]
 312              	.L20:
 276:Drivers/STM32F0xx_HAL_Driver/Src/stm32f0xx_hal_exti.c ****   }
 277:Drivers/STM32F0xx_HAL_Driver/Src/stm32f0xx_hal_exti.c **** 
 278:Drivers/STM32F0xx_HAL_Driver/Src/stm32f0xx_hal_exti.c ****   /* Get default Trigger and GPIOSel configuration */
 279:Drivers/STM32F0xx_HAL_Driver/Src/stm32f0xx_hal_exti.c ****   pExtiConfig->Trigger = EXTI_TRIGGER_NONE;
 313              		.loc 1 279 3 is_stmt 1 view .LVU99
 314              		.loc 1 279 24 is_stmt 0 view .LVU100
 315 0032 0022     		movs	r2, #0
 316 0034 8A60     		str	r2, [r1, #8]
 280:Drivers/STM32F0xx_HAL_Driver/Src/stm32f0xx_hal_exti.c ****   pExtiConfig->GPIOSel = 0x00u;
 317              		.loc 1 280 3 is_stmt 1 view .LVU101
 318              		.loc 1 280 24 is_stmt 0 view .LVU102
 319 0036 CA60     		str	r2, [r1, #12]
 281:Drivers/STM32F0xx_HAL_Driver/Src/stm32f0xx_hal_exti.c **** 
 282:Drivers/STM32F0xx_HAL_Driver/Src/stm32f0xx_hal_exti.c ****   /* 2] Get trigger for configurable lines : rising */
ARM GAS  C:\Users\57298\AppData\Local\Temp\cc2c1w0c.s 			page 12


 283:Drivers/STM32F0xx_HAL_Driver/Src/stm32f0xx_hal_exti.c ****   if ((pExtiConfig->Line & EXTI_CONFIG) != 0x00u)
 320              		.loc 1 283 3 is_stmt 1 view .LVU103
 321              		.loc 1 283 6 is_stmt 0 view .LVU104
 322 0038 8201     		lsls	r2, r0, #6
 323 003a 2AD5     		bpl	.L25
 284:Drivers/STM32F0xx_HAL_Driver/Src/stm32f0xx_hal_exti.c ****   {
 285:Drivers/STM32F0xx_HAL_Driver/Src/stm32f0xx_hal_exti.c ****     /* Check if configuration of selected line is enable */
 286:Drivers/STM32F0xx_HAL_Driver/Src/stm32f0xx_hal_exti.c ****     if ((EXTI->RTSR & maskline) != 0x00u)
 324              		.loc 1 286 5 is_stmt 1 view .LVU105
 325              		.loc 1 286 14 is_stmt 0 view .LVU106
 326 003c 164A     		ldr	r2, .L28
 327 003e 9268     		ldr	r2, [r2, #8]
 328              		.loc 1 286 8 view .LVU107
 329 0040 1342     		tst	r3, r2
 330 0042 01D0     		beq	.L21
 287:Drivers/STM32F0xx_HAL_Driver/Src/stm32f0xx_hal_exti.c ****     {
 288:Drivers/STM32F0xx_HAL_Driver/Src/stm32f0xx_hal_exti.c ****       pExtiConfig->Trigger = EXTI_TRIGGER_RISING;
 331              		.loc 1 288 7 is_stmt 1 view .LVU108
 332              		.loc 1 288 28 is_stmt 0 view .LVU109
 333 0044 0122     		movs	r2, #1
 334 0046 8A60     		str	r2, [r1, #8]
 335              	.L21:
 289:Drivers/STM32F0xx_HAL_Driver/Src/stm32f0xx_hal_exti.c ****     }
 290:Drivers/STM32F0xx_HAL_Driver/Src/stm32f0xx_hal_exti.c **** 
 291:Drivers/STM32F0xx_HAL_Driver/Src/stm32f0xx_hal_exti.c ****     /* Get falling configuration */
 292:Drivers/STM32F0xx_HAL_Driver/Src/stm32f0xx_hal_exti.c ****     /* Check if configuration of selected line is enable */
 293:Drivers/STM32F0xx_HAL_Driver/Src/stm32f0xx_hal_exti.c ****     if ((EXTI->FTSR & maskline) != 0x00u)
 336              		.loc 1 293 5 is_stmt 1 view .LVU110
 337              		.loc 1 293 14 is_stmt 0 view .LVU111
 338 0048 134A     		ldr	r2, .L28
 339 004a D268     		ldr	r2, [r2, #12]
 340              		.loc 1 293 8 view .LVU112
 341 004c 1342     		tst	r3, r2
 342 004e 03D0     		beq	.L22
 294:Drivers/STM32F0xx_HAL_Driver/Src/stm32f0xx_hal_exti.c ****     {
 295:Drivers/STM32F0xx_HAL_Driver/Src/stm32f0xx_hal_exti.c ****       pExtiConfig->Trigger |= EXTI_TRIGGER_FALLING;
 343              		.loc 1 295 7 is_stmt 1 view .LVU113
 344              		.loc 1 295 28 is_stmt 0 view .LVU114
 345 0050 0223     		movs	r3, #2
 346              	.LVL23:
 347              		.loc 1 295 28 view .LVU115
 348 0052 8A68     		ldr	r2, [r1, #8]
 349 0054 1343     		orrs	r3, r2
 350 0056 8B60     		str	r3, [r1, #8]
 351              	.L22:
 296:Drivers/STM32F0xx_HAL_Driver/Src/stm32f0xx_hal_exti.c ****     }
 297:Drivers/STM32F0xx_HAL_Driver/Src/stm32f0xx_hal_exti.c **** 
 298:Drivers/STM32F0xx_HAL_Driver/Src/stm32f0xx_hal_exti.c ****     /* Get Gpio port selection for gpio lines */
 299:Drivers/STM32F0xx_HAL_Driver/Src/stm32f0xx_hal_exti.c ****     if ((pExtiConfig->Line & EXTI_GPIO) == EXTI_GPIO)
 352              		.loc 1 299 5 is_stmt 1 view .LVU116
 353              		.loc 1 299 28 is_stmt 0 view .LVU117
 354 0058 C023     		movs	r3, #192
 355 005a DB04     		lsls	r3, r3, #19
 356 005c 0200     		movs	r2, r0
 357 005e 1A40     		ands	r2, r3
 358              		.loc 1 299 8 view .LVU118
 359 0060 9A42     		cmp	r2, r3
ARM GAS  C:\Users\57298\AppData\Local\Temp\cc2c1w0c.s 			page 13


 360 0062 04D0     		beq	.L27
 300:Drivers/STM32F0xx_HAL_Driver/Src/stm32f0xx_hal_exti.c ****     {
 301:Drivers/STM32F0xx_HAL_Driver/Src/stm32f0xx_hal_exti.c ****       assert_param(IS_EXTI_GPIO_PIN(linepos));
 302:Drivers/STM32F0xx_HAL_Driver/Src/stm32f0xx_hal_exti.c **** 
 303:Drivers/STM32F0xx_HAL_Driver/Src/stm32f0xx_hal_exti.c ****       regval = SYSCFG->EXTICR[linepos >> 2u];
 304:Drivers/STM32F0xx_HAL_Driver/Src/stm32f0xx_hal_exti.c ****       pExtiConfig->GPIOSel = (regval >> (SYSCFG_EXTICR1_EXTI1_Pos * (linepos & 0x03u))) & SYSCFG_EX
 305:Drivers/STM32F0xx_HAL_Driver/Src/stm32f0xx_hal_exti.c ****     }
 306:Drivers/STM32F0xx_HAL_Driver/Src/stm32f0xx_hal_exti.c ****   }
 307:Drivers/STM32F0xx_HAL_Driver/Src/stm32f0xx_hal_exti.c **** 
 308:Drivers/STM32F0xx_HAL_Driver/Src/stm32f0xx_hal_exti.c ****   return HAL_OK;
 361              		.loc 1 308 10 view .LVU119
 362 0064 0020     		movs	r0, #0
 363 0066 15E0     		b	.L17
 364              	.LVL24:
 365              	.L18:
 268:Drivers/STM32F0xx_HAL_Driver/Src/stm32f0xx_hal_exti.c ****   }
 366              		.loc 1 268 5 is_stmt 1 view .LVU120
 268:Drivers/STM32F0xx_HAL_Driver/Src/stm32f0xx_hal_exti.c ****   }
 367              		.loc 1 268 23 is_stmt 0 view .LVU121
 368 0068 0022     		movs	r2, #0
 369 006a 4A60     		str	r2, [r1, #4]
 370 006c D9E7     		b	.L19
 371              	.LVL25:
 372              	.L27:
 301:Drivers/STM32F0xx_HAL_Driver/Src/stm32f0xx_hal_exti.c **** 
 373              		.loc 1 301 7 is_stmt 1 view .LVU122
 303:Drivers/STM32F0xx_HAL_Driver/Src/stm32f0xx_hal_exti.c ****       pExtiConfig->GPIOSel = (regval >> (SYSCFG_EXTICR1_EXTI1_Pos * (linepos & 0x03u))) & SYSCFG_EX
 374              		.loc 1 303 7 view .LVU123
 303:Drivers/STM32F0xx_HAL_Driver/Src/stm32f0xx_hal_exti.c ****       pExtiConfig->GPIOSel = (regval >> (SYSCFG_EXTICR1_EXTI1_Pos * (linepos & 0x03u))) & SYSCFG_EX
 375              		.loc 1 303 39 is_stmt 0 view .LVU124
 376 006e A308     		lsrs	r3, r4, #2
 303:Drivers/STM32F0xx_HAL_Driver/Src/stm32f0xx_hal_exti.c ****       pExtiConfig->GPIOSel = (regval >> (SYSCFG_EXTICR1_EXTI1_Pos * (linepos & 0x03u))) & SYSCFG_EX
 377              		.loc 1 303 14 view .LVU125
 378 0070 0233     		adds	r3, r3, #2
 379 0072 9B00     		lsls	r3, r3, #2
 380 0074 094A     		ldr	r2, .L28+4
 381 0076 9A58     		ldr	r2, [r3, r2]
 382              	.LVL26:
 304:Drivers/STM32F0xx_HAL_Driver/Src/stm32f0xx_hal_exti.c ****     }
 383              		.loc 1 304 7 is_stmt 1 view .LVU126
 304:Drivers/STM32F0xx_HAL_Driver/Src/stm32f0xx_hal_exti.c ****     }
 384              		.loc 1 304 78 is_stmt 0 view .LVU127
 385 0078 0323     		movs	r3, #3
 386 007a 1840     		ands	r0, r3
 304:Drivers/STM32F0xx_HAL_Driver/Src/stm32f0xx_hal_exti.c ****     }
 387              		.loc 1 304 67 view .LVU128
 388 007c 8000     		lsls	r0, r0, #2
 304:Drivers/STM32F0xx_HAL_Driver/Src/stm32f0xx_hal_exti.c ****     }
 389              		.loc 1 304 38 view .LVU129
 390 007e C240     		lsrs	r2, r2, r0
 391              	.LVL27:
 304:Drivers/STM32F0xx_HAL_Driver/Src/stm32f0xx_hal_exti.c ****     }
 392              		.loc 1 304 89 view .LVU130
 393 0080 0C33     		adds	r3, r3, #12
 394 0082 1340     		ands	r3, r2
 304:Drivers/STM32F0xx_HAL_Driver/Src/stm32f0xx_hal_exti.c ****     }
 395              		.loc 1 304 28 view .LVU131
ARM GAS  C:\Users\57298\AppData\Local\Temp\cc2c1w0c.s 			page 14


 396 0084 CB60     		str	r3, [r1, #12]
 397              		.loc 1 308 10 view .LVU132
 398 0086 0020     		movs	r0, #0
 399 0088 04E0     		b	.L17
 400              	.LVL28:
 401              	.L23:
 246:Drivers/STM32F0xx_HAL_Driver/Src/stm32f0xx_hal_exti.c ****   }
 402              		.loc 1 246 12 view .LVU133
 403 008a 0120     		movs	r0, #1
 404              	.LVL29:
 246:Drivers/STM32F0xx_HAL_Driver/Src/stm32f0xx_hal_exti.c ****   }
 405              		.loc 1 246 12 view .LVU134
 406 008c 02E0     		b	.L17
 407              	.LVL30:
 408              	.L24:
 246:Drivers/STM32F0xx_HAL_Driver/Src/stm32f0xx_hal_exti.c ****   }
 409              		.loc 1 246 12 view .LVU135
 410 008e 0120     		movs	r0, #1
 411              	.LVL31:
 246:Drivers/STM32F0xx_HAL_Driver/Src/stm32f0xx_hal_exti.c ****   }
 412              		.loc 1 246 12 view .LVU136
 413 0090 00E0     		b	.L17
 414              	.LVL32:
 415              	.L25:
 416              		.loc 1 308 10 view .LVU137
 417 0092 0020     		movs	r0, #0
 418              	.LVL33:
 419              	.L17:
 309:Drivers/STM32F0xx_HAL_Driver/Src/stm32f0xx_hal_exti.c **** }
 420              		.loc 1 309 1 view .LVU138
 421              		@ sp needed
 422 0094 30BD     		pop	{r4, r5, pc}
 423              	.L29:
 424 0096 C046     		.align	2
 425              	.L28:
 426 0098 00040140 		.word	1073808384
 427 009c 00000140 		.word	1073807360
 428              		.cfi_endproc
 429              	.LFE41:
 431              		.section	.text.HAL_EXTI_ClearConfigLine,"ax",%progbits
 432              		.align	1
 433              		.global	HAL_EXTI_ClearConfigLine
 434              		.syntax unified
 435              		.code	16
 436              		.thumb_func
 438              	HAL_EXTI_ClearConfigLine:
 439              	.LVL34:
 440              	.LFB42:
 310:Drivers/STM32F0xx_HAL_Driver/Src/stm32f0xx_hal_exti.c **** 
 311:Drivers/STM32F0xx_HAL_Driver/Src/stm32f0xx_hal_exti.c **** /**
 312:Drivers/STM32F0xx_HAL_Driver/Src/stm32f0xx_hal_exti.c ****   * @brief  Clear whole configuration of a dedicated Exti line.
 313:Drivers/STM32F0xx_HAL_Driver/Src/stm32f0xx_hal_exti.c ****   * @param  hexti Exti handle.
 314:Drivers/STM32F0xx_HAL_Driver/Src/stm32f0xx_hal_exti.c ****   * @retval HAL Status.
 315:Drivers/STM32F0xx_HAL_Driver/Src/stm32f0xx_hal_exti.c ****   */
 316:Drivers/STM32F0xx_HAL_Driver/Src/stm32f0xx_hal_exti.c **** HAL_StatusTypeDef HAL_EXTI_ClearConfigLine(EXTI_HandleTypeDef *hexti)
 317:Drivers/STM32F0xx_HAL_Driver/Src/stm32f0xx_hal_exti.c **** {
 441              		.loc 1 317 1 is_stmt 1 view -0
ARM GAS  C:\Users\57298\AppData\Local\Temp\cc2c1w0c.s 			page 15


 442              		.cfi_startproc
 443              		@ args = 0, pretend = 0, frame = 0
 444              		@ frame_needed = 0, uses_anonymous_args = 0
 445              		.loc 1 317 1 is_stmt 0 view .LVU140
 446 0000 70B5     		push	{r4, r5, r6, lr}
 447              	.LCFI2:
 448              		.cfi_def_cfa_offset 16
 449              		.cfi_offset 4, -16
 450              		.cfi_offset 5, -12
 451              		.cfi_offset 6, -8
 452              		.cfi_offset 14, -4
 318:Drivers/STM32F0xx_HAL_Driver/Src/stm32f0xx_hal_exti.c ****   uint32_t regval;
 453              		.loc 1 318 3 is_stmt 1 view .LVU141
 319:Drivers/STM32F0xx_HAL_Driver/Src/stm32f0xx_hal_exti.c ****   uint32_t linepos;
 454              		.loc 1 319 3 view .LVU142
 320:Drivers/STM32F0xx_HAL_Driver/Src/stm32f0xx_hal_exti.c ****   uint32_t maskline;
 455              		.loc 1 320 3 view .LVU143
 321:Drivers/STM32F0xx_HAL_Driver/Src/stm32f0xx_hal_exti.c **** 
 322:Drivers/STM32F0xx_HAL_Driver/Src/stm32f0xx_hal_exti.c ****   /* Check null pointer */
 323:Drivers/STM32F0xx_HAL_Driver/Src/stm32f0xx_hal_exti.c ****   if (hexti == NULL)
 456              		.loc 1 323 3 view .LVU144
 457              		.loc 1 323 6 is_stmt 0 view .LVU145
 458 0002 0028     		cmp	r0, #0
 459 0004 2BD0     		beq	.L32
 324:Drivers/STM32F0xx_HAL_Driver/Src/stm32f0xx_hal_exti.c ****   {
 325:Drivers/STM32F0xx_HAL_Driver/Src/stm32f0xx_hal_exti.c ****     return HAL_ERROR;
 326:Drivers/STM32F0xx_HAL_Driver/Src/stm32f0xx_hal_exti.c ****   }
 327:Drivers/STM32F0xx_HAL_Driver/Src/stm32f0xx_hal_exti.c **** 
 328:Drivers/STM32F0xx_HAL_Driver/Src/stm32f0xx_hal_exti.c ****   /* Check the parameter */
 329:Drivers/STM32F0xx_HAL_Driver/Src/stm32f0xx_hal_exti.c ****   assert_param(IS_EXTI_LINE(hexti->Line));
 460              		.loc 1 329 3 is_stmt 1 view .LVU146
 330:Drivers/STM32F0xx_HAL_Driver/Src/stm32f0xx_hal_exti.c **** 
 331:Drivers/STM32F0xx_HAL_Driver/Src/stm32f0xx_hal_exti.c ****   /* compute line mask */
 332:Drivers/STM32F0xx_HAL_Driver/Src/stm32f0xx_hal_exti.c ****   linepos = (hexti->Line & EXTI_PIN_MASK);
 461              		.loc 1 332 3 view .LVU147
 462              		.loc 1 332 19 is_stmt 0 view .LVU148
 463 0006 0468     		ldr	r4, [r0]
 464              		.loc 1 332 11 view .LVU149
 465 0008 1F25     		movs	r5, #31
 466 000a 2540     		ands	r5, r4
 467              	.LVL35:
 333:Drivers/STM32F0xx_HAL_Driver/Src/stm32f0xx_hal_exti.c ****   maskline = (1uL << linepos);
 468              		.loc 1 333 3 is_stmt 1 view .LVU150
 469              		.loc 1 333 12 is_stmt 0 view .LVU151
 470 000c 0123     		movs	r3, #1
 471 000e AB40     		lsls	r3, r3, r5
 472              	.LVL36:
 334:Drivers/STM32F0xx_HAL_Driver/Src/stm32f0xx_hal_exti.c **** 
 335:Drivers/STM32F0xx_HAL_Driver/Src/stm32f0xx_hal_exti.c ****   /* 1] Clear interrupt mode */
 336:Drivers/STM32F0xx_HAL_Driver/Src/stm32f0xx_hal_exti.c ****   EXTI->IMR = (EXTI->IMR & ~maskline);
 473              		.loc 1 336 3 is_stmt 1 view .LVU152
 474              		.loc 1 336 20 is_stmt 0 view .LVU153
 475 0010 154A     		ldr	r2, .L36
 476 0012 1168     		ldr	r1, [r2]
 477              		.loc 1 336 28 view .LVU154
 478 0014 DE43     		mvns	r6, r3
 479              		.loc 1 336 26 view .LVU155
ARM GAS  C:\Users\57298\AppData\Local\Temp\cc2c1w0c.s 			page 16


 480 0016 9943     		bics	r1, r3
 481              		.loc 1 336 13 view .LVU156
 482 0018 1160     		str	r1, [r2]
 337:Drivers/STM32F0xx_HAL_Driver/Src/stm32f0xx_hal_exti.c **** 
 338:Drivers/STM32F0xx_HAL_Driver/Src/stm32f0xx_hal_exti.c ****   /* 2] Clear event mode */
 339:Drivers/STM32F0xx_HAL_Driver/Src/stm32f0xx_hal_exti.c ****   EXTI->EMR = (EXTI->EMR & ~maskline);
 483              		.loc 1 339 3 is_stmt 1 view .LVU157
 484              		.loc 1 339 20 is_stmt 0 view .LVU158
 485 001a 5168     		ldr	r1, [r2, #4]
 486              		.loc 1 339 26 view .LVU159
 487 001c 9943     		bics	r1, r3
 488              		.loc 1 339 13 view .LVU160
 489 001e 5160     		str	r1, [r2, #4]
 340:Drivers/STM32F0xx_HAL_Driver/Src/stm32f0xx_hal_exti.c **** 
 341:Drivers/STM32F0xx_HAL_Driver/Src/stm32f0xx_hal_exti.c ****   /* 3] Clear triggers in case of configurable lines */
 342:Drivers/STM32F0xx_HAL_Driver/Src/stm32f0xx_hal_exti.c ****   if ((hexti->Line & EXTI_CONFIG) != 0x00u)
 490              		.loc 1 342 3 is_stmt 1 view .LVU161
 491              		.loc 1 342 6 is_stmt 0 view .LVU162
 492 0020 0368     		ldr	r3, [r0]
 493              	.LVL37:
 494              		.loc 1 342 6 view .LVU163
 495 0022 9B01     		lsls	r3, r3, #6
 496 0024 1DD5     		bpl	.L33
 343:Drivers/STM32F0xx_HAL_Driver/Src/stm32f0xx_hal_exti.c ****   {
 344:Drivers/STM32F0xx_HAL_Driver/Src/stm32f0xx_hal_exti.c ****     EXTI->RTSR = (EXTI->RTSR & ~maskline);
 497              		.loc 1 344 5 is_stmt 1 view .LVU164
 498              		.loc 1 344 23 is_stmt 0 view .LVU165
 499 0026 9368     		ldr	r3, [r2, #8]
 500              		.loc 1 344 30 view .LVU166
 501 0028 3340     		ands	r3, r6
 502              		.loc 1 344 16 view .LVU167
 503 002a 9360     		str	r3, [r2, #8]
 345:Drivers/STM32F0xx_HAL_Driver/Src/stm32f0xx_hal_exti.c ****     EXTI->FTSR = (EXTI->FTSR & ~maskline);
 504              		.loc 1 345 5 is_stmt 1 view .LVU168
 505              		.loc 1 345 23 is_stmt 0 view .LVU169
 506 002c D368     		ldr	r3, [r2, #12]
 507              		.loc 1 345 30 view .LVU170
 508 002e 1E40     		ands	r6, r3
 509              	.LVL38:
 510              		.loc 1 345 16 view .LVU171
 511 0030 D660     		str	r6, [r2, #12]
 346:Drivers/STM32F0xx_HAL_Driver/Src/stm32f0xx_hal_exti.c **** 
 347:Drivers/STM32F0xx_HAL_Driver/Src/stm32f0xx_hal_exti.c ****     /* Get Gpio port selection for gpio lines */
 348:Drivers/STM32F0xx_HAL_Driver/Src/stm32f0xx_hal_exti.c ****     if ((hexti->Line & EXTI_GPIO) == EXTI_GPIO)
 512              		.loc 1 348 5 is_stmt 1 view .LVU172
 513              		.loc 1 348 15 is_stmt 0 view .LVU173
 514 0032 0368     		ldr	r3, [r0]
 515              		.loc 1 348 22 view .LVU174
 516 0034 C022     		movs	r2, #192
 517 0036 D204     		lsls	r2, r2, #19
 518 0038 1340     		ands	r3, r2
 519              		.loc 1 348 8 view .LVU175
 520 003a 9342     		cmp	r3, r2
 521 003c 01D0     		beq	.L35
 349:Drivers/STM32F0xx_HAL_Driver/Src/stm32f0xx_hal_exti.c ****     {
 350:Drivers/STM32F0xx_HAL_Driver/Src/stm32f0xx_hal_exti.c ****       assert_param(IS_EXTI_GPIO_PIN(linepos));
 351:Drivers/STM32F0xx_HAL_Driver/Src/stm32f0xx_hal_exti.c **** 
ARM GAS  C:\Users\57298\AppData\Local\Temp\cc2c1w0c.s 			page 17


 352:Drivers/STM32F0xx_HAL_Driver/Src/stm32f0xx_hal_exti.c ****       regval = SYSCFG->EXTICR[linepos >> 2u];
 353:Drivers/STM32F0xx_HAL_Driver/Src/stm32f0xx_hal_exti.c ****       regval &= ~(SYSCFG_EXTICR1_EXTI0 << (SYSCFG_EXTICR1_EXTI1_Pos * (linepos & 0x03u)));
 354:Drivers/STM32F0xx_HAL_Driver/Src/stm32f0xx_hal_exti.c ****       SYSCFG->EXTICR[linepos >> 2u] = regval;
 355:Drivers/STM32F0xx_HAL_Driver/Src/stm32f0xx_hal_exti.c ****     }
 356:Drivers/STM32F0xx_HAL_Driver/Src/stm32f0xx_hal_exti.c ****   }
 357:Drivers/STM32F0xx_HAL_Driver/Src/stm32f0xx_hal_exti.c **** 
 358:Drivers/STM32F0xx_HAL_Driver/Src/stm32f0xx_hal_exti.c ****   return HAL_OK;
 522              		.loc 1 358 10 view .LVU176
 523 003e 0020     		movs	r0, #0
 524              	.LVL39:
 525              		.loc 1 358 10 view .LVU177
 526 0040 10E0     		b	.L31
 527              	.LVL40:
 528              	.L35:
 350:Drivers/STM32F0xx_HAL_Driver/Src/stm32f0xx_hal_exti.c **** 
 529              		.loc 1 350 7 is_stmt 1 view .LVU178
 352:Drivers/STM32F0xx_HAL_Driver/Src/stm32f0xx_hal_exti.c ****       regval &= ~(SYSCFG_EXTICR1_EXTI0 << (SYSCFG_EXTICR1_EXTI1_Pos * (linepos & 0x03u)));
 530              		.loc 1 352 7 view .LVU179
 352:Drivers/STM32F0xx_HAL_Driver/Src/stm32f0xx_hal_exti.c ****       regval &= ~(SYSCFG_EXTICR1_EXTI0 << (SYSCFG_EXTICR1_EXTI1_Pos * (linepos & 0x03u)));
 531              		.loc 1 352 39 is_stmt 0 view .LVU180
 532 0042 AB08     		lsrs	r3, r5, #2
 352:Drivers/STM32F0xx_HAL_Driver/Src/stm32f0xx_hal_exti.c ****       regval &= ~(SYSCFG_EXTICR1_EXTI0 << (SYSCFG_EXTICR1_EXTI1_Pos * (linepos & 0x03u)));
 533              		.loc 1 352 14 view .LVU181
 534 0044 0948     		ldr	r0, .L36+4
 535              	.LVL41:
 352:Drivers/STM32F0xx_HAL_Driver/Src/stm32f0xx_hal_exti.c ****       regval &= ~(SYSCFG_EXTICR1_EXTI0 << (SYSCFG_EXTICR1_EXTI1_Pos * (linepos & 0x03u)));
 536              		.loc 1 352 14 view .LVU182
 537 0046 0233     		adds	r3, r3, #2
 538 0048 9B00     		lsls	r3, r3, #2
 539 004a 1958     		ldr	r1, [r3, r0]
 540              	.LVL42:
 353:Drivers/STM32F0xx_HAL_Driver/Src/stm32f0xx_hal_exti.c ****       SYSCFG->EXTICR[linepos >> 2u] = regval;
 541              		.loc 1 353 7 is_stmt 1 view .LVU183
 353:Drivers/STM32F0xx_HAL_Driver/Src/stm32f0xx_hal_exti.c ****       SYSCFG->EXTICR[linepos >> 2u] = regval;
 542              		.loc 1 353 80 is_stmt 0 view .LVU184
 543 004c 0322     		movs	r2, #3
 544 004e 1440     		ands	r4, r2
 353:Drivers/STM32F0xx_HAL_Driver/Src/stm32f0xx_hal_exti.c ****       SYSCFG->EXTICR[linepos >> 2u] = regval;
 545              		.loc 1 353 69 view .LVU185
 546 0050 A400     		lsls	r4, r4, #2
 353:Drivers/STM32F0xx_HAL_Driver/Src/stm32f0xx_hal_exti.c ****       SYSCFG->EXTICR[linepos >> 2u] = regval;
 547              		.loc 1 353 40 view .LVU186
 548 0052 0C32     		adds	r2, r2, #12
 549 0054 A240     		lsls	r2, r2, r4
 353:Drivers/STM32F0xx_HAL_Driver/Src/stm32f0xx_hal_exti.c ****       SYSCFG->EXTICR[linepos >> 2u] = regval;
 550              		.loc 1 353 14 view .LVU187
 551 0056 9143     		bics	r1, r2
 552              	.LVL43:
 354:Drivers/STM32F0xx_HAL_Driver/Src/stm32f0xx_hal_exti.c ****     }
 553              		.loc 1 354 7 is_stmt 1 view .LVU188
 354:Drivers/STM32F0xx_HAL_Driver/Src/stm32f0xx_hal_exti.c ****     }
 554              		.loc 1 354 37 is_stmt 0 view .LVU189
 555 0058 1950     		str	r1, [r3, r0]
 556              		.loc 1 358 10 view .LVU190
 557 005a 0020     		movs	r0, #0
 558 005c 02E0     		b	.L31
 559              	.LVL44:
ARM GAS  C:\Users\57298\AppData\Local\Temp\cc2c1w0c.s 			page 18


 560              	.L32:
 325:Drivers/STM32F0xx_HAL_Driver/Src/stm32f0xx_hal_exti.c ****   }
 561              		.loc 1 325 12 view .LVU191
 562 005e 0120     		movs	r0, #1
 563              	.LVL45:
 325:Drivers/STM32F0xx_HAL_Driver/Src/stm32f0xx_hal_exti.c ****   }
 564              		.loc 1 325 12 view .LVU192
 565 0060 00E0     		b	.L31
 566              	.LVL46:
 567              	.L33:
 568              		.loc 1 358 10 view .LVU193
 569 0062 0020     		movs	r0, #0
 570              	.LVL47:
 571              	.L31:
 359:Drivers/STM32F0xx_HAL_Driver/Src/stm32f0xx_hal_exti.c **** }
 572              		.loc 1 359 1 view .LVU194
 573              		@ sp needed
 574 0064 70BD     		pop	{r4, r5, r6, pc}
 575              	.L37:
 576 0066 C046     		.align	2
 577              	.L36:
 578 0068 00040140 		.word	1073808384
 579 006c 00000140 		.word	1073807360
 580              		.cfi_endproc
 581              	.LFE42:
 583              		.section	.text.HAL_EXTI_RegisterCallback,"ax",%progbits
 584              		.align	1
 585              		.global	HAL_EXTI_RegisterCallback
 586              		.syntax unified
 587              		.code	16
 588              		.thumb_func
 590              	HAL_EXTI_RegisterCallback:
 591              	.LVL48:
 592              	.LFB43:
 360:Drivers/STM32F0xx_HAL_Driver/Src/stm32f0xx_hal_exti.c **** 
 361:Drivers/STM32F0xx_HAL_Driver/Src/stm32f0xx_hal_exti.c **** /**
 362:Drivers/STM32F0xx_HAL_Driver/Src/stm32f0xx_hal_exti.c ****   * @brief  Register callback for a dedicated Exti line.
 363:Drivers/STM32F0xx_HAL_Driver/Src/stm32f0xx_hal_exti.c ****   * @param  hexti Exti handle.
 364:Drivers/STM32F0xx_HAL_Driver/Src/stm32f0xx_hal_exti.c ****   * @param  CallbackID User callback identifier.
 365:Drivers/STM32F0xx_HAL_Driver/Src/stm32f0xx_hal_exti.c ****   *         This parameter can be one of @arg @ref EXTI_CallbackIDTypeDef values.
 366:Drivers/STM32F0xx_HAL_Driver/Src/stm32f0xx_hal_exti.c ****   * @param  pPendingCbfn function pointer to be stored as callback.
 367:Drivers/STM32F0xx_HAL_Driver/Src/stm32f0xx_hal_exti.c ****   * @retval HAL Status.
 368:Drivers/STM32F0xx_HAL_Driver/Src/stm32f0xx_hal_exti.c ****   */
 369:Drivers/STM32F0xx_HAL_Driver/Src/stm32f0xx_hal_exti.c **** HAL_StatusTypeDef HAL_EXTI_RegisterCallback(EXTI_HandleTypeDef *hexti, EXTI_CallbackIDTypeDef Callb
 370:Drivers/STM32F0xx_HAL_Driver/Src/stm32f0xx_hal_exti.c **** {
 593              		.loc 1 370 1 is_stmt 1 view -0
 594              		.cfi_startproc
 595              		@ args = 0, pretend = 0, frame = 0
 596              		@ frame_needed = 0, uses_anonymous_args = 0
 597              		@ link register save eliminated.
 371:Drivers/STM32F0xx_HAL_Driver/Src/stm32f0xx_hal_exti.c ****   HAL_StatusTypeDef status = HAL_OK;
 598              		.loc 1 371 3 view .LVU196
 372:Drivers/STM32F0xx_HAL_Driver/Src/stm32f0xx_hal_exti.c **** 
 373:Drivers/STM32F0xx_HAL_Driver/Src/stm32f0xx_hal_exti.c ****   switch (CallbackID)
 599              		.loc 1 373 3 view .LVU197
 600 0000 0029     		cmp	r1, #0
 601 0002 02D1     		bne	.L40
ARM GAS  C:\Users\57298\AppData\Local\Temp\cc2c1w0c.s 			page 19


 374:Drivers/STM32F0xx_HAL_Driver/Src/stm32f0xx_hal_exti.c ****   {
 375:Drivers/STM32F0xx_HAL_Driver/Src/stm32f0xx_hal_exti.c ****     case  HAL_EXTI_COMMON_CB_ID:
 376:Drivers/STM32F0xx_HAL_Driver/Src/stm32f0xx_hal_exti.c ****       hexti->PendingCallback = pPendingCbfn;
 602              		.loc 1 376 7 view .LVU198
 603              		.loc 1 376 30 is_stmt 0 view .LVU199
 604 0004 4260     		str	r2, [r0, #4]
 377:Drivers/STM32F0xx_HAL_Driver/Src/stm32f0xx_hal_exti.c ****       break;
 605              		.loc 1 377 7 is_stmt 1 view .LVU200
 371:Drivers/STM32F0xx_HAL_Driver/Src/stm32f0xx_hal_exti.c **** 
 606              		.loc 1 371 21 is_stmt 0 view .LVU201
 607 0006 0800     		movs	r0, r1
 608              	.LVL49:
 609              	.L39:
 378:Drivers/STM32F0xx_HAL_Driver/Src/stm32f0xx_hal_exti.c **** 
 379:Drivers/STM32F0xx_HAL_Driver/Src/stm32f0xx_hal_exti.c ****     default:
 380:Drivers/STM32F0xx_HAL_Driver/Src/stm32f0xx_hal_exti.c ****       status = HAL_ERROR;
 381:Drivers/STM32F0xx_HAL_Driver/Src/stm32f0xx_hal_exti.c ****       break;
 382:Drivers/STM32F0xx_HAL_Driver/Src/stm32f0xx_hal_exti.c ****   }
 383:Drivers/STM32F0xx_HAL_Driver/Src/stm32f0xx_hal_exti.c **** 
 384:Drivers/STM32F0xx_HAL_Driver/Src/stm32f0xx_hal_exti.c ****   return status;
 610              		.loc 1 384 3 is_stmt 1 view .LVU202
 385:Drivers/STM32F0xx_HAL_Driver/Src/stm32f0xx_hal_exti.c **** }
 611              		.loc 1 385 1 is_stmt 0 view .LVU203
 612              		@ sp needed
 613 0008 7047     		bx	lr
 614              	.LVL50:
 615              	.L40:
 380:Drivers/STM32F0xx_HAL_Driver/Src/stm32f0xx_hal_exti.c ****       break;
 616              		.loc 1 380 14 view .LVU204
 617 000a 0120     		movs	r0, #1
 618              	.LVL51:
 380:Drivers/STM32F0xx_HAL_Driver/Src/stm32f0xx_hal_exti.c ****       break;
 619              		.loc 1 380 14 view .LVU205
 620 000c FCE7     		b	.L39
 621              		.cfi_endproc
 622              	.LFE43:
 624              		.section	.text.HAL_EXTI_GetHandle,"ax",%progbits
 625              		.align	1
 626              		.global	HAL_EXTI_GetHandle
 627              		.syntax unified
 628              		.code	16
 629              		.thumb_func
 631              	HAL_EXTI_GetHandle:
 632              	.LVL52:
 633              	.LFB44:
 386:Drivers/STM32F0xx_HAL_Driver/Src/stm32f0xx_hal_exti.c **** 
 387:Drivers/STM32F0xx_HAL_Driver/Src/stm32f0xx_hal_exti.c **** /**
 388:Drivers/STM32F0xx_HAL_Driver/Src/stm32f0xx_hal_exti.c ****   * @brief  Store line number as handle private field.
 389:Drivers/STM32F0xx_HAL_Driver/Src/stm32f0xx_hal_exti.c ****   * @param  hexti Exti handle.
 390:Drivers/STM32F0xx_HAL_Driver/Src/stm32f0xx_hal_exti.c ****   * @param  ExtiLine Exti line number.
 391:Drivers/STM32F0xx_HAL_Driver/Src/stm32f0xx_hal_exti.c ****   *         This parameter can be from 0 to @ref EXTI_LINE_NB.
 392:Drivers/STM32F0xx_HAL_Driver/Src/stm32f0xx_hal_exti.c ****   * @retval HAL Status.
 393:Drivers/STM32F0xx_HAL_Driver/Src/stm32f0xx_hal_exti.c ****   */
 394:Drivers/STM32F0xx_HAL_Driver/Src/stm32f0xx_hal_exti.c **** HAL_StatusTypeDef HAL_EXTI_GetHandle(EXTI_HandleTypeDef *hexti, uint32_t ExtiLine)
 395:Drivers/STM32F0xx_HAL_Driver/Src/stm32f0xx_hal_exti.c **** {
 634              		.loc 1 395 1 is_stmt 1 view -0
 635              		.cfi_startproc
ARM GAS  C:\Users\57298\AppData\Local\Temp\cc2c1w0c.s 			page 20


 636              		@ args = 0, pretend = 0, frame = 0
 637              		@ frame_needed = 0, uses_anonymous_args = 0
 638              		@ link register save eliminated.
 396:Drivers/STM32F0xx_HAL_Driver/Src/stm32f0xx_hal_exti.c ****   /* Check the parameters */
 397:Drivers/STM32F0xx_HAL_Driver/Src/stm32f0xx_hal_exti.c ****   assert_param(IS_EXTI_LINE(ExtiLine));
 639              		.loc 1 397 3 view .LVU207
 398:Drivers/STM32F0xx_HAL_Driver/Src/stm32f0xx_hal_exti.c **** 
 399:Drivers/STM32F0xx_HAL_Driver/Src/stm32f0xx_hal_exti.c ****   /* Check null pointer */
 400:Drivers/STM32F0xx_HAL_Driver/Src/stm32f0xx_hal_exti.c ****   if (hexti == NULL)
 640              		.loc 1 400 3 view .LVU208
 641              		.loc 1 400 6 is_stmt 0 view .LVU209
 642 0000 0028     		cmp	r0, #0
 643 0002 02D0     		beq	.L43
 401:Drivers/STM32F0xx_HAL_Driver/Src/stm32f0xx_hal_exti.c ****   {
 402:Drivers/STM32F0xx_HAL_Driver/Src/stm32f0xx_hal_exti.c ****     return HAL_ERROR;
 403:Drivers/STM32F0xx_HAL_Driver/Src/stm32f0xx_hal_exti.c ****   }
 404:Drivers/STM32F0xx_HAL_Driver/Src/stm32f0xx_hal_exti.c ****   else
 405:Drivers/STM32F0xx_HAL_Driver/Src/stm32f0xx_hal_exti.c ****   {
 406:Drivers/STM32F0xx_HAL_Driver/Src/stm32f0xx_hal_exti.c ****     /* Store line number as handle private field */
 407:Drivers/STM32F0xx_HAL_Driver/Src/stm32f0xx_hal_exti.c ****     hexti->Line = ExtiLine;
 644              		.loc 1 407 5 is_stmt 1 view .LVU210
 645              		.loc 1 407 17 is_stmt 0 view .LVU211
 646 0004 0160     		str	r1, [r0]
 408:Drivers/STM32F0xx_HAL_Driver/Src/stm32f0xx_hal_exti.c **** 
 409:Drivers/STM32F0xx_HAL_Driver/Src/stm32f0xx_hal_exti.c ****     return HAL_OK;
 647              		.loc 1 409 5 is_stmt 1 view .LVU212
 648              		.loc 1 409 12 is_stmt 0 view .LVU213
 649 0006 0020     		movs	r0, #0
 650              	.LVL53:
 651              	.L42:
 410:Drivers/STM32F0xx_HAL_Driver/Src/stm32f0xx_hal_exti.c ****   }
 411:Drivers/STM32F0xx_HAL_Driver/Src/stm32f0xx_hal_exti.c **** }
 652              		.loc 1 411 1 view .LVU214
 653              		@ sp needed
 654 0008 7047     		bx	lr
 655              	.LVL54:
 656              	.L43:
 402:Drivers/STM32F0xx_HAL_Driver/Src/stm32f0xx_hal_exti.c ****   }
 657              		.loc 1 402 12 view .LVU215
 658 000a 0120     		movs	r0, #1
 659              	.LVL55:
 402:Drivers/STM32F0xx_HAL_Driver/Src/stm32f0xx_hal_exti.c ****   }
 660              		.loc 1 402 12 view .LVU216
 661 000c FCE7     		b	.L42
 662              		.cfi_endproc
 663              	.LFE44:
 665              		.section	.text.HAL_EXTI_IRQHandler,"ax",%progbits
 666              		.align	1
 667              		.global	HAL_EXTI_IRQHandler
 668              		.syntax unified
 669              		.code	16
 670              		.thumb_func
 672              	HAL_EXTI_IRQHandler:
 673              	.LVL56:
 674              	.LFB45:
 412:Drivers/STM32F0xx_HAL_Driver/Src/stm32f0xx_hal_exti.c **** 
 413:Drivers/STM32F0xx_HAL_Driver/Src/stm32f0xx_hal_exti.c **** /**
ARM GAS  C:\Users\57298\AppData\Local\Temp\cc2c1w0c.s 			page 21


 414:Drivers/STM32F0xx_HAL_Driver/Src/stm32f0xx_hal_exti.c ****   * @}
 415:Drivers/STM32F0xx_HAL_Driver/Src/stm32f0xx_hal_exti.c ****   */
 416:Drivers/STM32F0xx_HAL_Driver/Src/stm32f0xx_hal_exti.c **** 
 417:Drivers/STM32F0xx_HAL_Driver/Src/stm32f0xx_hal_exti.c **** /** @addtogroup EXTI_Exported_Functions_Group2
 418:Drivers/STM32F0xx_HAL_Driver/Src/stm32f0xx_hal_exti.c ****   *  @brief EXTI IO functions.
 419:Drivers/STM32F0xx_HAL_Driver/Src/stm32f0xx_hal_exti.c ****   *
 420:Drivers/STM32F0xx_HAL_Driver/Src/stm32f0xx_hal_exti.c **** @verbatim
 421:Drivers/STM32F0xx_HAL_Driver/Src/stm32f0xx_hal_exti.c ****  ===============================================================================
 422:Drivers/STM32F0xx_HAL_Driver/Src/stm32f0xx_hal_exti.c ****                        ##### IO operation functions #####
 423:Drivers/STM32F0xx_HAL_Driver/Src/stm32f0xx_hal_exti.c ****  ===============================================================================
 424:Drivers/STM32F0xx_HAL_Driver/Src/stm32f0xx_hal_exti.c **** 
 425:Drivers/STM32F0xx_HAL_Driver/Src/stm32f0xx_hal_exti.c **** @endverbatim
 426:Drivers/STM32F0xx_HAL_Driver/Src/stm32f0xx_hal_exti.c ****   * @{
 427:Drivers/STM32F0xx_HAL_Driver/Src/stm32f0xx_hal_exti.c ****   */
 428:Drivers/STM32F0xx_HAL_Driver/Src/stm32f0xx_hal_exti.c **** 
 429:Drivers/STM32F0xx_HAL_Driver/Src/stm32f0xx_hal_exti.c **** /**
 430:Drivers/STM32F0xx_HAL_Driver/Src/stm32f0xx_hal_exti.c ****   * @brief  Handle EXTI interrupt request.
 431:Drivers/STM32F0xx_HAL_Driver/Src/stm32f0xx_hal_exti.c ****   * @param  hexti Exti handle.
 432:Drivers/STM32F0xx_HAL_Driver/Src/stm32f0xx_hal_exti.c ****   * @retval none.
 433:Drivers/STM32F0xx_HAL_Driver/Src/stm32f0xx_hal_exti.c ****   */
 434:Drivers/STM32F0xx_HAL_Driver/Src/stm32f0xx_hal_exti.c **** void HAL_EXTI_IRQHandler(EXTI_HandleTypeDef *hexti)
 435:Drivers/STM32F0xx_HAL_Driver/Src/stm32f0xx_hal_exti.c **** {
 675              		.loc 1 435 1 is_stmt 1 view -0
 676              		.cfi_startproc
 677              		@ args = 0, pretend = 0, frame = 0
 678              		@ frame_needed = 0, uses_anonymous_args = 0
 679              		.loc 1 435 1 is_stmt 0 view .LVU218
 680 0000 10B5     		push	{r4, lr}
 681              	.LCFI3:
 682              		.cfi_def_cfa_offset 8
 683              		.cfi_offset 4, -8
 684              		.cfi_offset 14, -4
 436:Drivers/STM32F0xx_HAL_Driver/Src/stm32f0xx_hal_exti.c ****   uint32_t regval;
 685              		.loc 1 436 3 is_stmt 1 view .LVU219
 437:Drivers/STM32F0xx_HAL_Driver/Src/stm32f0xx_hal_exti.c ****   uint32_t maskline;
 686              		.loc 1 437 3 view .LVU220
 438:Drivers/STM32F0xx_HAL_Driver/Src/stm32f0xx_hal_exti.c **** 
 439:Drivers/STM32F0xx_HAL_Driver/Src/stm32f0xx_hal_exti.c ****   /* Compute line mask */
 440:Drivers/STM32F0xx_HAL_Driver/Src/stm32f0xx_hal_exti.c ****   maskline = (1uL << (hexti->Line & EXTI_PIN_MASK));
 687              		.loc 1 440 3 view .LVU221
 688              		.loc 1 440 35 is_stmt 0 view .LVU222
 689 0002 1F22     		movs	r2, #31
 690 0004 0368     		ldr	r3, [r0]
 691 0006 1A40     		ands	r2, r3
 692              		.loc 1 440 12 view .LVU223
 693 0008 0123     		movs	r3, #1
 694 000a 9340     		lsls	r3, r3, r2
 695              	.LVL57:
 441:Drivers/STM32F0xx_HAL_Driver/Src/stm32f0xx_hal_exti.c **** 
 442:Drivers/STM32F0xx_HAL_Driver/Src/stm32f0xx_hal_exti.c ****   /* Get pending bit  */
 443:Drivers/STM32F0xx_HAL_Driver/Src/stm32f0xx_hal_exti.c ****   regval = (EXTI->PR & maskline);
 696              		.loc 1 443 3 is_stmt 1 view .LVU224
 697              		.loc 1 443 17 is_stmt 0 view .LVU225
 698 000c 054A     		ldr	r2, .L46
 699 000e 5269     		ldr	r2, [r2, #20]
 700              	.LVL58:
 444:Drivers/STM32F0xx_HAL_Driver/Src/stm32f0xx_hal_exti.c ****   if (regval != 0x00u)
ARM GAS  C:\Users\57298\AppData\Local\Temp\cc2c1w0c.s 			page 22


 701              		.loc 1 444 3 is_stmt 1 view .LVU226
 702              		.loc 1 444 6 is_stmt 0 view .LVU227
 703 0010 1342     		tst	r3, r2
 704 0012 05D0     		beq	.L44
 445:Drivers/STM32F0xx_HAL_Driver/Src/stm32f0xx_hal_exti.c ****   {
 446:Drivers/STM32F0xx_HAL_Driver/Src/stm32f0xx_hal_exti.c ****     /* Clear pending bit */
 447:Drivers/STM32F0xx_HAL_Driver/Src/stm32f0xx_hal_exti.c ****     EXTI->PR = maskline;
 705              		.loc 1 447 5 is_stmt 1 view .LVU228
 706              		.loc 1 447 14 is_stmt 0 view .LVU229
 707 0014 034A     		ldr	r2, .L46
 708              	.LVL59:
 709              		.loc 1 447 14 view .LVU230
 710 0016 5361     		str	r3, [r2, #20]
 448:Drivers/STM32F0xx_HAL_Driver/Src/stm32f0xx_hal_exti.c **** 
 449:Drivers/STM32F0xx_HAL_Driver/Src/stm32f0xx_hal_exti.c ****     /* Call callback */
 450:Drivers/STM32F0xx_HAL_Driver/Src/stm32f0xx_hal_exti.c ****     if (hexti->PendingCallback != NULL)
 711              		.loc 1 450 5 is_stmt 1 view .LVU231
 712              		.loc 1 450 14 is_stmt 0 view .LVU232
 713 0018 4368     		ldr	r3, [r0, #4]
 714              	.LVL60:
 715              		.loc 1 450 8 view .LVU233
 716 001a 002B     		cmp	r3, #0
 717 001c 00D0     		beq	.L44
 451:Drivers/STM32F0xx_HAL_Driver/Src/stm32f0xx_hal_exti.c ****     {
 452:Drivers/STM32F0xx_HAL_Driver/Src/stm32f0xx_hal_exti.c ****       hexti->PendingCallback();
 718              		.loc 1 452 7 is_stmt 1 view .LVU234
 719 001e 9847     		blx	r3
 720              	.LVL61:
 721              	.L44:
 453:Drivers/STM32F0xx_HAL_Driver/Src/stm32f0xx_hal_exti.c ****     }
 454:Drivers/STM32F0xx_HAL_Driver/Src/stm32f0xx_hal_exti.c ****   }
 455:Drivers/STM32F0xx_HAL_Driver/Src/stm32f0xx_hal_exti.c **** }
 722              		.loc 1 455 1 is_stmt 0 view .LVU235
 723              		@ sp needed
 724 0020 10BD     		pop	{r4, pc}
 725              	.L47:
 726 0022 C046     		.align	2
 727              	.L46:
 728 0024 00040140 		.word	1073808384
 729              		.cfi_endproc
 730              	.LFE45:
 732              		.section	.text.HAL_EXTI_GetPending,"ax",%progbits
 733              		.align	1
 734              		.global	HAL_EXTI_GetPending
 735              		.syntax unified
 736              		.code	16
 737              		.thumb_func
 739              	HAL_EXTI_GetPending:
 740              	.LVL62:
 741              	.LFB46:
 456:Drivers/STM32F0xx_HAL_Driver/Src/stm32f0xx_hal_exti.c **** 
 457:Drivers/STM32F0xx_HAL_Driver/Src/stm32f0xx_hal_exti.c **** /**
 458:Drivers/STM32F0xx_HAL_Driver/Src/stm32f0xx_hal_exti.c ****   * @brief  Get interrupt pending bit of a dedicated line.
 459:Drivers/STM32F0xx_HAL_Driver/Src/stm32f0xx_hal_exti.c ****   * @param  hexti Exti handle.
 460:Drivers/STM32F0xx_HAL_Driver/Src/stm32f0xx_hal_exti.c ****   * @param  Edge Specify which pending edge as to be checked.
 461:Drivers/STM32F0xx_HAL_Driver/Src/stm32f0xx_hal_exti.c ****   *         This parameter can be one of the following values:
 462:Drivers/STM32F0xx_HAL_Driver/Src/stm32f0xx_hal_exti.c ****   *           @arg @ref EXTI_TRIGGER_RISING_FALLING
ARM GAS  C:\Users\57298\AppData\Local\Temp\cc2c1w0c.s 			page 23


 463:Drivers/STM32F0xx_HAL_Driver/Src/stm32f0xx_hal_exti.c ****   *         This parameter is kept for compatibility with other series.
 464:Drivers/STM32F0xx_HAL_Driver/Src/stm32f0xx_hal_exti.c ****   * @retval 1 if interrupt is pending else 0.
 465:Drivers/STM32F0xx_HAL_Driver/Src/stm32f0xx_hal_exti.c ****   */
 466:Drivers/STM32F0xx_HAL_Driver/Src/stm32f0xx_hal_exti.c **** uint32_t HAL_EXTI_GetPending(EXTI_HandleTypeDef *hexti, uint32_t Edge)
 467:Drivers/STM32F0xx_HAL_Driver/Src/stm32f0xx_hal_exti.c **** {
 742              		.loc 1 467 1 is_stmt 1 view -0
 743              		.cfi_startproc
 744              		@ args = 0, pretend = 0, frame = 0
 745              		@ frame_needed = 0, uses_anonymous_args = 0
 746              		@ link register save eliminated.
 468:Drivers/STM32F0xx_HAL_Driver/Src/stm32f0xx_hal_exti.c ****   uint32_t regval;
 747              		.loc 1 468 3 view .LVU237
 469:Drivers/STM32F0xx_HAL_Driver/Src/stm32f0xx_hal_exti.c ****   uint32_t linepos;
 748              		.loc 1 469 3 view .LVU238
 470:Drivers/STM32F0xx_HAL_Driver/Src/stm32f0xx_hal_exti.c ****   uint32_t maskline;
 749              		.loc 1 470 3 view .LVU239
 471:Drivers/STM32F0xx_HAL_Driver/Src/stm32f0xx_hal_exti.c **** 
 472:Drivers/STM32F0xx_HAL_Driver/Src/stm32f0xx_hal_exti.c ****   /* Check parameters */
 473:Drivers/STM32F0xx_HAL_Driver/Src/stm32f0xx_hal_exti.c ****   assert_param(IS_EXTI_LINE(hexti->Line));
 750              		.loc 1 473 3 view .LVU240
 474:Drivers/STM32F0xx_HAL_Driver/Src/stm32f0xx_hal_exti.c ****   assert_param(IS_EXTI_CONFIG_LINE(hexti->Line));
 751              		.loc 1 474 3 view .LVU241
 475:Drivers/STM32F0xx_HAL_Driver/Src/stm32f0xx_hal_exti.c ****   assert_param(IS_EXTI_PENDING_EDGE(Edge));
 752              		.loc 1 475 3 view .LVU242
 476:Drivers/STM32F0xx_HAL_Driver/Src/stm32f0xx_hal_exti.c **** 
 477:Drivers/STM32F0xx_HAL_Driver/Src/stm32f0xx_hal_exti.c ****   /* Compute line mask */
 478:Drivers/STM32F0xx_HAL_Driver/Src/stm32f0xx_hal_exti.c ****   linepos = (hexti->Line & EXTI_PIN_MASK);
 753              		.loc 1 478 3 view .LVU243
 754              		.loc 1 478 19 is_stmt 0 view .LVU244
 755 0000 0268     		ldr	r2, [r0]
 756              		.loc 1 478 11 view .LVU245
 757 0002 1F23     		movs	r3, #31
 758 0004 1340     		ands	r3, r2
 759              	.LVL63:
 479:Drivers/STM32F0xx_HAL_Driver/Src/stm32f0xx_hal_exti.c ****   maskline = (1uL << linepos);
 760              		.loc 1 479 3 is_stmt 1 view .LVU246
 761              		.loc 1 479 12 is_stmt 0 view .LVU247
 762 0006 0120     		movs	r0, #1
 763              	.LVL64:
 764              		.loc 1 479 12 view .LVU248
 765 0008 9840     		lsls	r0, r0, r3
 766              	.LVL65:
 480:Drivers/STM32F0xx_HAL_Driver/Src/stm32f0xx_hal_exti.c **** 
 481:Drivers/STM32F0xx_HAL_Driver/Src/stm32f0xx_hal_exti.c ****   /* return 1 if bit is set else 0 */
 482:Drivers/STM32F0xx_HAL_Driver/Src/stm32f0xx_hal_exti.c ****   regval = ((EXTI->PR & maskline) >> linepos);
 767              		.loc 1 482 3 is_stmt 1 view .LVU249
 768              		.loc 1 482 18 is_stmt 0 view .LVU250
 769 000a 024A     		ldr	r2, .L49
 770 000c 5269     		ldr	r2, [r2, #20]
 771              		.loc 1 482 23 view .LVU251
 772 000e 1040     		ands	r0, r2
 773              	.LVL66:
 774              		.loc 1 482 10 view .LVU252
 775 0010 D840     		lsrs	r0, r0, r3
 776              	.LVL67:
 483:Drivers/STM32F0xx_HAL_Driver/Src/stm32f0xx_hal_exti.c ****   return regval;
 777              		.loc 1 483 3 is_stmt 1 view .LVU253
ARM GAS  C:\Users\57298\AppData\Local\Temp\cc2c1w0c.s 			page 24


 484:Drivers/STM32F0xx_HAL_Driver/Src/stm32f0xx_hal_exti.c **** }
 778              		.loc 1 484 1 is_stmt 0 view .LVU254
 779              		@ sp needed
 780 0012 7047     		bx	lr
 781              	.L50:
 782              		.align	2
 783              	.L49:
 784 0014 00040140 		.word	1073808384
 785              		.cfi_endproc
 786              	.LFE46:
 788              		.section	.text.HAL_EXTI_ClearPending,"ax",%progbits
 789              		.align	1
 790              		.global	HAL_EXTI_ClearPending
 791              		.syntax unified
 792              		.code	16
 793              		.thumb_func
 795              	HAL_EXTI_ClearPending:
 796              	.LVL68:
 797              	.LFB47:
 485:Drivers/STM32F0xx_HAL_Driver/Src/stm32f0xx_hal_exti.c **** 
 486:Drivers/STM32F0xx_HAL_Driver/Src/stm32f0xx_hal_exti.c **** /**
 487:Drivers/STM32F0xx_HAL_Driver/Src/stm32f0xx_hal_exti.c ****   * @brief  Clear interrupt pending bit of a dedicated line.
 488:Drivers/STM32F0xx_HAL_Driver/Src/stm32f0xx_hal_exti.c ****   * @param  hexti Exti handle.
 489:Drivers/STM32F0xx_HAL_Driver/Src/stm32f0xx_hal_exti.c ****   * @param  Edge Specify which pending edge as to be clear.
 490:Drivers/STM32F0xx_HAL_Driver/Src/stm32f0xx_hal_exti.c ****   *         This parameter can be one of the following values:
 491:Drivers/STM32F0xx_HAL_Driver/Src/stm32f0xx_hal_exti.c ****   *           @arg @ref EXTI_TRIGGER_RISING_FALLING
 492:Drivers/STM32F0xx_HAL_Driver/Src/stm32f0xx_hal_exti.c ****   *         This parameter is kept for compatibility with other series.
 493:Drivers/STM32F0xx_HAL_Driver/Src/stm32f0xx_hal_exti.c ****   * @retval None.
 494:Drivers/STM32F0xx_HAL_Driver/Src/stm32f0xx_hal_exti.c ****   */
 495:Drivers/STM32F0xx_HAL_Driver/Src/stm32f0xx_hal_exti.c **** void HAL_EXTI_ClearPending(EXTI_HandleTypeDef *hexti, uint32_t Edge)
 496:Drivers/STM32F0xx_HAL_Driver/Src/stm32f0xx_hal_exti.c **** {
 798              		.loc 1 496 1 is_stmt 1 view -0
 799              		.cfi_startproc
 800              		@ args = 0, pretend = 0, frame = 0
 801              		@ frame_needed = 0, uses_anonymous_args = 0
 802              		@ link register save eliminated.
 497:Drivers/STM32F0xx_HAL_Driver/Src/stm32f0xx_hal_exti.c ****   uint32_t maskline;
 803              		.loc 1 497 3 view .LVU256
 498:Drivers/STM32F0xx_HAL_Driver/Src/stm32f0xx_hal_exti.c **** 
 499:Drivers/STM32F0xx_HAL_Driver/Src/stm32f0xx_hal_exti.c ****   /* Check parameters */
 500:Drivers/STM32F0xx_HAL_Driver/Src/stm32f0xx_hal_exti.c ****   assert_param(IS_EXTI_LINE(hexti->Line));
 804              		.loc 1 500 3 view .LVU257
 501:Drivers/STM32F0xx_HAL_Driver/Src/stm32f0xx_hal_exti.c ****   assert_param(IS_EXTI_CONFIG_LINE(hexti->Line));
 805              		.loc 1 501 3 view .LVU258
 502:Drivers/STM32F0xx_HAL_Driver/Src/stm32f0xx_hal_exti.c ****   assert_param(IS_EXTI_PENDING_EDGE(Edge));
 806              		.loc 1 502 3 view .LVU259
 503:Drivers/STM32F0xx_HAL_Driver/Src/stm32f0xx_hal_exti.c **** 
 504:Drivers/STM32F0xx_HAL_Driver/Src/stm32f0xx_hal_exti.c ****   /* Compute line mask */
 505:Drivers/STM32F0xx_HAL_Driver/Src/stm32f0xx_hal_exti.c ****   maskline = (1uL << (hexti->Line & EXTI_PIN_MASK));
 807              		.loc 1 505 3 view .LVU260
 808              		.loc 1 505 28 is_stmt 0 view .LVU261
 809 0000 0368     		ldr	r3, [r0]
 810              		.loc 1 505 35 view .LVU262
 811 0002 1F22     		movs	r2, #31
 812 0004 1A40     		ands	r2, r3
 813              		.loc 1 505 12 view .LVU263
 814 0006 0123     		movs	r3, #1
ARM GAS  C:\Users\57298\AppData\Local\Temp\cc2c1w0c.s 			page 25


 815 0008 9340     		lsls	r3, r3, r2
 816              	.LVL69:
 506:Drivers/STM32F0xx_HAL_Driver/Src/stm32f0xx_hal_exti.c **** 
 507:Drivers/STM32F0xx_HAL_Driver/Src/stm32f0xx_hal_exti.c ****   /* Clear Pending bit */
 508:Drivers/STM32F0xx_HAL_Driver/Src/stm32f0xx_hal_exti.c ****   EXTI->PR =  maskline;
 817              		.loc 1 508 3 is_stmt 1 view .LVU264
 818              		.loc 1 508 12 is_stmt 0 view .LVU265
 819 000a 014A     		ldr	r2, .L52
 820 000c 5361     		str	r3, [r2, #20]
 509:Drivers/STM32F0xx_HAL_Driver/Src/stm32f0xx_hal_exti.c **** }
 821              		.loc 1 509 1 view .LVU266
 822              		@ sp needed
 823 000e 7047     		bx	lr
 824              	.L53:
 825              		.align	2
 826              	.L52:
 827 0010 00040140 		.word	1073808384
 828              		.cfi_endproc
 829              	.LFE47:
 831              		.section	.text.HAL_EXTI_GenerateSWI,"ax",%progbits
 832              		.align	1
 833              		.global	HAL_EXTI_GenerateSWI
 834              		.syntax unified
 835              		.code	16
 836              		.thumb_func
 838              	HAL_EXTI_GenerateSWI:
 839              	.LVL70:
 840              	.LFB48:
 510:Drivers/STM32F0xx_HAL_Driver/Src/stm32f0xx_hal_exti.c **** 
 511:Drivers/STM32F0xx_HAL_Driver/Src/stm32f0xx_hal_exti.c **** /**
 512:Drivers/STM32F0xx_HAL_Driver/Src/stm32f0xx_hal_exti.c ****   * @brief  Generate a software interrupt for a dedicated line.
 513:Drivers/STM32F0xx_HAL_Driver/Src/stm32f0xx_hal_exti.c ****   * @param  hexti Exti handle.
 514:Drivers/STM32F0xx_HAL_Driver/Src/stm32f0xx_hal_exti.c ****   * @retval None.
 515:Drivers/STM32F0xx_HAL_Driver/Src/stm32f0xx_hal_exti.c ****   */
 516:Drivers/STM32F0xx_HAL_Driver/Src/stm32f0xx_hal_exti.c **** void HAL_EXTI_GenerateSWI(EXTI_HandleTypeDef *hexti)
 517:Drivers/STM32F0xx_HAL_Driver/Src/stm32f0xx_hal_exti.c **** {
 841              		.loc 1 517 1 is_stmt 1 view -0
 842              		.cfi_startproc
 843              		@ args = 0, pretend = 0, frame = 0
 844              		@ frame_needed = 0, uses_anonymous_args = 0
 845              		@ link register save eliminated.
 518:Drivers/STM32F0xx_HAL_Driver/Src/stm32f0xx_hal_exti.c ****   uint32_t maskline;
 846              		.loc 1 518 3 view .LVU268
 519:Drivers/STM32F0xx_HAL_Driver/Src/stm32f0xx_hal_exti.c **** 
 520:Drivers/STM32F0xx_HAL_Driver/Src/stm32f0xx_hal_exti.c ****   /* Check parameters */
 521:Drivers/STM32F0xx_HAL_Driver/Src/stm32f0xx_hal_exti.c ****   assert_param(IS_EXTI_LINE(hexti->Line));
 847              		.loc 1 521 3 view .LVU269
 522:Drivers/STM32F0xx_HAL_Driver/Src/stm32f0xx_hal_exti.c ****   assert_param(IS_EXTI_CONFIG_LINE(hexti->Line));
 848              		.loc 1 522 3 view .LVU270
 523:Drivers/STM32F0xx_HAL_Driver/Src/stm32f0xx_hal_exti.c **** 
 524:Drivers/STM32F0xx_HAL_Driver/Src/stm32f0xx_hal_exti.c ****   /* Compute line mask */
 525:Drivers/STM32F0xx_HAL_Driver/Src/stm32f0xx_hal_exti.c ****   maskline = (1uL << (hexti->Line & EXTI_PIN_MASK));
 849              		.loc 1 525 3 view .LVU271
 850              		.loc 1 525 28 is_stmt 0 view .LVU272
 851 0000 0368     		ldr	r3, [r0]
 852              		.loc 1 525 35 view .LVU273
 853 0002 1F22     		movs	r2, #31
ARM GAS  C:\Users\57298\AppData\Local\Temp\cc2c1w0c.s 			page 26


 854 0004 1A40     		ands	r2, r3
 855              		.loc 1 525 12 view .LVU274
 856 0006 0123     		movs	r3, #1
 857 0008 9340     		lsls	r3, r3, r2
 858              	.LVL71:
 526:Drivers/STM32F0xx_HAL_Driver/Src/stm32f0xx_hal_exti.c **** 
 527:Drivers/STM32F0xx_HAL_Driver/Src/stm32f0xx_hal_exti.c ****   /* Generate Software interrupt */
 528:Drivers/STM32F0xx_HAL_Driver/Src/stm32f0xx_hal_exti.c ****   EXTI->SWIER = maskline;
 859              		.loc 1 528 3 is_stmt 1 view .LVU275
 860              		.loc 1 528 15 is_stmt 0 view .LVU276
 861 000a 014A     		ldr	r2, .L55
 862 000c 1361     		str	r3, [r2, #16]
 529:Drivers/STM32F0xx_HAL_Driver/Src/stm32f0xx_hal_exti.c **** }
 863              		.loc 1 529 1 view .LVU277
 864              		@ sp needed
 865 000e 7047     		bx	lr
 866              	.L56:
 867              		.align	2
 868              	.L55:
 869 0010 00040140 		.word	1073808384
 870              		.cfi_endproc
 871              	.LFE48:
 873              		.text
 874              	.Letext0:
 875              		.file 2 "c:\\program files\\gcc-arm-none-eabi-10.3-2021.10\\arm-none-eabi\\include\\machine\\_defa
 876              		.file 3 "c:\\program files\\gcc-arm-none-eabi-10.3-2021.10\\arm-none-eabi\\include\\sys\\_stdint.h
 877              		.file 4 "Drivers/CMSIS/Device/ST/STM32F0xx/Include/stm32f030x8.h"
 878              		.file 5 "Drivers/STM32F0xx_HAL_Driver/Inc/stm32f0xx_hal_def.h"
 879              		.file 6 "Drivers/STM32F0xx_HAL_Driver/Inc/stm32f0xx_hal_exti.h"
ARM GAS  C:\Users\57298\AppData\Local\Temp\cc2c1w0c.s 			page 27


DEFINED SYMBOLS
                            *ABS*:00000000 stm32f0xx_hal_exti.c
C:\Users\57298\AppData\Local\Temp\cc2c1w0c.s:18     .text.HAL_EXTI_SetConfigLine:00000000 $t
C:\Users\57298\AppData\Local\Temp\cc2c1w0c.s:24     .text.HAL_EXTI_SetConfigLine:00000000 HAL_EXTI_SetConfigLine
C:\Users\57298\AppData\Local\Temp\cc2c1w0c.s:234    .text.HAL_EXTI_SetConfigLine:000000b4 $d
C:\Users\57298\AppData\Local\Temp\cc2c1w0c.s:240    .text.HAL_EXTI_GetConfigLine:00000000 $t
C:\Users\57298\AppData\Local\Temp\cc2c1w0c.s:246    .text.HAL_EXTI_GetConfigLine:00000000 HAL_EXTI_GetConfigLine
C:\Users\57298\AppData\Local\Temp\cc2c1w0c.s:426    .text.HAL_EXTI_GetConfigLine:00000098 $d
C:\Users\57298\AppData\Local\Temp\cc2c1w0c.s:432    .text.HAL_EXTI_ClearConfigLine:00000000 $t
C:\Users\57298\AppData\Local\Temp\cc2c1w0c.s:438    .text.HAL_EXTI_ClearConfigLine:00000000 HAL_EXTI_ClearConfigLine
C:\Users\57298\AppData\Local\Temp\cc2c1w0c.s:578    .text.HAL_EXTI_ClearConfigLine:00000068 $d
C:\Users\57298\AppData\Local\Temp\cc2c1w0c.s:584    .text.HAL_EXTI_RegisterCallback:00000000 $t
C:\Users\57298\AppData\Local\Temp\cc2c1w0c.s:590    .text.HAL_EXTI_RegisterCallback:00000000 HAL_EXTI_RegisterCallback
C:\Users\57298\AppData\Local\Temp\cc2c1w0c.s:625    .text.HAL_EXTI_GetHandle:00000000 $t
C:\Users\57298\AppData\Local\Temp\cc2c1w0c.s:631    .text.HAL_EXTI_GetHandle:00000000 HAL_EXTI_GetHandle
C:\Users\57298\AppData\Local\Temp\cc2c1w0c.s:666    .text.HAL_EXTI_IRQHandler:00000000 $t
C:\Users\57298\AppData\Local\Temp\cc2c1w0c.s:672    .text.HAL_EXTI_IRQHandler:00000000 HAL_EXTI_IRQHandler
C:\Users\57298\AppData\Local\Temp\cc2c1w0c.s:728    .text.HAL_EXTI_IRQHandler:00000024 $d
C:\Users\57298\AppData\Local\Temp\cc2c1w0c.s:733    .text.HAL_EXTI_GetPending:00000000 $t
C:\Users\57298\AppData\Local\Temp\cc2c1w0c.s:739    .text.HAL_EXTI_GetPending:00000000 HAL_EXTI_GetPending
C:\Users\57298\AppData\Local\Temp\cc2c1w0c.s:784    .text.HAL_EXTI_GetPending:00000014 $d
C:\Users\57298\AppData\Local\Temp\cc2c1w0c.s:789    .text.HAL_EXTI_ClearPending:00000000 $t
C:\Users\57298\AppData\Local\Temp\cc2c1w0c.s:795    .text.HAL_EXTI_ClearPending:00000000 HAL_EXTI_ClearPending
C:\Users\57298\AppData\Local\Temp\cc2c1w0c.s:827    .text.HAL_EXTI_ClearPending:00000010 $d
C:\Users\57298\AppData\Local\Temp\cc2c1w0c.s:832    .text.HAL_EXTI_GenerateSWI:00000000 $t
C:\Users\57298\AppData\Local\Temp\cc2c1w0c.s:838    .text.HAL_EXTI_GenerateSWI:00000000 HAL_EXTI_GenerateSWI
C:\Users\57298\AppData\Local\Temp\cc2c1w0c.s:869    .text.HAL_EXTI_GenerateSWI:00000010 $d

NO UNDEFINED SYMBOLS
