ARM GAS  C:\Users\mason\AppData\Local\Temp\ccXFid1e.s 			page 1


   1              		.cpu cortex-m0
   2              		.arch armv6s-m
   3              		.fpu softvfp
   4              		.eabi_attribute 20, 1
   5              		.eabi_attribute 21, 1
   6              		.eabi_attribute 23, 3
   7              		.eabi_attribute 24, 1
   8              		.eabi_attribute 25, 1
   9              		.eabi_attribute 26, 1
  10              		.eabi_attribute 30, 6
  11              		.eabi_attribute 34, 0
  12              		.eabi_attribute 18, 4
  13              		.file	"stm32f0xx_hal_pwr.c"
  14              		.text
  15              	.Ltext0:
  16              		.cfi_sections	.debug_frame
  17              		.section	.text.HAL_PWR_DeInit,"ax",%progbits
  18              		.align	1
  19              		.global	HAL_PWR_DeInit
  20              		.syntax unified
  21              		.code	16
  22              		.thumb_func
  24              	HAL_PWR_DeInit:
  25              	.LFB40:
  26              		.file 1 "Drivers/STM32F0xx_HAL_Driver/Src/stm32f0xx_hal_pwr.c"
   1:Drivers/STM32F0xx_HAL_Driver/Src/stm32f0xx_hal_pwr.c **** /**
   2:Drivers/STM32F0xx_HAL_Driver/Src/stm32f0xx_hal_pwr.c ****   ******************************************************************************
   3:Drivers/STM32F0xx_HAL_Driver/Src/stm32f0xx_hal_pwr.c ****   * @file    stm32f0xx_hal_pwr.c
   4:Drivers/STM32F0xx_HAL_Driver/Src/stm32f0xx_hal_pwr.c ****   * @author  MCD Application Team
   5:Drivers/STM32F0xx_HAL_Driver/Src/stm32f0xx_hal_pwr.c ****   * @brief   PWR HAL module driver.
   6:Drivers/STM32F0xx_HAL_Driver/Src/stm32f0xx_hal_pwr.c ****   *          This file provides firmware functions to manage the following
   7:Drivers/STM32F0xx_HAL_Driver/Src/stm32f0xx_hal_pwr.c ****   *          functionalities of the Power Controller (PWR) peripheral:
   8:Drivers/STM32F0xx_HAL_Driver/Src/stm32f0xx_hal_pwr.c ****   *           + Initialization/de-initialization function
   9:Drivers/STM32F0xx_HAL_Driver/Src/stm32f0xx_hal_pwr.c ****   *           + Peripheral Control function
  10:Drivers/STM32F0xx_HAL_Driver/Src/stm32f0xx_hal_pwr.c ****   *
  11:Drivers/STM32F0xx_HAL_Driver/Src/stm32f0xx_hal_pwr.c ****   ******************************************************************************
  12:Drivers/STM32F0xx_HAL_Driver/Src/stm32f0xx_hal_pwr.c ****   * @attention
  13:Drivers/STM32F0xx_HAL_Driver/Src/stm32f0xx_hal_pwr.c ****   *
  14:Drivers/STM32F0xx_HAL_Driver/Src/stm32f0xx_hal_pwr.c ****   * Copyright (c) 2016 STMicroelectronics.
  15:Drivers/STM32F0xx_HAL_Driver/Src/stm32f0xx_hal_pwr.c ****   * All rights reserved.
  16:Drivers/STM32F0xx_HAL_Driver/Src/stm32f0xx_hal_pwr.c ****   *
  17:Drivers/STM32F0xx_HAL_Driver/Src/stm32f0xx_hal_pwr.c ****   * This software is licensed under terms that can be found in the LICENSE file
  18:Drivers/STM32F0xx_HAL_Driver/Src/stm32f0xx_hal_pwr.c ****   * in the root directory of this software component.
  19:Drivers/STM32F0xx_HAL_Driver/Src/stm32f0xx_hal_pwr.c ****   * If no LICENSE file comes with this software, it is provided AS-IS.
  20:Drivers/STM32F0xx_HAL_Driver/Src/stm32f0xx_hal_pwr.c ****   *
  21:Drivers/STM32F0xx_HAL_Driver/Src/stm32f0xx_hal_pwr.c ****   ******************************************************************************
  22:Drivers/STM32F0xx_HAL_Driver/Src/stm32f0xx_hal_pwr.c ****   */
  23:Drivers/STM32F0xx_HAL_Driver/Src/stm32f0xx_hal_pwr.c **** 
  24:Drivers/STM32F0xx_HAL_Driver/Src/stm32f0xx_hal_pwr.c **** /* Includes ------------------------------------------------------------------*/
  25:Drivers/STM32F0xx_HAL_Driver/Src/stm32f0xx_hal_pwr.c **** #include "stm32f0xx_hal.h"
  26:Drivers/STM32F0xx_HAL_Driver/Src/stm32f0xx_hal_pwr.c **** 
  27:Drivers/STM32F0xx_HAL_Driver/Src/stm32f0xx_hal_pwr.c **** /** @addtogroup STM32F0xx_HAL_Driver
  28:Drivers/STM32F0xx_HAL_Driver/Src/stm32f0xx_hal_pwr.c ****   * @{
  29:Drivers/STM32F0xx_HAL_Driver/Src/stm32f0xx_hal_pwr.c ****   */
  30:Drivers/STM32F0xx_HAL_Driver/Src/stm32f0xx_hal_pwr.c **** 
  31:Drivers/STM32F0xx_HAL_Driver/Src/stm32f0xx_hal_pwr.c **** /** @defgroup PWR PWR
  32:Drivers/STM32F0xx_HAL_Driver/Src/stm32f0xx_hal_pwr.c ****   * @brief PWR HAL module driver
ARM GAS  C:\Users\mason\AppData\Local\Temp\ccXFid1e.s 			page 2


  33:Drivers/STM32F0xx_HAL_Driver/Src/stm32f0xx_hal_pwr.c ****   * @{
  34:Drivers/STM32F0xx_HAL_Driver/Src/stm32f0xx_hal_pwr.c ****   */
  35:Drivers/STM32F0xx_HAL_Driver/Src/stm32f0xx_hal_pwr.c **** 
  36:Drivers/STM32F0xx_HAL_Driver/Src/stm32f0xx_hal_pwr.c **** #ifdef HAL_PWR_MODULE_ENABLED
  37:Drivers/STM32F0xx_HAL_Driver/Src/stm32f0xx_hal_pwr.c **** 
  38:Drivers/STM32F0xx_HAL_Driver/Src/stm32f0xx_hal_pwr.c **** /* Private typedef -----------------------------------------------------------*/
  39:Drivers/STM32F0xx_HAL_Driver/Src/stm32f0xx_hal_pwr.c **** /* Private define ------------------------------------------------------------*/
  40:Drivers/STM32F0xx_HAL_Driver/Src/stm32f0xx_hal_pwr.c **** /* Private macro -------------------------------------------------------------*/
  41:Drivers/STM32F0xx_HAL_Driver/Src/stm32f0xx_hal_pwr.c **** /* Private variables ---------------------------------------------------------*/
  42:Drivers/STM32F0xx_HAL_Driver/Src/stm32f0xx_hal_pwr.c **** /* Private function prototypes -----------------------------------------------*/
  43:Drivers/STM32F0xx_HAL_Driver/Src/stm32f0xx_hal_pwr.c **** /* Private functions ---------------------------------------------------------*/
  44:Drivers/STM32F0xx_HAL_Driver/Src/stm32f0xx_hal_pwr.c **** 
  45:Drivers/STM32F0xx_HAL_Driver/Src/stm32f0xx_hal_pwr.c **** /** @defgroup PWR_Exported_Functions PWR Exported Functions
  46:Drivers/STM32F0xx_HAL_Driver/Src/stm32f0xx_hal_pwr.c ****   * @{
  47:Drivers/STM32F0xx_HAL_Driver/Src/stm32f0xx_hal_pwr.c ****   */
  48:Drivers/STM32F0xx_HAL_Driver/Src/stm32f0xx_hal_pwr.c **** 
  49:Drivers/STM32F0xx_HAL_Driver/Src/stm32f0xx_hal_pwr.c **** /** @defgroup PWR_Exported_Functions_Group1 Initialization and de-initialization functions 
  50:Drivers/STM32F0xx_HAL_Driver/Src/stm32f0xx_hal_pwr.c ****   *  @brief    Initialization and de-initialization functions
  51:Drivers/STM32F0xx_HAL_Driver/Src/stm32f0xx_hal_pwr.c ****   *
  52:Drivers/STM32F0xx_HAL_Driver/Src/stm32f0xx_hal_pwr.c **** @verbatim
  53:Drivers/STM32F0xx_HAL_Driver/Src/stm32f0xx_hal_pwr.c ****  ===============================================================================
  54:Drivers/STM32F0xx_HAL_Driver/Src/stm32f0xx_hal_pwr.c ****               ##### Initialization and de-initialization functions #####
  55:Drivers/STM32F0xx_HAL_Driver/Src/stm32f0xx_hal_pwr.c ****  ===============================================================================
  56:Drivers/STM32F0xx_HAL_Driver/Src/stm32f0xx_hal_pwr.c ****     [..]
  57:Drivers/STM32F0xx_HAL_Driver/Src/stm32f0xx_hal_pwr.c ****       After reset, the backup domain (RTC registers, RTC backup data
  58:Drivers/STM32F0xx_HAL_Driver/Src/stm32f0xx_hal_pwr.c ****       registers) is protected against possible unwanted
  59:Drivers/STM32F0xx_HAL_Driver/Src/stm32f0xx_hal_pwr.c ****       write accesses.
  60:Drivers/STM32F0xx_HAL_Driver/Src/stm32f0xx_hal_pwr.c ****       To enable access to the RTC Domain and RTC registers, proceed as follows:
  61:Drivers/STM32F0xx_HAL_Driver/Src/stm32f0xx_hal_pwr.c ****         (+) Enable the Power Controller (PWR) APB1 interface clock using the
  62:Drivers/STM32F0xx_HAL_Driver/Src/stm32f0xx_hal_pwr.c ****             __HAL_RCC_PWR_CLK_ENABLE() macro.
  63:Drivers/STM32F0xx_HAL_Driver/Src/stm32f0xx_hal_pwr.c ****         (+) Enable access to RTC domain using the HAL_PWR_EnableBkUpAccess() function.
  64:Drivers/STM32F0xx_HAL_Driver/Src/stm32f0xx_hal_pwr.c **** 
  65:Drivers/STM32F0xx_HAL_Driver/Src/stm32f0xx_hal_pwr.c **** @endverbatim
  66:Drivers/STM32F0xx_HAL_Driver/Src/stm32f0xx_hal_pwr.c ****   * @{
  67:Drivers/STM32F0xx_HAL_Driver/Src/stm32f0xx_hal_pwr.c ****   */
  68:Drivers/STM32F0xx_HAL_Driver/Src/stm32f0xx_hal_pwr.c **** 
  69:Drivers/STM32F0xx_HAL_Driver/Src/stm32f0xx_hal_pwr.c **** /**
  70:Drivers/STM32F0xx_HAL_Driver/Src/stm32f0xx_hal_pwr.c ****   * @brief Deinitializes the PWR peripheral registers to their default reset values.
  71:Drivers/STM32F0xx_HAL_Driver/Src/stm32f0xx_hal_pwr.c ****   * @retval None
  72:Drivers/STM32F0xx_HAL_Driver/Src/stm32f0xx_hal_pwr.c ****   */
  73:Drivers/STM32F0xx_HAL_Driver/Src/stm32f0xx_hal_pwr.c **** void HAL_PWR_DeInit(void)
  74:Drivers/STM32F0xx_HAL_Driver/Src/stm32f0xx_hal_pwr.c **** {
  27              		.loc 1 74 1
  28              		.cfi_startproc
  29              		@ args = 0, pretend = 0, frame = 0
  30              		@ frame_needed = 1, uses_anonymous_args = 0
  31 0000 80B5     		push	{r7, lr}
  32              	.LCFI0:
  33              		.cfi_def_cfa_offset 8
  34              		.cfi_offset 7, -8
  35              		.cfi_offset 14, -4
  36 0002 00AF     		add	r7, sp, #0
  37              	.LCFI1:
  38              		.cfi_def_cfa_register 7
  75:Drivers/STM32F0xx_HAL_Driver/Src/stm32f0xx_hal_pwr.c ****   __HAL_RCC_PWR_FORCE_RESET();
  39              		.loc 1 75 3
  40 0004 074B     		ldr	r3, .L2
ARM GAS  C:\Users\mason\AppData\Local\Temp\ccXFid1e.s 			page 3


  41 0006 1A69     		ldr	r2, [r3, #16]
  42 0008 064B     		ldr	r3, .L2
  43 000a 8021     		movs	r1, #128
  44 000c 4905     		lsls	r1, r1, #21
  45 000e 0A43     		orrs	r2, r1
  46 0010 1A61     		str	r2, [r3, #16]
  76:Drivers/STM32F0xx_HAL_Driver/Src/stm32f0xx_hal_pwr.c ****   __HAL_RCC_PWR_RELEASE_RESET();
  47              		.loc 1 76 3
  48 0012 044B     		ldr	r3, .L2
  49 0014 1A69     		ldr	r2, [r3, #16]
  50 0016 034B     		ldr	r3, .L2
  51 0018 0349     		ldr	r1, .L2+4
  52 001a 0A40     		ands	r2, r1
  53 001c 1A61     		str	r2, [r3, #16]
  77:Drivers/STM32F0xx_HAL_Driver/Src/stm32f0xx_hal_pwr.c **** }
  54              		.loc 1 77 1
  55 001e C046     		nop
  56 0020 BD46     		mov	sp, r7
  57              		@ sp needed
  58 0022 80BD     		pop	{r7, pc}
  59              	.L3:
  60              		.align	2
  61              	.L2:
  62 0024 00100240 		.word	1073876992
  63 0028 FFFFFFEF 		.word	-268435457
  64              		.cfi_endproc
  65              	.LFE40:
  67              		.section	.text.HAL_PWR_EnableBkUpAccess,"ax",%progbits
  68              		.align	1
  69              		.global	HAL_PWR_EnableBkUpAccess
  70              		.syntax unified
  71              		.code	16
  72              		.thumb_func
  74              	HAL_PWR_EnableBkUpAccess:
  75              	.LFB41:
  78:Drivers/STM32F0xx_HAL_Driver/Src/stm32f0xx_hal_pwr.c **** 
  79:Drivers/STM32F0xx_HAL_Driver/Src/stm32f0xx_hal_pwr.c **** /**
  80:Drivers/STM32F0xx_HAL_Driver/Src/stm32f0xx_hal_pwr.c ****   * @brief Enables access to the backup domain (RTC registers, RTC
  81:Drivers/STM32F0xx_HAL_Driver/Src/stm32f0xx_hal_pwr.c ****   *         backup data registers when present).
  82:Drivers/STM32F0xx_HAL_Driver/Src/stm32f0xx_hal_pwr.c ****   * @note  If the HSE divided by 32 is used as the RTC clock, the
  83:Drivers/STM32F0xx_HAL_Driver/Src/stm32f0xx_hal_pwr.c ****   *         Backup Domain Access should be kept enabled.
  84:Drivers/STM32F0xx_HAL_Driver/Src/stm32f0xx_hal_pwr.c ****   * @retval None
  85:Drivers/STM32F0xx_HAL_Driver/Src/stm32f0xx_hal_pwr.c ****   */
  86:Drivers/STM32F0xx_HAL_Driver/Src/stm32f0xx_hal_pwr.c **** void HAL_PWR_EnableBkUpAccess(void)
  87:Drivers/STM32F0xx_HAL_Driver/Src/stm32f0xx_hal_pwr.c **** {
  76              		.loc 1 87 1
  77              		.cfi_startproc
  78              		@ args = 0, pretend = 0, frame = 0
  79              		@ frame_needed = 1, uses_anonymous_args = 0
  80 0000 80B5     		push	{r7, lr}
  81              	.LCFI2:
  82              		.cfi_def_cfa_offset 8
  83              		.cfi_offset 7, -8
  84              		.cfi_offset 14, -4
  85 0002 00AF     		add	r7, sp, #0
  86              	.LCFI3:
  87              		.cfi_def_cfa_register 7
ARM GAS  C:\Users\mason\AppData\Local\Temp\ccXFid1e.s 			page 4


  88:Drivers/STM32F0xx_HAL_Driver/Src/stm32f0xx_hal_pwr.c ****   PWR->CR |= (uint32_t)PWR_CR_DBP;
  88              		.loc 1 88 11
  89 0004 044B     		ldr	r3, .L5
  90 0006 1A68     		ldr	r2, [r3]
  91 0008 034B     		ldr	r3, .L5
  92 000a 8021     		movs	r1, #128
  93 000c 4900     		lsls	r1, r1, #1
  94 000e 0A43     		orrs	r2, r1
  95 0010 1A60     		str	r2, [r3]
  89:Drivers/STM32F0xx_HAL_Driver/Src/stm32f0xx_hal_pwr.c **** }
  96              		.loc 1 89 1
  97 0012 C046     		nop
  98 0014 BD46     		mov	sp, r7
  99              		@ sp needed
 100 0016 80BD     		pop	{r7, pc}
 101              	.L6:
 102              		.align	2
 103              	.L5:
 104 0018 00700040 		.word	1073770496
 105              		.cfi_endproc
 106              	.LFE41:
 108              		.section	.text.HAL_PWR_DisableBkUpAccess,"ax",%progbits
 109              		.align	1
 110              		.global	HAL_PWR_DisableBkUpAccess
 111              		.syntax unified
 112              		.code	16
 113              		.thumb_func
 115              	HAL_PWR_DisableBkUpAccess:
 116              	.LFB42:
  90:Drivers/STM32F0xx_HAL_Driver/Src/stm32f0xx_hal_pwr.c **** 
  91:Drivers/STM32F0xx_HAL_Driver/Src/stm32f0xx_hal_pwr.c **** /**
  92:Drivers/STM32F0xx_HAL_Driver/Src/stm32f0xx_hal_pwr.c ****   * @brief Disables access to the backup domain (RTC registers, RTC
  93:Drivers/STM32F0xx_HAL_Driver/Src/stm32f0xx_hal_pwr.c ****   *         backup data registers when present).
  94:Drivers/STM32F0xx_HAL_Driver/Src/stm32f0xx_hal_pwr.c ****   * @note  If the HSE divided by 32 is used as the RTC clock, the
  95:Drivers/STM32F0xx_HAL_Driver/Src/stm32f0xx_hal_pwr.c ****   *         Backup Domain Access should be kept enabled.
  96:Drivers/STM32F0xx_HAL_Driver/Src/stm32f0xx_hal_pwr.c ****   * @retval None
  97:Drivers/STM32F0xx_HAL_Driver/Src/stm32f0xx_hal_pwr.c ****   */
  98:Drivers/STM32F0xx_HAL_Driver/Src/stm32f0xx_hal_pwr.c **** void HAL_PWR_DisableBkUpAccess(void)
  99:Drivers/STM32F0xx_HAL_Driver/Src/stm32f0xx_hal_pwr.c **** {
 117              		.loc 1 99 1
 118              		.cfi_startproc
 119              		@ args = 0, pretend = 0, frame = 0
 120              		@ frame_needed = 1, uses_anonymous_args = 0
 121 0000 80B5     		push	{r7, lr}
 122              	.LCFI4:
 123              		.cfi_def_cfa_offset 8
 124              		.cfi_offset 7, -8
 125              		.cfi_offset 14, -4
 126 0002 00AF     		add	r7, sp, #0
 127              	.LCFI5:
 128              		.cfi_def_cfa_register 7
 100:Drivers/STM32F0xx_HAL_Driver/Src/stm32f0xx_hal_pwr.c ****   PWR->CR &= ~((uint32_t)PWR_CR_DBP);
 129              		.loc 1 100 11
 130 0004 044B     		ldr	r3, .L8
 131 0006 1A68     		ldr	r2, [r3]
 132 0008 034B     		ldr	r3, .L8
 133 000a 0449     		ldr	r1, .L8+4
ARM GAS  C:\Users\mason\AppData\Local\Temp\ccXFid1e.s 			page 5


 134 000c 0A40     		ands	r2, r1
 135 000e 1A60     		str	r2, [r3]
 101:Drivers/STM32F0xx_HAL_Driver/Src/stm32f0xx_hal_pwr.c **** }
 136              		.loc 1 101 1
 137 0010 C046     		nop
 138 0012 BD46     		mov	sp, r7
 139              		@ sp needed
 140 0014 80BD     		pop	{r7, pc}
 141              	.L9:
 142 0016 C046     		.align	2
 143              	.L8:
 144 0018 00700040 		.word	1073770496
 145 001c FFFEFFFF 		.word	-257
 146              		.cfi_endproc
 147              	.LFE42:
 149              		.section	.text.HAL_PWR_EnableWakeUpPin,"ax",%progbits
 150              		.align	1
 151              		.global	HAL_PWR_EnableWakeUpPin
 152              		.syntax unified
 153              		.code	16
 154              		.thumb_func
 156              	HAL_PWR_EnableWakeUpPin:
 157              	.LFB43:
 102:Drivers/STM32F0xx_HAL_Driver/Src/stm32f0xx_hal_pwr.c **** 
 103:Drivers/STM32F0xx_HAL_Driver/Src/stm32f0xx_hal_pwr.c **** /**
 104:Drivers/STM32F0xx_HAL_Driver/Src/stm32f0xx_hal_pwr.c ****   * @}
 105:Drivers/STM32F0xx_HAL_Driver/Src/stm32f0xx_hal_pwr.c ****   */
 106:Drivers/STM32F0xx_HAL_Driver/Src/stm32f0xx_hal_pwr.c **** 
 107:Drivers/STM32F0xx_HAL_Driver/Src/stm32f0xx_hal_pwr.c **** /** @defgroup PWR_Exported_Functions_Group2 Peripheral Control functions 
 108:Drivers/STM32F0xx_HAL_Driver/Src/stm32f0xx_hal_pwr.c ****   *  @brief Low Power modes configuration functions
 109:Drivers/STM32F0xx_HAL_Driver/Src/stm32f0xx_hal_pwr.c ****   *
 110:Drivers/STM32F0xx_HAL_Driver/Src/stm32f0xx_hal_pwr.c **** @verbatim
 111:Drivers/STM32F0xx_HAL_Driver/Src/stm32f0xx_hal_pwr.c **** 
 112:Drivers/STM32F0xx_HAL_Driver/Src/stm32f0xx_hal_pwr.c ****  ===============================================================================
 113:Drivers/STM32F0xx_HAL_Driver/Src/stm32f0xx_hal_pwr.c ****                  ##### Peripheral Control functions #####
 114:Drivers/STM32F0xx_HAL_Driver/Src/stm32f0xx_hal_pwr.c ****  ===============================================================================
 115:Drivers/STM32F0xx_HAL_Driver/Src/stm32f0xx_hal_pwr.c ****     
 116:Drivers/STM32F0xx_HAL_Driver/Src/stm32f0xx_hal_pwr.c ****     *** WakeUp pin configuration ***
 117:Drivers/STM32F0xx_HAL_Driver/Src/stm32f0xx_hal_pwr.c ****     ================================
 118:Drivers/STM32F0xx_HAL_Driver/Src/stm32f0xx_hal_pwr.c ****     [..]
 119:Drivers/STM32F0xx_HAL_Driver/Src/stm32f0xx_hal_pwr.c ****       (+) WakeUp pin is used to wakeup the system from Standby mode. This pin is
 120:Drivers/STM32F0xx_HAL_Driver/Src/stm32f0xx_hal_pwr.c ****           forced in input pull down configuration and is active on rising edges.
 121:Drivers/STM32F0xx_HAL_Driver/Src/stm32f0xx_hal_pwr.c ****       (+) There are two WakeUp pins, and up to eight Wakeup pins on STM32F07x & STM32F09x devices.
 122:Drivers/STM32F0xx_HAL_Driver/Src/stm32f0xx_hal_pwr.c ****          (++)WakeUp Pin 1 on PA.00.
 123:Drivers/STM32F0xx_HAL_Driver/Src/stm32f0xx_hal_pwr.c ****          (++)WakeUp Pin 2 on PC.13.
 124:Drivers/STM32F0xx_HAL_Driver/Src/stm32f0xx_hal_pwr.c ****          (++)WakeUp Pin 3 on PE.06.(STM32F07x/STM32F09x)
 125:Drivers/STM32F0xx_HAL_Driver/Src/stm32f0xx_hal_pwr.c ****          (++)WakeUp Pin 4 on PA.02.(STM32F07x/STM32F09x)
 126:Drivers/STM32F0xx_HAL_Driver/Src/stm32f0xx_hal_pwr.c ****          (++)WakeUp Pin 5 on PC.05.(STM32F07x/STM32F09x)
 127:Drivers/STM32F0xx_HAL_Driver/Src/stm32f0xx_hal_pwr.c ****          (++)WakeUp Pin 6 on PB.05.(STM32F07x/STM32F09x)
 128:Drivers/STM32F0xx_HAL_Driver/Src/stm32f0xx_hal_pwr.c ****          (++)WakeUp Pin 7 on PB.15.(STM32F07x/STM32F09x)
 129:Drivers/STM32F0xx_HAL_Driver/Src/stm32f0xx_hal_pwr.c ****          (++)WakeUp Pin 8 on PF.02.(STM32F07x/STM32F09x)
 130:Drivers/STM32F0xx_HAL_Driver/Src/stm32f0xx_hal_pwr.c **** 
 131:Drivers/STM32F0xx_HAL_Driver/Src/stm32f0xx_hal_pwr.c ****     *** Low Power modes configuration ***
 132:Drivers/STM32F0xx_HAL_Driver/Src/stm32f0xx_hal_pwr.c ****     =====================================
 133:Drivers/STM32F0xx_HAL_Driver/Src/stm32f0xx_hal_pwr.c ****     [..]
 134:Drivers/STM32F0xx_HAL_Driver/Src/stm32f0xx_hal_pwr.c ****       The devices feature 3 low-power modes:
 135:Drivers/STM32F0xx_HAL_Driver/Src/stm32f0xx_hal_pwr.c ****       (+) Sleep mode: Cortex-M0 core stopped, peripherals kept running.
ARM GAS  C:\Users\mason\AppData\Local\Temp\ccXFid1e.s 			page 6


 136:Drivers/STM32F0xx_HAL_Driver/Src/stm32f0xx_hal_pwr.c ****       (+) Stop mode: all clocks are stopped, regulator running, regulator
 137:Drivers/STM32F0xx_HAL_Driver/Src/stm32f0xx_hal_pwr.c ****           in low power mode
 138:Drivers/STM32F0xx_HAL_Driver/Src/stm32f0xx_hal_pwr.c ****       (+) Standby mode: 1.2V domain powered off (mode not available on STM32F0x8 devices).
 139:Drivers/STM32F0xx_HAL_Driver/Src/stm32f0xx_hal_pwr.c **** 
 140:Drivers/STM32F0xx_HAL_Driver/Src/stm32f0xx_hal_pwr.c ****    *** Sleep mode ***
 141:Drivers/STM32F0xx_HAL_Driver/Src/stm32f0xx_hal_pwr.c ****    ==================
 142:Drivers/STM32F0xx_HAL_Driver/Src/stm32f0xx_hal_pwr.c ****     [..]
 143:Drivers/STM32F0xx_HAL_Driver/Src/stm32f0xx_hal_pwr.c ****       (+) Entry:
 144:Drivers/STM32F0xx_HAL_Driver/Src/stm32f0xx_hal_pwr.c ****           The Sleep mode is entered by using the HAL_PWR_EnterSLEEPMode(PWR_MAINREGULATOR_ON, PWR_S
 145:Drivers/STM32F0xx_HAL_Driver/Src/stm32f0xx_hal_pwr.c ****               functions with
 146:Drivers/STM32F0xx_HAL_Driver/Src/stm32f0xx_hal_pwr.c ****           (++) PWR_SLEEPENTRY_WFI: enter SLEEP mode with WFI instruction
 147:Drivers/STM32F0xx_HAL_Driver/Src/stm32f0xx_hal_pwr.c ****           (++) PWR_SLEEPENTRY_WFE: enter SLEEP mode with WFE instruction
 148:Drivers/STM32F0xx_HAL_Driver/Src/stm32f0xx_hal_pwr.c ****      
 149:Drivers/STM32F0xx_HAL_Driver/Src/stm32f0xx_hal_pwr.c ****       (+) Exit:
 150:Drivers/STM32F0xx_HAL_Driver/Src/stm32f0xx_hal_pwr.c ****         (++) Any peripheral interrupt acknowledged by the nested vectored interrupt
 151:Drivers/STM32F0xx_HAL_Driver/Src/stm32f0xx_hal_pwr.c ****               controller (NVIC) can wake up the device from Sleep mode.
 152:Drivers/STM32F0xx_HAL_Driver/Src/stm32f0xx_hal_pwr.c **** 
 153:Drivers/STM32F0xx_HAL_Driver/Src/stm32f0xx_hal_pwr.c ****    *** Stop mode ***
 154:Drivers/STM32F0xx_HAL_Driver/Src/stm32f0xx_hal_pwr.c ****    =================
 155:Drivers/STM32F0xx_HAL_Driver/Src/stm32f0xx_hal_pwr.c ****     [..]
 156:Drivers/STM32F0xx_HAL_Driver/Src/stm32f0xx_hal_pwr.c ****       In Stop mode, all clocks in the 1.8V domain are stopped, the PLL, the HSI,
 157:Drivers/STM32F0xx_HAL_Driver/Src/stm32f0xx_hal_pwr.c ****       and the HSE RC oscillators are disabled. Internal SRAM and register contents
 158:Drivers/STM32F0xx_HAL_Driver/Src/stm32f0xx_hal_pwr.c ****       are preserved.
 159:Drivers/STM32F0xx_HAL_Driver/Src/stm32f0xx_hal_pwr.c ****       The voltage regulator can be configured either in normal or low-power mode.
 160:Drivers/STM32F0xx_HAL_Driver/Src/stm32f0xx_hal_pwr.c ****       To minimize the consumption.
 161:Drivers/STM32F0xx_HAL_Driver/Src/stm32f0xx_hal_pwr.c **** 
 162:Drivers/STM32F0xx_HAL_Driver/Src/stm32f0xx_hal_pwr.c ****       (+) Entry:
 163:Drivers/STM32F0xx_HAL_Driver/Src/stm32f0xx_hal_pwr.c ****           The Stop mode is entered using the HAL_PWR_EnterSTOPMode(PWR_MAINREGULATOR_ON, PWR_STOPEN
 164:Drivers/STM32F0xx_HAL_Driver/Src/stm32f0xx_hal_pwr.c ****              function with:
 165:Drivers/STM32F0xx_HAL_Driver/Src/stm32f0xx_hal_pwr.c ****           (++) Main regulator ON.
 166:Drivers/STM32F0xx_HAL_Driver/Src/stm32f0xx_hal_pwr.c ****           (++) Low Power regulator ON.
 167:Drivers/STM32F0xx_HAL_Driver/Src/stm32f0xx_hal_pwr.c ****           (++) PWR_STOPENTRY_WFI: enter STOP mode with WFI instruction
 168:Drivers/STM32F0xx_HAL_Driver/Src/stm32f0xx_hal_pwr.c ****           (++) PWR_STOPENTRY_WFE: enter STOP mode with WFE instruction
 169:Drivers/STM32F0xx_HAL_Driver/Src/stm32f0xx_hal_pwr.c ****       (+) Exit:
 170:Drivers/STM32F0xx_HAL_Driver/Src/stm32f0xx_hal_pwr.c ****           (++) Any EXTI Line (Internal or External) configured in Interrupt/Event mode.
 171:Drivers/STM32F0xx_HAL_Driver/Src/stm32f0xx_hal_pwr.c ****           (++) Some specific communication peripherals (CEC, USART, I2C) interrupts, 
 172:Drivers/STM32F0xx_HAL_Driver/Src/stm32f0xx_hal_pwr.c ****                when programmed in wakeup mode (the peripheral must be 
 173:Drivers/STM32F0xx_HAL_Driver/Src/stm32f0xx_hal_pwr.c ****                programmed in wakeup mode and the corresponding interrupt vector 
 174:Drivers/STM32F0xx_HAL_Driver/Src/stm32f0xx_hal_pwr.c ****                must be enabled in the NVIC)
 175:Drivers/STM32F0xx_HAL_Driver/Src/stm32f0xx_hal_pwr.c **** 
 176:Drivers/STM32F0xx_HAL_Driver/Src/stm32f0xx_hal_pwr.c ****    *** Standby mode ***
 177:Drivers/STM32F0xx_HAL_Driver/Src/stm32f0xx_hal_pwr.c ****    ====================
 178:Drivers/STM32F0xx_HAL_Driver/Src/stm32f0xx_hal_pwr.c ****      [..]
 179:Drivers/STM32F0xx_HAL_Driver/Src/stm32f0xx_hal_pwr.c ****       The Standby mode allows to achieve the lowest power consumption. It is based
 180:Drivers/STM32F0xx_HAL_Driver/Src/stm32f0xx_hal_pwr.c ****       on the Cortex-M0 deep sleep mode, with the voltage regulator disabled.
 181:Drivers/STM32F0xx_HAL_Driver/Src/stm32f0xx_hal_pwr.c ****       The 1.8V domain is consequently powered off. The PLL, the HSI oscillator and
 182:Drivers/STM32F0xx_HAL_Driver/Src/stm32f0xx_hal_pwr.c ****       the HSE oscillator are also switched off. SRAM and register contents are lost
 183:Drivers/STM32F0xx_HAL_Driver/Src/stm32f0xx_hal_pwr.c ****       except for the RTC registers, RTC backup registers and Standby circuitry.
 184:Drivers/STM32F0xx_HAL_Driver/Src/stm32f0xx_hal_pwr.c ****       The voltage regulator is OFF.
 185:Drivers/STM32F0xx_HAL_Driver/Src/stm32f0xx_hal_pwr.c **** 
 186:Drivers/STM32F0xx_HAL_Driver/Src/stm32f0xx_hal_pwr.c ****       (+) Entry:
 187:Drivers/STM32F0xx_HAL_Driver/Src/stm32f0xx_hal_pwr.c ****           (++) The Standby mode is entered using the HAL_PWR_EnterSTANDBYMode() function.
 188:Drivers/STM32F0xx_HAL_Driver/Src/stm32f0xx_hal_pwr.c ****       (+) Exit:
 189:Drivers/STM32F0xx_HAL_Driver/Src/stm32f0xx_hal_pwr.c ****           (++) WKUP pin rising edge, RTC alarm (Alarm A), RTC wakeup,
 190:Drivers/STM32F0xx_HAL_Driver/Src/stm32f0xx_hal_pwr.c ****                tamper event, time-stamp event, external reset in NRST pin, IWDG reset.
 191:Drivers/STM32F0xx_HAL_Driver/Src/stm32f0xx_hal_pwr.c **** 
 192:Drivers/STM32F0xx_HAL_Driver/Src/stm32f0xx_hal_pwr.c ****    *** Auto-wakeup (AWU) from low-power mode ***
ARM GAS  C:\Users\mason\AppData\Local\Temp\ccXFid1e.s 			page 7


 193:Drivers/STM32F0xx_HAL_Driver/Src/stm32f0xx_hal_pwr.c ****    =============================================
 194:Drivers/STM32F0xx_HAL_Driver/Src/stm32f0xx_hal_pwr.c ****     [..]
 195:Drivers/STM32F0xx_HAL_Driver/Src/stm32f0xx_hal_pwr.c ****       The MCU can be woken up from low-power mode by an RTC Alarm event, an RTC
 196:Drivers/STM32F0xx_HAL_Driver/Src/stm32f0xx_hal_pwr.c ****       Wakeup event, a tamper event, a time-stamp event, or a comparator event, 
 197:Drivers/STM32F0xx_HAL_Driver/Src/stm32f0xx_hal_pwr.c ****       without depending on an external interrupt (Auto-wakeup mode).
 198:Drivers/STM32F0xx_HAL_Driver/Src/stm32f0xx_hal_pwr.c **** 
 199:Drivers/STM32F0xx_HAL_Driver/Src/stm32f0xx_hal_pwr.c ****     (+) RTC auto-wakeup (AWU) from the Stop and Standby modes
 200:Drivers/STM32F0xx_HAL_Driver/Src/stm32f0xx_hal_pwr.c **** 
 201:Drivers/STM32F0xx_HAL_Driver/Src/stm32f0xx_hal_pwr.c ****       (++) To wake up from the Stop mode with an RTC alarm event, it is necessary to
 202:Drivers/STM32F0xx_HAL_Driver/Src/stm32f0xx_hal_pwr.c ****             configure the RTC to generate the RTC alarm using the HAL_RTC_SetAlarm_IT() function.
 203:Drivers/STM32F0xx_HAL_Driver/Src/stm32f0xx_hal_pwr.c **** 
 204:Drivers/STM32F0xx_HAL_Driver/Src/stm32f0xx_hal_pwr.c ****       (++) To wake up from the Stop mode with an RTC Tamper or time stamp event, it
 205:Drivers/STM32F0xx_HAL_Driver/Src/stm32f0xx_hal_pwr.c ****            is necessary to configure the RTC to detect the tamper or time stamp event using the
 206:Drivers/STM32F0xx_HAL_Driver/Src/stm32f0xx_hal_pwr.c ****            HAL_RTC_SetTimeStamp_IT() or HAL_RTC_SetTamper_IT() functions.
 207:Drivers/STM32F0xx_HAL_Driver/Src/stm32f0xx_hal_pwr.c **** 
 208:Drivers/STM32F0xx_HAL_Driver/Src/stm32f0xx_hal_pwr.c ****       (++) To wake up from the Stop mode with an RTC WakeUp event, it is necessary to
 209:Drivers/STM32F0xx_HAL_Driver/Src/stm32f0xx_hal_pwr.c ****            configure the RTC to generate the RTC WakeUp event using the HAL_RTC_SetWakeUpTimer_IT()
 210:Drivers/STM32F0xx_HAL_Driver/Src/stm32f0xx_hal_pwr.c **** 
 211:Drivers/STM32F0xx_HAL_Driver/Src/stm32f0xx_hal_pwr.c ****     (+) Comparator auto-wakeup (AWU) from the Stop mode
 212:Drivers/STM32F0xx_HAL_Driver/Src/stm32f0xx_hal_pwr.c **** 
 213:Drivers/STM32F0xx_HAL_Driver/Src/stm32f0xx_hal_pwr.c ****       (++) To wake up from the Stop mode with a comparator wakeup event, it is necessary to:
 214:Drivers/STM32F0xx_HAL_Driver/Src/stm32f0xx_hal_pwr.c ****            (+++) Configure the EXTI Line associated with the comparator (example EXTI Line 22 for c
 215:Drivers/STM32F0xx_HAL_Driver/Src/stm32f0xx_hal_pwr.c ****                  to be sensitive to to the selected edges (falling, rising or falling 
 216:Drivers/STM32F0xx_HAL_Driver/Src/stm32f0xx_hal_pwr.c ****                  and rising) (Interrupt or Event modes) using the EXTI_Init() function.
 217:Drivers/STM32F0xx_HAL_Driver/Src/stm32f0xx_hal_pwr.c ****            (+++) Configure the comparator to generate the event.      
 218:Drivers/STM32F0xx_HAL_Driver/Src/stm32f0xx_hal_pwr.c **** @endverbatim
 219:Drivers/STM32F0xx_HAL_Driver/Src/stm32f0xx_hal_pwr.c ****   * @{
 220:Drivers/STM32F0xx_HAL_Driver/Src/stm32f0xx_hal_pwr.c ****   */
 221:Drivers/STM32F0xx_HAL_Driver/Src/stm32f0xx_hal_pwr.c **** 
 222:Drivers/STM32F0xx_HAL_Driver/Src/stm32f0xx_hal_pwr.c **** /**
 223:Drivers/STM32F0xx_HAL_Driver/Src/stm32f0xx_hal_pwr.c ****   * @brief Enables the WakeUp PINx functionality.
 224:Drivers/STM32F0xx_HAL_Driver/Src/stm32f0xx_hal_pwr.c ****   * @param WakeUpPinx Specifies the Power Wake-Up pin to enable.
 225:Drivers/STM32F0xx_HAL_Driver/Src/stm32f0xx_hal_pwr.c ****   *         This parameter can be value of :
 226:Drivers/STM32F0xx_HAL_Driver/Src/stm32f0xx_hal_pwr.c ****   *           @ref PWREx_WakeUp_Pins
 227:Drivers/STM32F0xx_HAL_Driver/Src/stm32f0xx_hal_pwr.c ****   * @retval None
 228:Drivers/STM32F0xx_HAL_Driver/Src/stm32f0xx_hal_pwr.c ****   */
 229:Drivers/STM32F0xx_HAL_Driver/Src/stm32f0xx_hal_pwr.c **** void HAL_PWR_EnableWakeUpPin(uint32_t WakeUpPinx)
 230:Drivers/STM32F0xx_HAL_Driver/Src/stm32f0xx_hal_pwr.c **** {
 158              		.loc 1 230 1
 159              		.cfi_startproc
 160              		@ args = 0, pretend = 0, frame = 8
 161              		@ frame_needed = 1, uses_anonymous_args = 0
 162 0000 80B5     		push	{r7, lr}
 163              	.LCFI6:
 164              		.cfi_def_cfa_offset 8
 165              		.cfi_offset 7, -8
 166              		.cfi_offset 14, -4
 167 0002 82B0     		sub	sp, sp, #8
 168              	.LCFI7:
 169              		.cfi_def_cfa_offset 16
 170 0004 00AF     		add	r7, sp, #0
 171              	.LCFI8:
 172              		.cfi_def_cfa_register 7
 173 0006 7860     		str	r0, [r7, #4]
 231:Drivers/STM32F0xx_HAL_Driver/Src/stm32f0xx_hal_pwr.c ****   /* Check the parameters */
 232:Drivers/STM32F0xx_HAL_Driver/Src/stm32f0xx_hal_pwr.c ****   assert_param(IS_PWR_WAKEUP_PIN(WakeUpPinx));
 233:Drivers/STM32F0xx_HAL_Driver/Src/stm32f0xx_hal_pwr.c ****   /* Enable the EWUPx pin */
ARM GAS  C:\Users\mason\AppData\Local\Temp\ccXFid1e.s 			page 8


 234:Drivers/STM32F0xx_HAL_Driver/Src/stm32f0xx_hal_pwr.c ****   SET_BIT(PWR->CSR, WakeUpPinx);
 174              		.loc 1 234 3
 175 0008 044B     		ldr	r3, .L11
 176 000a 5968     		ldr	r1, [r3, #4]
 177 000c 034B     		ldr	r3, .L11
 178 000e 7A68     		ldr	r2, [r7, #4]
 179 0010 0A43     		orrs	r2, r1
 180 0012 5A60     		str	r2, [r3, #4]
 235:Drivers/STM32F0xx_HAL_Driver/Src/stm32f0xx_hal_pwr.c **** }
 181              		.loc 1 235 1
 182 0014 C046     		nop
 183 0016 BD46     		mov	sp, r7
 184 0018 02B0     		add	sp, sp, #8
 185              		@ sp needed
 186 001a 80BD     		pop	{r7, pc}
 187              	.L12:
 188              		.align	2
 189              	.L11:
 190 001c 00700040 		.word	1073770496
 191              		.cfi_endproc
 192              	.LFE43:
 194              		.section	.text.HAL_PWR_DisableWakeUpPin,"ax",%progbits
 195              		.align	1
 196              		.global	HAL_PWR_DisableWakeUpPin
 197              		.syntax unified
 198              		.code	16
 199              		.thumb_func
 201              	HAL_PWR_DisableWakeUpPin:
 202              	.LFB44:
 236:Drivers/STM32F0xx_HAL_Driver/Src/stm32f0xx_hal_pwr.c **** 
 237:Drivers/STM32F0xx_HAL_Driver/Src/stm32f0xx_hal_pwr.c **** /**
 238:Drivers/STM32F0xx_HAL_Driver/Src/stm32f0xx_hal_pwr.c ****   * @brief Disables the WakeUp PINx functionality.
 239:Drivers/STM32F0xx_HAL_Driver/Src/stm32f0xx_hal_pwr.c ****   * @param WakeUpPinx Specifies the Power Wake-Up pin to disable.
 240:Drivers/STM32F0xx_HAL_Driver/Src/stm32f0xx_hal_pwr.c ****   *         This parameter can be values of :
 241:Drivers/STM32F0xx_HAL_Driver/Src/stm32f0xx_hal_pwr.c ****   *           @ref PWREx_WakeUp_Pins
 242:Drivers/STM32F0xx_HAL_Driver/Src/stm32f0xx_hal_pwr.c ****   * @retval None
 243:Drivers/STM32F0xx_HAL_Driver/Src/stm32f0xx_hal_pwr.c ****   */
 244:Drivers/STM32F0xx_HAL_Driver/Src/stm32f0xx_hal_pwr.c **** void HAL_PWR_DisableWakeUpPin(uint32_t WakeUpPinx)
 245:Drivers/STM32F0xx_HAL_Driver/Src/stm32f0xx_hal_pwr.c **** {
 203              		.loc 1 245 1
 204              		.cfi_startproc
 205              		@ args = 0, pretend = 0, frame = 8
 206              		@ frame_needed = 1, uses_anonymous_args = 0
 207 0000 80B5     		push	{r7, lr}
 208              	.LCFI9:
 209              		.cfi_def_cfa_offset 8
 210              		.cfi_offset 7, -8
 211              		.cfi_offset 14, -4
 212 0002 82B0     		sub	sp, sp, #8
 213              	.LCFI10:
 214              		.cfi_def_cfa_offset 16
 215 0004 00AF     		add	r7, sp, #0
 216              	.LCFI11:
 217              		.cfi_def_cfa_register 7
 218 0006 7860     		str	r0, [r7, #4]
 246:Drivers/STM32F0xx_HAL_Driver/Src/stm32f0xx_hal_pwr.c ****   /* Check the parameters */
 247:Drivers/STM32F0xx_HAL_Driver/Src/stm32f0xx_hal_pwr.c ****   assert_param(IS_PWR_WAKEUP_PIN(WakeUpPinx));
ARM GAS  C:\Users\mason\AppData\Local\Temp\ccXFid1e.s 			page 9


 248:Drivers/STM32F0xx_HAL_Driver/Src/stm32f0xx_hal_pwr.c ****   /* Disable the EWUPx pin */
 249:Drivers/STM32F0xx_HAL_Driver/Src/stm32f0xx_hal_pwr.c ****   CLEAR_BIT(PWR->CSR, WakeUpPinx);
 219              		.loc 1 249 3
 220 0008 054B     		ldr	r3, .L14
 221 000a 5A68     		ldr	r2, [r3, #4]
 222 000c 7B68     		ldr	r3, [r7, #4]
 223 000e D943     		mvns	r1, r3
 224 0010 034B     		ldr	r3, .L14
 225 0012 0A40     		ands	r2, r1
 226 0014 5A60     		str	r2, [r3, #4]
 250:Drivers/STM32F0xx_HAL_Driver/Src/stm32f0xx_hal_pwr.c **** }
 227              		.loc 1 250 1
 228 0016 C046     		nop
 229 0018 BD46     		mov	sp, r7
 230 001a 02B0     		add	sp, sp, #8
 231              		@ sp needed
 232 001c 80BD     		pop	{r7, pc}
 233              	.L15:
 234 001e C046     		.align	2
 235              	.L14:
 236 0020 00700040 		.word	1073770496
 237              		.cfi_endproc
 238              	.LFE44:
 240              		.section	.text.HAL_PWR_EnterSLEEPMode,"ax",%progbits
 241              		.align	1
 242              		.global	HAL_PWR_EnterSLEEPMode
 243              		.syntax unified
 244              		.code	16
 245              		.thumb_func
 247              	HAL_PWR_EnterSLEEPMode:
 248              	.LFB45:
 251:Drivers/STM32F0xx_HAL_Driver/Src/stm32f0xx_hal_pwr.c **** 
 252:Drivers/STM32F0xx_HAL_Driver/Src/stm32f0xx_hal_pwr.c **** /**
 253:Drivers/STM32F0xx_HAL_Driver/Src/stm32f0xx_hal_pwr.c ****   * @brief Enters Sleep mode.
 254:Drivers/STM32F0xx_HAL_Driver/Src/stm32f0xx_hal_pwr.c ****   * @note  In Sleep mode, all I/O pins keep the same state as in Run mode.
 255:Drivers/STM32F0xx_HAL_Driver/Src/stm32f0xx_hal_pwr.c ****   * @param Regulator Specifies the regulator state in SLEEP mode.
 256:Drivers/STM32F0xx_HAL_Driver/Src/stm32f0xx_hal_pwr.c ****   *           On STM32F0 devices, this parameter is a dummy value and it is ignored
 257:Drivers/STM32F0xx_HAL_Driver/Src/stm32f0xx_hal_pwr.c ****   *           as regulator can't be modified in this mode. Parameter is kept for platform
 258:Drivers/STM32F0xx_HAL_Driver/Src/stm32f0xx_hal_pwr.c ****   *           compatibility.
 259:Drivers/STM32F0xx_HAL_Driver/Src/stm32f0xx_hal_pwr.c ****   * @param SLEEPEntry Specifies if SLEEP mode is entered with WFI or WFE instruction.
 260:Drivers/STM32F0xx_HAL_Driver/Src/stm32f0xx_hal_pwr.c ****   *           When WFI entry is used, tick interrupt have to be disabled if not desired as 
 261:Drivers/STM32F0xx_HAL_Driver/Src/stm32f0xx_hal_pwr.c ****   *           the interrupt wake up source.
 262:Drivers/STM32F0xx_HAL_Driver/Src/stm32f0xx_hal_pwr.c ****   *           This parameter can be one of the following values:
 263:Drivers/STM32F0xx_HAL_Driver/Src/stm32f0xx_hal_pwr.c ****   *            @arg PWR_SLEEPENTRY_WFI: enter SLEEP mode with WFI instruction
 264:Drivers/STM32F0xx_HAL_Driver/Src/stm32f0xx_hal_pwr.c ****   *            @arg PWR_SLEEPENTRY_WFE: enter SLEEP mode with WFE instruction
 265:Drivers/STM32F0xx_HAL_Driver/Src/stm32f0xx_hal_pwr.c ****   * @retval None
 266:Drivers/STM32F0xx_HAL_Driver/Src/stm32f0xx_hal_pwr.c ****   */
 267:Drivers/STM32F0xx_HAL_Driver/Src/stm32f0xx_hal_pwr.c **** void HAL_PWR_EnterSLEEPMode(uint32_t Regulator, uint8_t SLEEPEntry)
 268:Drivers/STM32F0xx_HAL_Driver/Src/stm32f0xx_hal_pwr.c **** {
 249              		.loc 1 268 1
 250              		.cfi_startproc
 251              		@ args = 0, pretend = 0, frame = 8
 252              		@ frame_needed = 1, uses_anonymous_args = 0
 253 0000 80B5     		push	{r7, lr}
 254              	.LCFI12:
 255              		.cfi_def_cfa_offset 8
 256              		.cfi_offset 7, -8
ARM GAS  C:\Users\mason\AppData\Local\Temp\ccXFid1e.s 			page 10


 257              		.cfi_offset 14, -4
 258 0002 82B0     		sub	sp, sp, #8
 259              	.LCFI13:
 260              		.cfi_def_cfa_offset 16
 261 0004 00AF     		add	r7, sp, #0
 262              	.LCFI14:
 263              		.cfi_def_cfa_register 7
 264 0006 7860     		str	r0, [r7, #4]
 265 0008 0A00     		movs	r2, r1
 266 000a FB1C     		adds	r3, r7, #3
 267 000c 1A70     		strb	r2, [r3]
 269:Drivers/STM32F0xx_HAL_Driver/Src/stm32f0xx_hal_pwr.c ****   /* Check the parameters */
 270:Drivers/STM32F0xx_HAL_Driver/Src/stm32f0xx_hal_pwr.c ****   assert_param(IS_PWR_REGULATOR(Regulator));
 271:Drivers/STM32F0xx_HAL_Driver/Src/stm32f0xx_hal_pwr.c ****   assert_param(IS_PWR_SLEEP_ENTRY(SLEEPEntry));
 272:Drivers/STM32F0xx_HAL_Driver/Src/stm32f0xx_hal_pwr.c **** 
 273:Drivers/STM32F0xx_HAL_Driver/Src/stm32f0xx_hal_pwr.c ****   /* Clear SLEEPDEEP bit of Cortex System Control Register */
 274:Drivers/STM32F0xx_HAL_Driver/Src/stm32f0xx_hal_pwr.c ****   SCB->SCR &= (uint32_t)~((uint32_t)SCB_SCR_SLEEPDEEP_Msk);
 268              		.loc 1 274 12
 269 000e 094B     		ldr	r3, .L20
 270 0010 1A69     		ldr	r2, [r3, #16]
 271 0012 084B     		ldr	r3, .L20
 272 0014 0421     		movs	r1, #4
 273 0016 8A43     		bics	r2, r1
 274 0018 1A61     		str	r2, [r3, #16]
 275:Drivers/STM32F0xx_HAL_Driver/Src/stm32f0xx_hal_pwr.c **** 
 276:Drivers/STM32F0xx_HAL_Driver/Src/stm32f0xx_hal_pwr.c ****   /* Select SLEEP mode entry -------------------------------------------------*/
 277:Drivers/STM32F0xx_HAL_Driver/Src/stm32f0xx_hal_pwr.c ****   if(SLEEPEntry == PWR_SLEEPENTRY_WFI)
 275              		.loc 1 277 5
 276 001a FB1C     		adds	r3, r7, #3
 277 001c 1B78     		ldrb	r3, [r3]
 278 001e 012B     		cmp	r3, #1
 279 0020 01D1     		bne	.L17
 278:Drivers/STM32F0xx_HAL_Driver/Src/stm32f0xx_hal_pwr.c ****   {
 279:Drivers/STM32F0xx_HAL_Driver/Src/stm32f0xx_hal_pwr.c ****     /* Request Wait For Interrupt */
 280:Drivers/STM32F0xx_HAL_Driver/Src/stm32f0xx_hal_pwr.c ****     __WFI();
 280              		.loc 1 280 5
 281              		.syntax divided
 282              	@ 280 "Drivers/STM32F0xx_HAL_Driver/Src/stm32f0xx_hal_pwr.c" 1
 283 0022 30BF     		wfi
 284              	@ 0 "" 2
 281:Drivers/STM32F0xx_HAL_Driver/Src/stm32f0xx_hal_pwr.c ****   }
 282:Drivers/STM32F0xx_HAL_Driver/Src/stm32f0xx_hal_pwr.c ****   else
 283:Drivers/STM32F0xx_HAL_Driver/Src/stm32f0xx_hal_pwr.c ****   {
 284:Drivers/STM32F0xx_HAL_Driver/Src/stm32f0xx_hal_pwr.c ****     /* Request Wait For Event */
 285:Drivers/STM32F0xx_HAL_Driver/Src/stm32f0xx_hal_pwr.c ****     __SEV();
 286:Drivers/STM32F0xx_HAL_Driver/Src/stm32f0xx_hal_pwr.c ****     __WFE();
 287:Drivers/STM32F0xx_HAL_Driver/Src/stm32f0xx_hal_pwr.c ****     __WFE();
 288:Drivers/STM32F0xx_HAL_Driver/Src/stm32f0xx_hal_pwr.c ****   }
 289:Drivers/STM32F0xx_HAL_Driver/Src/stm32f0xx_hal_pwr.c **** }
 285              		.loc 1 289 1
 286              		.thumb
 287              		.syntax unified
 288 0024 02E0     		b	.L19
 289              	.L17:
 285:Drivers/STM32F0xx_HAL_Driver/Src/stm32f0xx_hal_pwr.c ****     __WFE();
 290              		.loc 1 285 5
 291              		.syntax divided
ARM GAS  C:\Users\mason\AppData\Local\Temp\ccXFid1e.s 			page 11


 292              	@ 285 "Drivers/STM32F0xx_HAL_Driver/Src/stm32f0xx_hal_pwr.c" 1
 293 0026 40BF     		sev
 294              	@ 0 "" 2
 286:Drivers/STM32F0xx_HAL_Driver/Src/stm32f0xx_hal_pwr.c ****     __WFE();
 295              		.loc 1 286 5
 296              	@ 286 "Drivers/STM32F0xx_HAL_Driver/Src/stm32f0xx_hal_pwr.c" 1
 297 0028 20BF     		wfe
 298              	@ 0 "" 2
 287:Drivers/STM32F0xx_HAL_Driver/Src/stm32f0xx_hal_pwr.c ****   }
 299              		.loc 1 287 5
 300              	@ 287 "Drivers/STM32F0xx_HAL_Driver/Src/stm32f0xx_hal_pwr.c" 1
 301 002a 20BF     		wfe
 302              	@ 0 "" 2
 303              		.thumb
 304              		.syntax unified
 305              	.L19:
 306              		.loc 1 289 1
 307 002c C046     		nop
 308 002e BD46     		mov	sp, r7
 309 0030 02B0     		add	sp, sp, #8
 310              		@ sp needed
 311 0032 80BD     		pop	{r7, pc}
 312              	.L21:
 313              		.align	2
 314              	.L20:
 315 0034 00ED00E0 		.word	-536810240
 316              		.cfi_endproc
 317              	.LFE45:
 319              		.section	.text.HAL_PWR_EnterSTOPMode,"ax",%progbits
 320              		.align	1
 321              		.global	HAL_PWR_EnterSTOPMode
 322              		.syntax unified
 323              		.code	16
 324              		.thumb_func
 326              	HAL_PWR_EnterSTOPMode:
 327              	.LFB46:
 290:Drivers/STM32F0xx_HAL_Driver/Src/stm32f0xx_hal_pwr.c **** 
 291:Drivers/STM32F0xx_HAL_Driver/Src/stm32f0xx_hal_pwr.c **** /**
 292:Drivers/STM32F0xx_HAL_Driver/Src/stm32f0xx_hal_pwr.c ****   * @brief Enters STOP mode.
 293:Drivers/STM32F0xx_HAL_Driver/Src/stm32f0xx_hal_pwr.c ****   * @note  In Stop mode, all I/O pins keep the same state as in Run mode.
 294:Drivers/STM32F0xx_HAL_Driver/Src/stm32f0xx_hal_pwr.c ****   * @note  When exiting Stop mode by issuing an interrupt or a wakeup event,
 295:Drivers/STM32F0xx_HAL_Driver/Src/stm32f0xx_hal_pwr.c ****   *         the HSI RC oscillator is selected as system clock.
 296:Drivers/STM32F0xx_HAL_Driver/Src/stm32f0xx_hal_pwr.c ****   * @note  When the voltage regulator operates in low power mode, an additional
 297:Drivers/STM32F0xx_HAL_Driver/Src/stm32f0xx_hal_pwr.c ****   *         startup delay is incurred when waking up from Stop mode.
 298:Drivers/STM32F0xx_HAL_Driver/Src/stm32f0xx_hal_pwr.c ****   *         By keeping the internal regulator ON during Stop mode, the consumption
 299:Drivers/STM32F0xx_HAL_Driver/Src/stm32f0xx_hal_pwr.c ****   *         is higher although the startup time is reduced.
 300:Drivers/STM32F0xx_HAL_Driver/Src/stm32f0xx_hal_pwr.c ****   * @param Regulator Specifies the regulator state in STOP mode.
 301:Drivers/STM32F0xx_HAL_Driver/Src/stm32f0xx_hal_pwr.c ****   *          This parameter can be one of the following values:
 302:Drivers/STM32F0xx_HAL_Driver/Src/stm32f0xx_hal_pwr.c ****   *            @arg PWR_MAINREGULATOR_ON: STOP mode with regulator ON
 303:Drivers/STM32F0xx_HAL_Driver/Src/stm32f0xx_hal_pwr.c ****   *            @arg PWR_LOWPOWERREGULATOR_ON: STOP mode with low power regulator ON
 304:Drivers/STM32F0xx_HAL_Driver/Src/stm32f0xx_hal_pwr.c ****   * @param STOPEntry specifies if STOP mode in entered with WFI or WFE instruction.
 305:Drivers/STM32F0xx_HAL_Driver/Src/stm32f0xx_hal_pwr.c ****   *          This parameter can be one of the following values:
 306:Drivers/STM32F0xx_HAL_Driver/Src/stm32f0xx_hal_pwr.c ****   *            @arg PWR_STOPENTRY_WFI:Enter STOP mode with WFI instruction
 307:Drivers/STM32F0xx_HAL_Driver/Src/stm32f0xx_hal_pwr.c ****   *            @arg PWR_STOPENTRY_WFE: Enter STOP mode with WFE instruction
 308:Drivers/STM32F0xx_HAL_Driver/Src/stm32f0xx_hal_pwr.c ****   * @retval None
 309:Drivers/STM32F0xx_HAL_Driver/Src/stm32f0xx_hal_pwr.c ****   */
 310:Drivers/STM32F0xx_HAL_Driver/Src/stm32f0xx_hal_pwr.c **** void HAL_PWR_EnterSTOPMode(uint32_t Regulator, uint8_t STOPEntry)
ARM GAS  C:\Users\mason\AppData\Local\Temp\ccXFid1e.s 			page 12


 311:Drivers/STM32F0xx_HAL_Driver/Src/stm32f0xx_hal_pwr.c **** {
 328              		.loc 1 311 1
 329              		.cfi_startproc
 330              		@ args = 0, pretend = 0, frame = 16
 331              		@ frame_needed = 1, uses_anonymous_args = 0
 332 0000 80B5     		push	{r7, lr}
 333              	.LCFI15:
 334              		.cfi_def_cfa_offset 8
 335              		.cfi_offset 7, -8
 336              		.cfi_offset 14, -4
 337 0002 84B0     		sub	sp, sp, #16
 338              	.LCFI16:
 339              		.cfi_def_cfa_offset 24
 340 0004 00AF     		add	r7, sp, #0
 341              	.LCFI17:
 342              		.cfi_def_cfa_register 7
 343 0006 7860     		str	r0, [r7, #4]
 344 0008 0A00     		movs	r2, r1
 345 000a FB1C     		adds	r3, r7, #3
 346 000c 1A70     		strb	r2, [r3]
 312:Drivers/STM32F0xx_HAL_Driver/Src/stm32f0xx_hal_pwr.c ****   uint32_t tmpreg = 0;
 347              		.loc 1 312 12
 348 000e 0023     		movs	r3, #0
 349 0010 FB60     		str	r3, [r7, #12]
 313:Drivers/STM32F0xx_HAL_Driver/Src/stm32f0xx_hal_pwr.c **** 
 314:Drivers/STM32F0xx_HAL_Driver/Src/stm32f0xx_hal_pwr.c ****   /* Check the parameters */
 315:Drivers/STM32F0xx_HAL_Driver/Src/stm32f0xx_hal_pwr.c ****   assert_param(IS_PWR_REGULATOR(Regulator));
 316:Drivers/STM32F0xx_HAL_Driver/Src/stm32f0xx_hal_pwr.c ****   assert_param(IS_PWR_STOP_ENTRY(STOPEntry));
 317:Drivers/STM32F0xx_HAL_Driver/Src/stm32f0xx_hal_pwr.c **** 
 318:Drivers/STM32F0xx_HAL_Driver/Src/stm32f0xx_hal_pwr.c ****   /* Select the regulator state in STOP mode ---------------------------------*/
 319:Drivers/STM32F0xx_HAL_Driver/Src/stm32f0xx_hal_pwr.c ****   tmpreg = PWR->CR;
 350              		.loc 1 319 15
 351 0012 134B     		ldr	r3, .L25
 352              		.loc 1 319 10
 353 0014 1B68     		ldr	r3, [r3]
 354 0016 FB60     		str	r3, [r7, #12]
 320:Drivers/STM32F0xx_HAL_Driver/Src/stm32f0xx_hal_pwr.c ****   
 321:Drivers/STM32F0xx_HAL_Driver/Src/stm32f0xx_hal_pwr.c ****   /* Clear PDDS and LPDS bits */
 322:Drivers/STM32F0xx_HAL_Driver/Src/stm32f0xx_hal_pwr.c ****   tmpreg &= (uint32_t)~(PWR_CR_PDDS | PWR_CR_LPDS);
 355              		.loc 1 322 10
 356 0018 FB68     		ldr	r3, [r7, #12]
 357 001a 0322     		movs	r2, #3
 358 001c 9343     		bics	r3, r2
 359 001e FB60     		str	r3, [r7, #12]
 323:Drivers/STM32F0xx_HAL_Driver/Src/stm32f0xx_hal_pwr.c **** 
 324:Drivers/STM32F0xx_HAL_Driver/Src/stm32f0xx_hal_pwr.c ****   /* Set LPDS bit according to Regulator value */
 325:Drivers/STM32F0xx_HAL_Driver/Src/stm32f0xx_hal_pwr.c ****   tmpreg |= Regulator;
 360              		.loc 1 325 10
 361 0020 FA68     		ldr	r2, [r7, #12]
 362 0022 7B68     		ldr	r3, [r7, #4]
 363 0024 1343     		orrs	r3, r2
 364 0026 FB60     		str	r3, [r7, #12]
 326:Drivers/STM32F0xx_HAL_Driver/Src/stm32f0xx_hal_pwr.c **** 
 327:Drivers/STM32F0xx_HAL_Driver/Src/stm32f0xx_hal_pwr.c ****   /* Store the new value */
 328:Drivers/STM32F0xx_HAL_Driver/Src/stm32f0xx_hal_pwr.c ****   PWR->CR = tmpreg;
 365              		.loc 1 328 6
 366 0028 0D4B     		ldr	r3, .L25
ARM GAS  C:\Users\mason\AppData\Local\Temp\ccXFid1e.s 			page 13


 367              		.loc 1 328 11
 368 002a FA68     		ldr	r2, [r7, #12]
 369 002c 1A60     		str	r2, [r3]
 329:Drivers/STM32F0xx_HAL_Driver/Src/stm32f0xx_hal_pwr.c **** 
 330:Drivers/STM32F0xx_HAL_Driver/Src/stm32f0xx_hal_pwr.c ****   /* Set SLEEPDEEP bit of Cortex System Control Register */
 331:Drivers/STM32F0xx_HAL_Driver/Src/stm32f0xx_hal_pwr.c ****   SCB->SCR |= SCB_SCR_SLEEPDEEP_Msk;
 370              		.loc 1 331 12
 371 002e 0D4B     		ldr	r3, .L25+4
 372 0030 1A69     		ldr	r2, [r3, #16]
 373 0032 0C4B     		ldr	r3, .L25+4
 374 0034 0421     		movs	r1, #4
 375 0036 0A43     		orrs	r2, r1
 376 0038 1A61     		str	r2, [r3, #16]
 332:Drivers/STM32F0xx_HAL_Driver/Src/stm32f0xx_hal_pwr.c **** 
 333:Drivers/STM32F0xx_HAL_Driver/Src/stm32f0xx_hal_pwr.c ****   /* Select STOP mode entry --------------------------------------------------*/
 334:Drivers/STM32F0xx_HAL_Driver/Src/stm32f0xx_hal_pwr.c ****   if(STOPEntry == PWR_STOPENTRY_WFI)
 377              		.loc 1 334 5
 378 003a FB1C     		adds	r3, r7, #3
 379 003c 1B78     		ldrb	r3, [r3]
 380 003e 012B     		cmp	r3, #1
 381 0040 01D1     		bne	.L23
 335:Drivers/STM32F0xx_HAL_Driver/Src/stm32f0xx_hal_pwr.c ****   {
 336:Drivers/STM32F0xx_HAL_Driver/Src/stm32f0xx_hal_pwr.c ****     /* Request Wait For Interrupt */
 337:Drivers/STM32F0xx_HAL_Driver/Src/stm32f0xx_hal_pwr.c ****     __WFI();
 382              		.loc 1 337 5
 383              		.syntax divided
 384              	@ 337 "Drivers/STM32F0xx_HAL_Driver/Src/stm32f0xx_hal_pwr.c" 1
 385 0042 30BF     		wfi
 386              	@ 0 "" 2
 387              		.thumb
 388              		.syntax unified
 389 0044 02E0     		b	.L24
 390              	.L23:
 338:Drivers/STM32F0xx_HAL_Driver/Src/stm32f0xx_hal_pwr.c ****   }
 339:Drivers/STM32F0xx_HAL_Driver/Src/stm32f0xx_hal_pwr.c ****   else
 340:Drivers/STM32F0xx_HAL_Driver/Src/stm32f0xx_hal_pwr.c ****   {
 341:Drivers/STM32F0xx_HAL_Driver/Src/stm32f0xx_hal_pwr.c ****     /* Request Wait For Event */
 342:Drivers/STM32F0xx_HAL_Driver/Src/stm32f0xx_hal_pwr.c ****     __SEV();
 391              		.loc 1 342 5
 392              		.syntax divided
 393              	@ 342 "Drivers/STM32F0xx_HAL_Driver/Src/stm32f0xx_hal_pwr.c" 1
 394 0046 40BF     		sev
 395              	@ 0 "" 2
 343:Drivers/STM32F0xx_HAL_Driver/Src/stm32f0xx_hal_pwr.c ****     __WFE();
 396              		.loc 1 343 5
 397              	@ 343 "Drivers/STM32F0xx_HAL_Driver/Src/stm32f0xx_hal_pwr.c" 1
 398 0048 20BF     		wfe
 399              	@ 0 "" 2
 344:Drivers/STM32F0xx_HAL_Driver/Src/stm32f0xx_hal_pwr.c ****     __WFE();
 400              		.loc 1 344 5
 401              	@ 344 "Drivers/STM32F0xx_HAL_Driver/Src/stm32f0xx_hal_pwr.c" 1
 402 004a 20BF     		wfe
 403              	@ 0 "" 2
 404              		.thumb
 405              		.syntax unified
 406              	.L24:
 345:Drivers/STM32F0xx_HAL_Driver/Src/stm32f0xx_hal_pwr.c ****   }
ARM GAS  C:\Users\mason\AppData\Local\Temp\ccXFid1e.s 			page 14


 346:Drivers/STM32F0xx_HAL_Driver/Src/stm32f0xx_hal_pwr.c **** 
 347:Drivers/STM32F0xx_HAL_Driver/Src/stm32f0xx_hal_pwr.c ****   /* Reset SLEEPDEEP bit of Cortex System Control Register */
 348:Drivers/STM32F0xx_HAL_Driver/Src/stm32f0xx_hal_pwr.c ****   SCB->SCR &= (uint32_t)~((uint32_t)SCB_SCR_SLEEPDEEP_Msk);
 407              		.loc 1 348 12
 408 004c 054B     		ldr	r3, .L25+4
 409 004e 1A69     		ldr	r2, [r3, #16]
 410 0050 044B     		ldr	r3, .L25+4
 411 0052 0421     		movs	r1, #4
 412 0054 8A43     		bics	r2, r1
 413 0056 1A61     		str	r2, [r3, #16]
 349:Drivers/STM32F0xx_HAL_Driver/Src/stm32f0xx_hal_pwr.c **** }
 414              		.loc 1 349 1
 415 0058 C046     		nop
 416 005a BD46     		mov	sp, r7
 417 005c 04B0     		add	sp, sp, #16
 418              		@ sp needed
 419 005e 80BD     		pop	{r7, pc}
 420              	.L26:
 421              		.align	2
 422              	.L25:
 423 0060 00700040 		.word	1073770496
 424 0064 00ED00E0 		.word	-536810240
 425              		.cfi_endproc
 426              	.LFE46:
 428              		.section	.text.HAL_PWR_EnterSTANDBYMode,"ax",%progbits
 429              		.align	1
 430              		.global	HAL_PWR_EnterSTANDBYMode
 431              		.syntax unified
 432              		.code	16
 433              		.thumb_func
 435              	HAL_PWR_EnterSTANDBYMode:
 436              	.LFB47:
 350:Drivers/STM32F0xx_HAL_Driver/Src/stm32f0xx_hal_pwr.c **** 
 351:Drivers/STM32F0xx_HAL_Driver/Src/stm32f0xx_hal_pwr.c **** /**
 352:Drivers/STM32F0xx_HAL_Driver/Src/stm32f0xx_hal_pwr.c ****   * @brief Enters STANDBY mode.
 353:Drivers/STM32F0xx_HAL_Driver/Src/stm32f0xx_hal_pwr.c ****   * @note  In Standby mode, all I/O pins are high impedance except for:
 354:Drivers/STM32F0xx_HAL_Driver/Src/stm32f0xx_hal_pwr.c ****   *          - Reset pad (still available)
 355:Drivers/STM32F0xx_HAL_Driver/Src/stm32f0xx_hal_pwr.c ****   *          - RTC alternate function pins if configured for tamper, time-stamp, RTC
 356:Drivers/STM32F0xx_HAL_Driver/Src/stm32f0xx_hal_pwr.c ****   *            Alarm out, or RTC clock calibration out.
 357:Drivers/STM32F0xx_HAL_Driver/Src/stm32f0xx_hal_pwr.c ****   *          - WKUP pins if enabled.
 358:Drivers/STM32F0xx_HAL_Driver/Src/stm32f0xx_hal_pwr.c ****   *            STM32F0x8 devices, the Stop mode is available, but it is 
 359:Drivers/STM32F0xx_HAL_Driver/Src/stm32f0xx_hal_pwr.c ****   *            aningless to distinguish between voltage regulator in Low power 
 360:Drivers/STM32F0xx_HAL_Driver/Src/stm32f0xx_hal_pwr.c ****   *            mode and voltage regulator in Run mode because the regulator 
 361:Drivers/STM32F0xx_HAL_Driver/Src/stm32f0xx_hal_pwr.c ****   *            not used and the core is supplied directly from an external source.
 362:Drivers/STM32F0xx_HAL_Driver/Src/stm32f0xx_hal_pwr.c ****   *            Consequently, the Standby mode is not available on those devices.
 363:Drivers/STM32F0xx_HAL_Driver/Src/stm32f0xx_hal_pwr.c ****   * @retval None
 364:Drivers/STM32F0xx_HAL_Driver/Src/stm32f0xx_hal_pwr.c ****   */
 365:Drivers/STM32F0xx_HAL_Driver/Src/stm32f0xx_hal_pwr.c **** void HAL_PWR_EnterSTANDBYMode(void)
 366:Drivers/STM32F0xx_HAL_Driver/Src/stm32f0xx_hal_pwr.c **** {
 437              		.loc 1 366 1
 438              		.cfi_startproc
 439              		@ args = 0, pretend = 0, frame = 0
 440              		@ frame_needed = 1, uses_anonymous_args = 0
 441 0000 80B5     		push	{r7, lr}
 442              	.LCFI18:
 443              		.cfi_def_cfa_offset 8
 444              		.cfi_offset 7, -8
ARM GAS  C:\Users\mason\AppData\Local\Temp\ccXFid1e.s 			page 15


 445              		.cfi_offset 14, -4
 446 0002 00AF     		add	r7, sp, #0
 447              	.LCFI19:
 448              		.cfi_def_cfa_register 7
 367:Drivers/STM32F0xx_HAL_Driver/Src/stm32f0xx_hal_pwr.c ****   /* Select STANDBY mode */
 368:Drivers/STM32F0xx_HAL_Driver/Src/stm32f0xx_hal_pwr.c ****   PWR->CR |= (uint32_t)PWR_CR_PDDS;
 449              		.loc 1 368 11
 450 0004 074B     		ldr	r3, .L28
 451 0006 1A68     		ldr	r2, [r3]
 452 0008 064B     		ldr	r3, .L28
 453 000a 0221     		movs	r1, #2
 454 000c 0A43     		orrs	r2, r1
 455 000e 1A60     		str	r2, [r3]
 369:Drivers/STM32F0xx_HAL_Driver/Src/stm32f0xx_hal_pwr.c **** 
 370:Drivers/STM32F0xx_HAL_Driver/Src/stm32f0xx_hal_pwr.c ****   /* Set SLEEPDEEP bit of Cortex System Control Register */
 371:Drivers/STM32F0xx_HAL_Driver/Src/stm32f0xx_hal_pwr.c ****   SCB->SCR |= SCB_SCR_SLEEPDEEP_Msk;
 456              		.loc 1 371 12
 457 0010 054B     		ldr	r3, .L28+4
 458 0012 1A69     		ldr	r2, [r3, #16]
 459 0014 044B     		ldr	r3, .L28+4
 460 0016 0421     		movs	r1, #4
 461 0018 0A43     		orrs	r2, r1
 462 001a 1A61     		str	r2, [r3, #16]
 372:Drivers/STM32F0xx_HAL_Driver/Src/stm32f0xx_hal_pwr.c **** 
 373:Drivers/STM32F0xx_HAL_Driver/Src/stm32f0xx_hal_pwr.c ****   /* This option is used to ensure that store operations are completed */
 374:Drivers/STM32F0xx_HAL_Driver/Src/stm32f0xx_hal_pwr.c **** #if defined ( __CC_ARM)
 375:Drivers/STM32F0xx_HAL_Driver/Src/stm32f0xx_hal_pwr.c ****   __force_stores();
 376:Drivers/STM32F0xx_HAL_Driver/Src/stm32f0xx_hal_pwr.c **** #endif
 377:Drivers/STM32F0xx_HAL_Driver/Src/stm32f0xx_hal_pwr.c ****   /* Request Wait For Interrupt */
 378:Drivers/STM32F0xx_HAL_Driver/Src/stm32f0xx_hal_pwr.c ****   __WFI();
 463              		.loc 1 378 3
 464              		.syntax divided
 465              	@ 378 "Drivers/STM32F0xx_HAL_Driver/Src/stm32f0xx_hal_pwr.c" 1
 466 001c 30BF     		wfi
 467              	@ 0 "" 2
 379:Drivers/STM32F0xx_HAL_Driver/Src/stm32f0xx_hal_pwr.c **** }
 468              		.loc 1 379 1
 469              		.thumb
 470              		.syntax unified
 471 001e C046     		nop
 472 0020 BD46     		mov	sp, r7
 473              		@ sp needed
 474 0022 80BD     		pop	{r7, pc}
 475              	.L29:
 476              		.align	2
 477              	.L28:
 478 0024 00700040 		.word	1073770496
 479 0028 00ED00E0 		.word	-536810240
 480              		.cfi_endproc
 481              	.LFE47:
 483              		.section	.text.HAL_PWR_EnableSleepOnExit,"ax",%progbits
 484              		.align	1
 485              		.global	HAL_PWR_EnableSleepOnExit
 486              		.syntax unified
 487              		.code	16
 488              		.thumb_func
 490              	HAL_PWR_EnableSleepOnExit:
ARM GAS  C:\Users\mason\AppData\Local\Temp\ccXFid1e.s 			page 16


 491              	.LFB48:
 380:Drivers/STM32F0xx_HAL_Driver/Src/stm32f0xx_hal_pwr.c **** 
 381:Drivers/STM32F0xx_HAL_Driver/Src/stm32f0xx_hal_pwr.c **** /**
 382:Drivers/STM32F0xx_HAL_Driver/Src/stm32f0xx_hal_pwr.c ****   * @brief Indicates Sleep-On-Exit when returning from Handler mode to Thread mode. 
 383:Drivers/STM32F0xx_HAL_Driver/Src/stm32f0xx_hal_pwr.c ****   * @note Set SLEEPONEXIT bit of SCR register. When this bit is set, the processor 
 384:Drivers/STM32F0xx_HAL_Driver/Src/stm32f0xx_hal_pwr.c ****   *       re-enters SLEEP mode when an interruption handling is over.
 385:Drivers/STM32F0xx_HAL_Driver/Src/stm32f0xx_hal_pwr.c ****   *       Setting this bit is useful when the processor is expected to run only on
 386:Drivers/STM32F0xx_HAL_Driver/Src/stm32f0xx_hal_pwr.c ****   *       interruptions handling.         
 387:Drivers/STM32F0xx_HAL_Driver/Src/stm32f0xx_hal_pwr.c ****   * @retval None
 388:Drivers/STM32F0xx_HAL_Driver/Src/stm32f0xx_hal_pwr.c ****   */
 389:Drivers/STM32F0xx_HAL_Driver/Src/stm32f0xx_hal_pwr.c **** void HAL_PWR_EnableSleepOnExit(void)
 390:Drivers/STM32F0xx_HAL_Driver/Src/stm32f0xx_hal_pwr.c **** {
 492              		.loc 1 390 1
 493              		.cfi_startproc
 494              		@ args = 0, pretend = 0, frame = 0
 495              		@ frame_needed = 1, uses_anonymous_args = 0
 496 0000 80B5     		push	{r7, lr}
 497              	.LCFI20:
 498              		.cfi_def_cfa_offset 8
 499              		.cfi_offset 7, -8
 500              		.cfi_offset 14, -4
 501 0002 00AF     		add	r7, sp, #0
 502              	.LCFI21:
 503              		.cfi_def_cfa_register 7
 391:Drivers/STM32F0xx_HAL_Driver/Src/stm32f0xx_hal_pwr.c ****   /* Set SLEEPONEXIT bit of Cortex System Control Register */
 392:Drivers/STM32F0xx_HAL_Driver/Src/stm32f0xx_hal_pwr.c ****   SET_BIT(SCB->SCR, ((uint32_t)SCB_SCR_SLEEPONEXIT_Msk));
 504              		.loc 1 392 3
 505 0004 044B     		ldr	r3, .L31
 506 0006 1A69     		ldr	r2, [r3, #16]
 507 0008 034B     		ldr	r3, .L31
 508 000a 0221     		movs	r1, #2
 509 000c 0A43     		orrs	r2, r1
 510 000e 1A61     		str	r2, [r3, #16]
 393:Drivers/STM32F0xx_HAL_Driver/Src/stm32f0xx_hal_pwr.c **** }
 511              		.loc 1 393 1
 512 0010 C046     		nop
 513 0012 BD46     		mov	sp, r7
 514              		@ sp needed
 515 0014 80BD     		pop	{r7, pc}
 516              	.L32:
 517 0016 C046     		.align	2
 518              	.L31:
 519 0018 00ED00E0 		.word	-536810240
 520              		.cfi_endproc
 521              	.LFE48:
 523              		.section	.text.HAL_PWR_DisableSleepOnExit,"ax",%progbits
 524              		.align	1
 525              		.global	HAL_PWR_DisableSleepOnExit
 526              		.syntax unified
 527              		.code	16
 528              		.thumb_func
 530              	HAL_PWR_DisableSleepOnExit:
 531              	.LFB49:
 394:Drivers/STM32F0xx_HAL_Driver/Src/stm32f0xx_hal_pwr.c **** 
 395:Drivers/STM32F0xx_HAL_Driver/Src/stm32f0xx_hal_pwr.c **** 
 396:Drivers/STM32F0xx_HAL_Driver/Src/stm32f0xx_hal_pwr.c **** /**
 397:Drivers/STM32F0xx_HAL_Driver/Src/stm32f0xx_hal_pwr.c ****   * @brief Disables Sleep-On-Exit feature when returning from Handler mode to Thread mode. 
ARM GAS  C:\Users\mason\AppData\Local\Temp\ccXFid1e.s 			page 17


 398:Drivers/STM32F0xx_HAL_Driver/Src/stm32f0xx_hal_pwr.c ****   * @note Clears SLEEPONEXIT bit of SCR register. When this bit is set, the processor 
 399:Drivers/STM32F0xx_HAL_Driver/Src/stm32f0xx_hal_pwr.c ****   *       re-enters SLEEP mode when an interruption handling is over.          
 400:Drivers/STM32F0xx_HAL_Driver/Src/stm32f0xx_hal_pwr.c ****   * @retval None
 401:Drivers/STM32F0xx_HAL_Driver/Src/stm32f0xx_hal_pwr.c ****   */
 402:Drivers/STM32F0xx_HAL_Driver/Src/stm32f0xx_hal_pwr.c **** void HAL_PWR_DisableSleepOnExit(void)
 403:Drivers/STM32F0xx_HAL_Driver/Src/stm32f0xx_hal_pwr.c **** {
 532              		.loc 1 403 1
 533              		.cfi_startproc
 534              		@ args = 0, pretend = 0, frame = 0
 535              		@ frame_needed = 1, uses_anonymous_args = 0
 536 0000 80B5     		push	{r7, lr}
 537              	.LCFI22:
 538              		.cfi_def_cfa_offset 8
 539              		.cfi_offset 7, -8
 540              		.cfi_offset 14, -4
 541 0002 00AF     		add	r7, sp, #0
 542              	.LCFI23:
 543              		.cfi_def_cfa_register 7
 404:Drivers/STM32F0xx_HAL_Driver/Src/stm32f0xx_hal_pwr.c ****   /* Clear SLEEPONEXIT bit of Cortex System Control Register */
 405:Drivers/STM32F0xx_HAL_Driver/Src/stm32f0xx_hal_pwr.c ****   CLEAR_BIT(SCB->SCR, ((uint32_t)SCB_SCR_SLEEPONEXIT_Msk));
 544              		.loc 1 405 3
 545 0004 044B     		ldr	r3, .L34
 546 0006 1A69     		ldr	r2, [r3, #16]
 547 0008 034B     		ldr	r3, .L34
 548 000a 0221     		movs	r1, #2
 549 000c 8A43     		bics	r2, r1
 550 000e 1A61     		str	r2, [r3, #16]
 406:Drivers/STM32F0xx_HAL_Driver/Src/stm32f0xx_hal_pwr.c **** }
 551              		.loc 1 406 1
 552 0010 C046     		nop
 553 0012 BD46     		mov	sp, r7
 554              		@ sp needed
 555 0014 80BD     		pop	{r7, pc}
 556              	.L35:
 557 0016 C046     		.align	2
 558              	.L34:
 559 0018 00ED00E0 		.word	-536810240
 560              		.cfi_endproc
 561              	.LFE49:
 563              		.section	.text.HAL_PWR_EnableSEVOnPend,"ax",%progbits
 564              		.align	1
 565              		.global	HAL_PWR_EnableSEVOnPend
 566              		.syntax unified
 567              		.code	16
 568              		.thumb_func
 570              	HAL_PWR_EnableSEVOnPend:
 571              	.LFB50:
 407:Drivers/STM32F0xx_HAL_Driver/Src/stm32f0xx_hal_pwr.c **** 
 408:Drivers/STM32F0xx_HAL_Driver/Src/stm32f0xx_hal_pwr.c **** 
 409:Drivers/STM32F0xx_HAL_Driver/Src/stm32f0xx_hal_pwr.c **** 
 410:Drivers/STM32F0xx_HAL_Driver/Src/stm32f0xx_hal_pwr.c **** /**
 411:Drivers/STM32F0xx_HAL_Driver/Src/stm32f0xx_hal_pwr.c ****   * @brief Enables CORTEX M4 SEVONPEND bit. 
 412:Drivers/STM32F0xx_HAL_Driver/Src/stm32f0xx_hal_pwr.c ****   * @note Sets SEVONPEND bit of SCR register. When this bit is set, this causes 
 413:Drivers/STM32F0xx_HAL_Driver/Src/stm32f0xx_hal_pwr.c ****   *       WFE to wake up when an interrupt moves from inactive to pended.
 414:Drivers/STM32F0xx_HAL_Driver/Src/stm32f0xx_hal_pwr.c ****   * @retval None
 415:Drivers/STM32F0xx_HAL_Driver/Src/stm32f0xx_hal_pwr.c ****   */
 416:Drivers/STM32F0xx_HAL_Driver/Src/stm32f0xx_hal_pwr.c **** void HAL_PWR_EnableSEVOnPend(void)
ARM GAS  C:\Users\mason\AppData\Local\Temp\ccXFid1e.s 			page 18


 417:Drivers/STM32F0xx_HAL_Driver/Src/stm32f0xx_hal_pwr.c **** {
 572              		.loc 1 417 1
 573              		.cfi_startproc
 574              		@ args = 0, pretend = 0, frame = 0
 575              		@ frame_needed = 1, uses_anonymous_args = 0
 576 0000 80B5     		push	{r7, lr}
 577              	.LCFI24:
 578              		.cfi_def_cfa_offset 8
 579              		.cfi_offset 7, -8
 580              		.cfi_offset 14, -4
 581 0002 00AF     		add	r7, sp, #0
 582              	.LCFI25:
 583              		.cfi_def_cfa_register 7
 418:Drivers/STM32F0xx_HAL_Driver/Src/stm32f0xx_hal_pwr.c ****   /* Set SEVONPEND bit of Cortex System Control Register */
 419:Drivers/STM32F0xx_HAL_Driver/Src/stm32f0xx_hal_pwr.c ****   SET_BIT(SCB->SCR, ((uint32_t)SCB_SCR_SEVONPEND_Msk));
 584              		.loc 1 419 3
 585 0004 044B     		ldr	r3, .L37
 586 0006 1A69     		ldr	r2, [r3, #16]
 587 0008 034B     		ldr	r3, .L37
 588 000a 1021     		movs	r1, #16
 589 000c 0A43     		orrs	r2, r1
 590 000e 1A61     		str	r2, [r3, #16]
 420:Drivers/STM32F0xx_HAL_Driver/Src/stm32f0xx_hal_pwr.c **** }
 591              		.loc 1 420 1
 592 0010 C046     		nop
 593 0012 BD46     		mov	sp, r7
 594              		@ sp needed
 595 0014 80BD     		pop	{r7, pc}
 596              	.L38:
 597 0016 C046     		.align	2
 598              	.L37:
 599 0018 00ED00E0 		.word	-536810240
 600              		.cfi_endproc
 601              	.LFE50:
 603              		.section	.text.HAL_PWR_DisableSEVOnPend,"ax",%progbits
 604              		.align	1
 605              		.global	HAL_PWR_DisableSEVOnPend
 606              		.syntax unified
 607              		.code	16
 608              		.thumb_func
 610              	HAL_PWR_DisableSEVOnPend:
 611              	.LFB51:
 421:Drivers/STM32F0xx_HAL_Driver/Src/stm32f0xx_hal_pwr.c **** 
 422:Drivers/STM32F0xx_HAL_Driver/Src/stm32f0xx_hal_pwr.c **** 
 423:Drivers/STM32F0xx_HAL_Driver/Src/stm32f0xx_hal_pwr.c **** /**
 424:Drivers/STM32F0xx_HAL_Driver/Src/stm32f0xx_hal_pwr.c ****   * @brief Disables CORTEX M4 SEVONPEND bit. 
 425:Drivers/STM32F0xx_HAL_Driver/Src/stm32f0xx_hal_pwr.c ****   * @note Clears SEVONPEND bit of SCR register. When this bit is set, this causes 
 426:Drivers/STM32F0xx_HAL_Driver/Src/stm32f0xx_hal_pwr.c ****   *       WFE to wake up when an interrupt moves from inactive to pended.         
 427:Drivers/STM32F0xx_HAL_Driver/Src/stm32f0xx_hal_pwr.c ****   * @retval None
 428:Drivers/STM32F0xx_HAL_Driver/Src/stm32f0xx_hal_pwr.c ****   */
 429:Drivers/STM32F0xx_HAL_Driver/Src/stm32f0xx_hal_pwr.c **** void HAL_PWR_DisableSEVOnPend(void)
 430:Drivers/STM32F0xx_HAL_Driver/Src/stm32f0xx_hal_pwr.c **** {
 612              		.loc 1 430 1
 613              		.cfi_startproc
 614              		@ args = 0, pretend = 0, frame = 0
 615              		@ frame_needed = 1, uses_anonymous_args = 0
 616 0000 80B5     		push	{r7, lr}
ARM GAS  C:\Users\mason\AppData\Local\Temp\ccXFid1e.s 			page 19


 617              	.LCFI26:
 618              		.cfi_def_cfa_offset 8
 619              		.cfi_offset 7, -8
 620              		.cfi_offset 14, -4
 621 0002 00AF     		add	r7, sp, #0
 622              	.LCFI27:
 623              		.cfi_def_cfa_register 7
 431:Drivers/STM32F0xx_HAL_Driver/Src/stm32f0xx_hal_pwr.c ****   /* Clear SEVONPEND bit of Cortex System Control Register */
 432:Drivers/STM32F0xx_HAL_Driver/Src/stm32f0xx_hal_pwr.c ****   CLEAR_BIT(SCB->SCR, ((uint32_t)SCB_SCR_SEVONPEND_Msk));
 624              		.loc 1 432 3
 625 0004 044B     		ldr	r3, .L40
 626 0006 1A69     		ldr	r2, [r3, #16]
 627 0008 034B     		ldr	r3, .L40
 628 000a 1021     		movs	r1, #16
 629 000c 8A43     		bics	r2, r1
 630 000e 1A61     		str	r2, [r3, #16]
 433:Drivers/STM32F0xx_HAL_Driver/Src/stm32f0xx_hal_pwr.c **** }
 631              		.loc 1 433 1
 632 0010 C046     		nop
 633 0012 BD46     		mov	sp, r7
 634              		@ sp needed
 635 0014 80BD     		pop	{r7, pc}
 636              	.L41:
 637 0016 C046     		.align	2
 638              	.L40:
 639 0018 00ED00E0 		.word	-536810240
 640              		.cfi_endproc
 641              	.LFE51:
 643              		.text
 644              	.Letext0:
 645              		.file 2 "c:\\program files (x86)\\openocdarmgccbuildtools\\gcc-arm-none-eabi-10.3-2021.10-win32\\a
 646              		.file 3 "c:\\program files (x86)\\openocdarmgccbuildtools\\gcc-arm-none-eabi-10.3-2021.10-win32\\a
 647              		.file 4 "Drivers/CMSIS/Include/core_cm0.h"
 648              		.file 5 "Drivers/CMSIS/Device/ST/STM32F0xx/Include/stm32f031x6.h"
ARM GAS  C:\Users\mason\AppData\Local\Temp\ccXFid1e.s 			page 20


DEFINED SYMBOLS
                            *ABS*:00000000 stm32f0xx_hal_pwr.c
C:\Users\mason\AppData\Local\Temp\ccXFid1e.s:18     .text.HAL_PWR_DeInit:00000000 $t
C:\Users\mason\AppData\Local\Temp\ccXFid1e.s:24     .text.HAL_PWR_DeInit:00000000 HAL_PWR_DeInit
C:\Users\mason\AppData\Local\Temp\ccXFid1e.s:62     .text.HAL_PWR_DeInit:00000024 $d
C:\Users\mason\AppData\Local\Temp\ccXFid1e.s:68     .text.HAL_PWR_EnableBkUpAccess:00000000 $t
C:\Users\mason\AppData\Local\Temp\ccXFid1e.s:74     .text.HAL_PWR_EnableBkUpAccess:00000000 HAL_PWR_EnableBkUpAccess
C:\Users\mason\AppData\Local\Temp\ccXFid1e.s:104    .text.HAL_PWR_EnableBkUpAccess:00000018 $d
C:\Users\mason\AppData\Local\Temp\ccXFid1e.s:109    .text.HAL_PWR_DisableBkUpAccess:00000000 $t
C:\Users\mason\AppData\Local\Temp\ccXFid1e.s:115    .text.HAL_PWR_DisableBkUpAccess:00000000 HAL_PWR_DisableBkUpAccess
C:\Users\mason\AppData\Local\Temp\ccXFid1e.s:144    .text.HAL_PWR_DisableBkUpAccess:00000018 $d
C:\Users\mason\AppData\Local\Temp\ccXFid1e.s:150    .text.HAL_PWR_EnableWakeUpPin:00000000 $t
C:\Users\mason\AppData\Local\Temp\ccXFid1e.s:156    .text.HAL_PWR_EnableWakeUpPin:00000000 HAL_PWR_EnableWakeUpPin
C:\Users\mason\AppData\Local\Temp\ccXFid1e.s:190    .text.HAL_PWR_EnableWakeUpPin:0000001c $d
C:\Users\mason\AppData\Local\Temp\ccXFid1e.s:195    .text.HAL_PWR_DisableWakeUpPin:00000000 $t
C:\Users\mason\AppData\Local\Temp\ccXFid1e.s:201    .text.HAL_PWR_DisableWakeUpPin:00000000 HAL_PWR_DisableWakeUpPin
C:\Users\mason\AppData\Local\Temp\ccXFid1e.s:236    .text.HAL_PWR_DisableWakeUpPin:00000020 $d
C:\Users\mason\AppData\Local\Temp\ccXFid1e.s:241    .text.HAL_PWR_EnterSLEEPMode:00000000 $t
C:\Users\mason\AppData\Local\Temp\ccXFid1e.s:247    .text.HAL_PWR_EnterSLEEPMode:00000000 HAL_PWR_EnterSLEEPMode
C:\Users\mason\AppData\Local\Temp\ccXFid1e.s:315    .text.HAL_PWR_EnterSLEEPMode:00000034 $d
C:\Users\mason\AppData\Local\Temp\ccXFid1e.s:320    .text.HAL_PWR_EnterSTOPMode:00000000 $t
C:\Users\mason\AppData\Local\Temp\ccXFid1e.s:326    .text.HAL_PWR_EnterSTOPMode:00000000 HAL_PWR_EnterSTOPMode
C:\Users\mason\AppData\Local\Temp\ccXFid1e.s:423    .text.HAL_PWR_EnterSTOPMode:00000060 $d
C:\Users\mason\AppData\Local\Temp\ccXFid1e.s:429    .text.HAL_PWR_EnterSTANDBYMode:00000000 $t
C:\Users\mason\AppData\Local\Temp\ccXFid1e.s:435    .text.HAL_PWR_EnterSTANDBYMode:00000000 HAL_PWR_EnterSTANDBYMode
C:\Users\mason\AppData\Local\Temp\ccXFid1e.s:478    .text.HAL_PWR_EnterSTANDBYMode:00000024 $d
C:\Users\mason\AppData\Local\Temp\ccXFid1e.s:484    .text.HAL_PWR_EnableSleepOnExit:00000000 $t
C:\Users\mason\AppData\Local\Temp\ccXFid1e.s:490    .text.HAL_PWR_EnableSleepOnExit:00000000 HAL_PWR_EnableSleepOnExit
C:\Users\mason\AppData\Local\Temp\ccXFid1e.s:519    .text.HAL_PWR_EnableSleepOnExit:00000018 $d
C:\Users\mason\AppData\Local\Temp\ccXFid1e.s:524    .text.HAL_PWR_DisableSleepOnExit:00000000 $t
C:\Users\mason\AppData\Local\Temp\ccXFid1e.s:530    .text.HAL_PWR_DisableSleepOnExit:00000000 HAL_PWR_DisableSleepOnExit
C:\Users\mason\AppData\Local\Temp\ccXFid1e.s:559    .text.HAL_PWR_DisableSleepOnExit:00000018 $d
C:\Users\mason\AppData\Local\Temp\ccXFid1e.s:564    .text.HAL_PWR_EnableSEVOnPend:00000000 $t
C:\Users\mason\AppData\Local\Temp\ccXFid1e.s:570    .text.HAL_PWR_EnableSEVOnPend:00000000 HAL_PWR_EnableSEVOnPend
C:\Users\mason\AppData\Local\Temp\ccXFid1e.s:599    .text.HAL_PWR_EnableSEVOnPend:00000018 $d
C:\Users\mason\AppData\Local\Temp\ccXFid1e.s:604    .text.HAL_PWR_DisableSEVOnPend:00000000 $t
C:\Users\mason\AppData\Local\Temp\ccXFid1e.s:610    .text.HAL_PWR_DisableSEVOnPend:00000000 HAL_PWR_DisableSEVOnPend
C:\Users\mason\AppData\Local\Temp\ccXFid1e.s:639    .text.HAL_PWR_DisableSEVOnPend:00000018 $d

NO UNDEFINED SYMBOLS
