ARM GAS  C:\Users\mason\AppData\Local\Temp\ccyTUXUf.s 			page 1


   1              		.cpu cortex-m0
   2              		.arch armv6s-m
   3              		.fpu softvfp
   4              		.eabi_attribute 20, 1
   5              		.eabi_attribute 21, 1
   6              		.eabi_attribute 23, 3
   7              		.eabi_attribute 24, 1
   8              		.eabi_attribute 25, 1
   9              		.eabi_attribute 26, 1
  10              		.eabi_attribute 30, 6
  11              		.eabi_attribute 34, 0
  12              		.eabi_attribute 18, 4
  13              		.file	"stm32f0xx_hal_rcc_ex.c"
  14              		.text
  15              	.Ltext0:
  16              		.cfi_sections	.debug_frame
  17              		.section	.text.HAL_RCCEx_PeriphCLKConfig,"ax",%progbits
  18              		.align	1
  19              		.global	HAL_RCCEx_PeriphCLKConfig
  20              		.syntax unified
  21              		.code	16
  22              		.thumb_func
  24              	HAL_RCCEx_PeriphCLKConfig:
  25              	.LFB40:
  26              		.file 1 "Drivers/STM32F0xx_HAL_Driver/Src/stm32f0xx_hal_rcc_ex.c"
   1:Drivers/STM32F0xx_HAL_Driver/Src/stm32f0xx_hal_rcc_ex.c **** /**
   2:Drivers/STM32F0xx_HAL_Driver/Src/stm32f0xx_hal_rcc_ex.c ****   ******************************************************************************
   3:Drivers/STM32F0xx_HAL_Driver/Src/stm32f0xx_hal_rcc_ex.c ****   * @file    stm32f0xx_hal_rcc_ex.c
   4:Drivers/STM32F0xx_HAL_Driver/Src/stm32f0xx_hal_rcc_ex.c ****   * @author  MCD Application Team
   5:Drivers/STM32F0xx_HAL_Driver/Src/stm32f0xx_hal_rcc_ex.c ****   * @brief   Extended RCC HAL module driver.
   6:Drivers/STM32F0xx_HAL_Driver/Src/stm32f0xx_hal_rcc_ex.c ****   *          This file provides firmware functions to manage the following 
   7:Drivers/STM32F0xx_HAL_Driver/Src/stm32f0xx_hal_rcc_ex.c ****   *          functionalities RCC extension peripheral:
   8:Drivers/STM32F0xx_HAL_Driver/Src/stm32f0xx_hal_rcc_ex.c ****   *           + Extended Peripheral Control functions
   9:Drivers/STM32F0xx_HAL_Driver/Src/stm32f0xx_hal_rcc_ex.c ****   *           + Extended Clock Recovery System Control functions
  10:Drivers/STM32F0xx_HAL_Driver/Src/stm32f0xx_hal_rcc_ex.c ****   *
  11:Drivers/STM32F0xx_HAL_Driver/Src/stm32f0xx_hal_rcc_ex.c ****   ******************************************************************************
  12:Drivers/STM32F0xx_HAL_Driver/Src/stm32f0xx_hal_rcc_ex.c ****   * @attention
  13:Drivers/STM32F0xx_HAL_Driver/Src/stm32f0xx_hal_rcc_ex.c ****   *
  14:Drivers/STM32F0xx_HAL_Driver/Src/stm32f0xx_hal_rcc_ex.c ****   * Copyright (c) 2016 STMicroelectronics.
  15:Drivers/STM32F0xx_HAL_Driver/Src/stm32f0xx_hal_rcc_ex.c ****   * All rights reserved.
  16:Drivers/STM32F0xx_HAL_Driver/Src/stm32f0xx_hal_rcc_ex.c ****   *
  17:Drivers/STM32F0xx_HAL_Driver/Src/stm32f0xx_hal_rcc_ex.c ****   * This software is licensed under terms that can be found in the LICENSE file in
  18:Drivers/STM32F0xx_HAL_Driver/Src/stm32f0xx_hal_rcc_ex.c ****   * the root directory of this software component.
  19:Drivers/STM32F0xx_HAL_Driver/Src/stm32f0xx_hal_rcc_ex.c ****   * If no LICENSE file comes with this software, it is provided AS-IS.
  20:Drivers/STM32F0xx_HAL_Driver/Src/stm32f0xx_hal_rcc_ex.c ****   ******************************************************************************
  21:Drivers/STM32F0xx_HAL_Driver/Src/stm32f0xx_hal_rcc_ex.c ****   */
  22:Drivers/STM32F0xx_HAL_Driver/Src/stm32f0xx_hal_rcc_ex.c **** 
  23:Drivers/STM32F0xx_HAL_Driver/Src/stm32f0xx_hal_rcc_ex.c **** /* Includes ------------------------------------------------------------------*/
  24:Drivers/STM32F0xx_HAL_Driver/Src/stm32f0xx_hal_rcc_ex.c **** #include "stm32f0xx_hal.h"
  25:Drivers/STM32F0xx_HAL_Driver/Src/stm32f0xx_hal_rcc_ex.c **** 
  26:Drivers/STM32F0xx_HAL_Driver/Src/stm32f0xx_hal_rcc_ex.c **** /** @addtogroup STM32F0xx_HAL_Driver
  27:Drivers/STM32F0xx_HAL_Driver/Src/stm32f0xx_hal_rcc_ex.c ****   * @{
  28:Drivers/STM32F0xx_HAL_Driver/Src/stm32f0xx_hal_rcc_ex.c ****   */
  29:Drivers/STM32F0xx_HAL_Driver/Src/stm32f0xx_hal_rcc_ex.c **** 
  30:Drivers/STM32F0xx_HAL_Driver/Src/stm32f0xx_hal_rcc_ex.c **** #ifdef HAL_RCC_MODULE_ENABLED
  31:Drivers/STM32F0xx_HAL_Driver/Src/stm32f0xx_hal_rcc_ex.c **** 
  32:Drivers/STM32F0xx_HAL_Driver/Src/stm32f0xx_hal_rcc_ex.c **** /** @defgroup RCCEx RCCEx
ARM GAS  C:\Users\mason\AppData\Local\Temp\ccyTUXUf.s 			page 2


  33:Drivers/STM32F0xx_HAL_Driver/Src/stm32f0xx_hal_rcc_ex.c ****   * @brief RCC Extension HAL module driver.
  34:Drivers/STM32F0xx_HAL_Driver/Src/stm32f0xx_hal_rcc_ex.c ****   * @{
  35:Drivers/STM32F0xx_HAL_Driver/Src/stm32f0xx_hal_rcc_ex.c ****   */
  36:Drivers/STM32F0xx_HAL_Driver/Src/stm32f0xx_hal_rcc_ex.c **** 
  37:Drivers/STM32F0xx_HAL_Driver/Src/stm32f0xx_hal_rcc_ex.c **** /* Private typedef -----------------------------------------------------------*/
  38:Drivers/STM32F0xx_HAL_Driver/Src/stm32f0xx_hal_rcc_ex.c **** /* Private define ------------------------------------------------------------*/
  39:Drivers/STM32F0xx_HAL_Driver/Src/stm32f0xx_hal_rcc_ex.c **** #if defined(CRS)
  40:Drivers/STM32F0xx_HAL_Driver/Src/stm32f0xx_hal_rcc_ex.c **** /** @defgroup RCCEx_Private_Constants RCCEx Private Constants
  41:Drivers/STM32F0xx_HAL_Driver/Src/stm32f0xx_hal_rcc_ex.c ****   * @{
  42:Drivers/STM32F0xx_HAL_Driver/Src/stm32f0xx_hal_rcc_ex.c ****   */
  43:Drivers/STM32F0xx_HAL_Driver/Src/stm32f0xx_hal_rcc_ex.c **** /* Bit position in register */
  44:Drivers/STM32F0xx_HAL_Driver/Src/stm32f0xx_hal_rcc_ex.c **** #define CRS_CFGR_FELIM_BITNUMBER    16
  45:Drivers/STM32F0xx_HAL_Driver/Src/stm32f0xx_hal_rcc_ex.c **** #define CRS_CR_TRIM_BITNUMBER       8
  46:Drivers/STM32F0xx_HAL_Driver/Src/stm32f0xx_hal_rcc_ex.c **** #define CRS_ISR_FECAP_BITNUMBER     16
  47:Drivers/STM32F0xx_HAL_Driver/Src/stm32f0xx_hal_rcc_ex.c **** /**
  48:Drivers/STM32F0xx_HAL_Driver/Src/stm32f0xx_hal_rcc_ex.c ****   * @}
  49:Drivers/STM32F0xx_HAL_Driver/Src/stm32f0xx_hal_rcc_ex.c ****   */
  50:Drivers/STM32F0xx_HAL_Driver/Src/stm32f0xx_hal_rcc_ex.c **** #endif /* CRS */
  51:Drivers/STM32F0xx_HAL_Driver/Src/stm32f0xx_hal_rcc_ex.c ****   
  52:Drivers/STM32F0xx_HAL_Driver/Src/stm32f0xx_hal_rcc_ex.c **** /* Private macro -------------------------------------------------------------*/
  53:Drivers/STM32F0xx_HAL_Driver/Src/stm32f0xx_hal_rcc_ex.c **** /** @defgroup RCCEx_Private_Macros RCCEx Private Macros
  54:Drivers/STM32F0xx_HAL_Driver/Src/stm32f0xx_hal_rcc_ex.c ****   * @{
  55:Drivers/STM32F0xx_HAL_Driver/Src/stm32f0xx_hal_rcc_ex.c ****   */
  56:Drivers/STM32F0xx_HAL_Driver/Src/stm32f0xx_hal_rcc_ex.c **** /**
  57:Drivers/STM32F0xx_HAL_Driver/Src/stm32f0xx_hal_rcc_ex.c ****   * @}
  58:Drivers/STM32F0xx_HAL_Driver/Src/stm32f0xx_hal_rcc_ex.c ****   */
  59:Drivers/STM32F0xx_HAL_Driver/Src/stm32f0xx_hal_rcc_ex.c **** 
  60:Drivers/STM32F0xx_HAL_Driver/Src/stm32f0xx_hal_rcc_ex.c **** /* Private variables ---------------------------------------------------------*/
  61:Drivers/STM32F0xx_HAL_Driver/Src/stm32f0xx_hal_rcc_ex.c **** /* Private function prototypes -----------------------------------------------*/
  62:Drivers/STM32F0xx_HAL_Driver/Src/stm32f0xx_hal_rcc_ex.c **** /* Private functions ---------------------------------------------------------*/
  63:Drivers/STM32F0xx_HAL_Driver/Src/stm32f0xx_hal_rcc_ex.c **** 
  64:Drivers/STM32F0xx_HAL_Driver/Src/stm32f0xx_hal_rcc_ex.c **** /** @defgroup RCCEx_Exported_Functions RCCEx Exported Functions
  65:Drivers/STM32F0xx_HAL_Driver/Src/stm32f0xx_hal_rcc_ex.c ****   * @{
  66:Drivers/STM32F0xx_HAL_Driver/Src/stm32f0xx_hal_rcc_ex.c ****   */
  67:Drivers/STM32F0xx_HAL_Driver/Src/stm32f0xx_hal_rcc_ex.c **** 
  68:Drivers/STM32F0xx_HAL_Driver/Src/stm32f0xx_hal_rcc_ex.c **** /** @defgroup RCCEx_Exported_Functions_Group1 Extended Peripheral Control functions 
  69:Drivers/STM32F0xx_HAL_Driver/Src/stm32f0xx_hal_rcc_ex.c ****   * @brief    Extended Peripheral Control functions
  70:Drivers/STM32F0xx_HAL_Driver/Src/stm32f0xx_hal_rcc_ex.c ****  *
  71:Drivers/STM32F0xx_HAL_Driver/Src/stm32f0xx_hal_rcc_ex.c **** @verbatim
  72:Drivers/STM32F0xx_HAL_Driver/Src/stm32f0xx_hal_rcc_ex.c ****  ===============================================================================
  73:Drivers/STM32F0xx_HAL_Driver/Src/stm32f0xx_hal_rcc_ex.c ****                 ##### Extended Peripheral Control functions  #####
  74:Drivers/STM32F0xx_HAL_Driver/Src/stm32f0xx_hal_rcc_ex.c ****  ===============================================================================  
  75:Drivers/STM32F0xx_HAL_Driver/Src/stm32f0xx_hal_rcc_ex.c ****     [..]
  76:Drivers/STM32F0xx_HAL_Driver/Src/stm32f0xx_hal_rcc_ex.c ****     This subsection provides a set of functions allowing to control the RCC Clocks 
  77:Drivers/STM32F0xx_HAL_Driver/Src/stm32f0xx_hal_rcc_ex.c ****     frequencies.
  78:Drivers/STM32F0xx_HAL_Driver/Src/stm32f0xx_hal_rcc_ex.c ****     [..] 
  79:Drivers/STM32F0xx_HAL_Driver/Src/stm32f0xx_hal_rcc_ex.c ****     (@) Important note: Care must be taken when HAL_RCCEx_PeriphCLKConfig() is used to
  80:Drivers/STM32F0xx_HAL_Driver/Src/stm32f0xx_hal_rcc_ex.c ****         select the RTC clock source; in this case the Backup domain will be reset in  
  81:Drivers/STM32F0xx_HAL_Driver/Src/stm32f0xx_hal_rcc_ex.c ****         order to modify the RTC Clock source, as consequence RTC registers (including 
  82:Drivers/STM32F0xx_HAL_Driver/Src/stm32f0xx_hal_rcc_ex.c ****         the backup registers) are set to their reset values.
  83:Drivers/STM32F0xx_HAL_Driver/Src/stm32f0xx_hal_rcc_ex.c ****       
  84:Drivers/STM32F0xx_HAL_Driver/Src/stm32f0xx_hal_rcc_ex.c **** @endverbatim
  85:Drivers/STM32F0xx_HAL_Driver/Src/stm32f0xx_hal_rcc_ex.c ****   * @{
  86:Drivers/STM32F0xx_HAL_Driver/Src/stm32f0xx_hal_rcc_ex.c ****   */
  87:Drivers/STM32F0xx_HAL_Driver/Src/stm32f0xx_hal_rcc_ex.c **** 
  88:Drivers/STM32F0xx_HAL_Driver/Src/stm32f0xx_hal_rcc_ex.c **** /**
  89:Drivers/STM32F0xx_HAL_Driver/Src/stm32f0xx_hal_rcc_ex.c ****   * @brief  Initializes the RCC extended peripherals clocks according to the specified
ARM GAS  C:\Users\mason\AppData\Local\Temp\ccyTUXUf.s 			page 3


  90:Drivers/STM32F0xx_HAL_Driver/Src/stm32f0xx_hal_rcc_ex.c ****   *         parameters in the RCC_PeriphCLKInitTypeDef.
  91:Drivers/STM32F0xx_HAL_Driver/Src/stm32f0xx_hal_rcc_ex.c ****   * @param  PeriphClkInit pointer to an RCC_PeriphCLKInitTypeDef structure that
  92:Drivers/STM32F0xx_HAL_Driver/Src/stm32f0xx_hal_rcc_ex.c ****   *         contains the configuration information for the Extended Peripherals clocks
  93:Drivers/STM32F0xx_HAL_Driver/Src/stm32f0xx_hal_rcc_ex.c ****   *         (USART, RTC, I2C, CEC and USB).
  94:Drivers/STM32F0xx_HAL_Driver/Src/stm32f0xx_hal_rcc_ex.c ****   *
  95:Drivers/STM32F0xx_HAL_Driver/Src/stm32f0xx_hal_rcc_ex.c ****   * @note   Care must be taken when @ref HAL_RCCEx_PeriphCLKConfig() is used to select 
  96:Drivers/STM32F0xx_HAL_Driver/Src/stm32f0xx_hal_rcc_ex.c ****   *         the RTC clock source; in this case the Backup domain will be reset in  
  97:Drivers/STM32F0xx_HAL_Driver/Src/stm32f0xx_hal_rcc_ex.c ****   *         order to modify the RTC Clock source, as consequence RTC registers (including 
  98:Drivers/STM32F0xx_HAL_Driver/Src/stm32f0xx_hal_rcc_ex.c ****   *         the backup registers) and RCC_BDCR register are set to their reset values.
  99:Drivers/STM32F0xx_HAL_Driver/Src/stm32f0xx_hal_rcc_ex.c ****   *
 100:Drivers/STM32F0xx_HAL_Driver/Src/stm32f0xx_hal_rcc_ex.c ****   * @retval HAL status
 101:Drivers/STM32F0xx_HAL_Driver/Src/stm32f0xx_hal_rcc_ex.c ****   */
 102:Drivers/STM32F0xx_HAL_Driver/Src/stm32f0xx_hal_rcc_ex.c **** HAL_StatusTypeDef HAL_RCCEx_PeriphCLKConfig(RCC_PeriphCLKInitTypeDef  *PeriphClkInit)
 103:Drivers/STM32F0xx_HAL_Driver/Src/stm32f0xx_hal_rcc_ex.c **** {
  27              		.loc 1 103 1
  28              		.cfi_startproc
  29              		@ args = 0, pretend = 0, frame = 24
  30              		@ frame_needed = 1, uses_anonymous_args = 0
  31 0000 80B5     		push	{r7, lr}
  32              	.LCFI0:
  33              		.cfi_def_cfa_offset 8
  34              		.cfi_offset 7, -8
  35              		.cfi_offset 14, -4
  36 0002 86B0     		sub	sp, sp, #24
  37              	.LCFI1:
  38              		.cfi_def_cfa_offset 32
  39 0004 00AF     		add	r7, sp, #0
  40              	.LCFI2:
  41              		.cfi_def_cfa_register 7
  42 0006 7860     		str	r0, [r7, #4]
 104:Drivers/STM32F0xx_HAL_Driver/Src/stm32f0xx_hal_rcc_ex.c ****   uint32_t tickstart = 0U;
  43              		.loc 1 104 12
  44 0008 0023     		movs	r3, #0
  45 000a 3B61     		str	r3, [r7, #16]
 105:Drivers/STM32F0xx_HAL_Driver/Src/stm32f0xx_hal_rcc_ex.c ****   uint32_t temp_reg = 0U;
  46              		.loc 1 105 12
  47 000c 0023     		movs	r3, #0
  48 000e FB60     		str	r3, [r7, #12]
 106:Drivers/STM32F0xx_HAL_Driver/Src/stm32f0xx_hal_rcc_ex.c **** 
 107:Drivers/STM32F0xx_HAL_Driver/Src/stm32f0xx_hal_rcc_ex.c ****   /* Check the parameters */
 108:Drivers/STM32F0xx_HAL_Driver/Src/stm32f0xx_hal_rcc_ex.c ****   assert_param(IS_RCC_PERIPHCLOCK(PeriphClkInit->PeriphClockSelection));
 109:Drivers/STM32F0xx_HAL_Driver/Src/stm32f0xx_hal_rcc_ex.c ****   
 110:Drivers/STM32F0xx_HAL_Driver/Src/stm32f0xx_hal_rcc_ex.c ****   /*---------------------------- RTC configuration -------------------------------*/
 111:Drivers/STM32F0xx_HAL_Driver/Src/stm32f0xx_hal_rcc_ex.c ****   if(((PeriphClkInit->PeriphClockSelection) & RCC_PERIPHCLK_RTC) == (RCC_PERIPHCLK_RTC))
  49              		.loc 1 111 21
  50 0010 7B68     		ldr	r3, [r7, #4]
  51 0012 1A68     		ldr	r2, [r3]
  52              		.loc 1 111 45
  53 0014 8023     		movs	r3, #128
  54 0016 5B02     		lsls	r3, r3, #9
  55 0018 1340     		ands	r3, r2
  56              		.loc 1 111 5
  57 001a 00D1     		bne	.LCB26
  58 001c 8EE0     		b	.L2	@long jump
  59              	.LCB26:
  60              	.LBB2:
 112:Drivers/STM32F0xx_HAL_Driver/Src/stm32f0xx_hal_rcc_ex.c ****   {
ARM GAS  C:\Users\mason\AppData\Local\Temp\ccyTUXUf.s 			page 4


 113:Drivers/STM32F0xx_HAL_Driver/Src/stm32f0xx_hal_rcc_ex.c ****     /* check for RTC Parameters used to output RTCCLK */
 114:Drivers/STM32F0xx_HAL_Driver/Src/stm32f0xx_hal_rcc_ex.c ****     assert_param(IS_RCC_RTCCLKSOURCE(PeriphClkInit->RTCClockSelection));
 115:Drivers/STM32F0xx_HAL_Driver/Src/stm32f0xx_hal_rcc_ex.c ****     
 116:Drivers/STM32F0xx_HAL_Driver/Src/stm32f0xx_hal_rcc_ex.c ****     FlagStatus       pwrclkchanged = RESET;
  61              		.loc 1 116 22
  62 001e 1720     		movs	r0, #23
  63 0020 3B18     		adds	r3, r7, r0
  64 0022 0022     		movs	r2, #0
  65 0024 1A70     		strb	r2, [r3]
 117:Drivers/STM32F0xx_HAL_Driver/Src/stm32f0xx_hal_rcc_ex.c **** 
 118:Drivers/STM32F0xx_HAL_Driver/Src/stm32f0xx_hal_rcc_ex.c ****     /* As soon as function is called to change RTC clock source, activation of the 
 119:Drivers/STM32F0xx_HAL_Driver/Src/stm32f0xx_hal_rcc_ex.c ****        power domain is done. */
 120:Drivers/STM32F0xx_HAL_Driver/Src/stm32f0xx_hal_rcc_ex.c ****     /* Requires to enable write access to Backup Domain of necessary */
 121:Drivers/STM32F0xx_HAL_Driver/Src/stm32f0xx_hal_rcc_ex.c ****     if(__HAL_RCC_PWR_IS_CLK_DISABLED())
  66              		.loc 1 121 8
  67 0026 574B     		ldr	r3, .L13
  68 0028 DA69     		ldr	r2, [r3, #28]
  69 002a 8023     		movs	r3, #128
  70 002c 5B05     		lsls	r3, r3, #21
  71 002e 1340     		ands	r3, r2
  72              		.loc 1 121 7
  73 0030 10D1     		bne	.L3
  74              	.LBB3:
 122:Drivers/STM32F0xx_HAL_Driver/Src/stm32f0xx_hal_rcc_ex.c ****     {
 123:Drivers/STM32F0xx_HAL_Driver/Src/stm32f0xx_hal_rcc_ex.c ****     __HAL_RCC_PWR_CLK_ENABLE();
  75              		.loc 1 123 5
  76 0032 544B     		ldr	r3, .L13
  77 0034 DA69     		ldr	r2, [r3, #28]
  78 0036 534B     		ldr	r3, .L13
  79 0038 8021     		movs	r1, #128
  80 003a 4905     		lsls	r1, r1, #21
  81 003c 0A43     		orrs	r2, r1
  82 003e DA61     		str	r2, [r3, #28]
  83 0040 504B     		ldr	r3, .L13
  84 0042 DA69     		ldr	r2, [r3, #28]
  85 0044 8023     		movs	r3, #128
  86 0046 5B05     		lsls	r3, r3, #21
  87 0048 1340     		ands	r3, r2
  88 004a BB60     		str	r3, [r7, #8]
  89 004c BB68     		ldr	r3, [r7, #8]
  90              	.LBE3:
 124:Drivers/STM32F0xx_HAL_Driver/Src/stm32f0xx_hal_rcc_ex.c ****       pwrclkchanged = SET;
  91              		.loc 1 124 21
  92 004e 3B18     		adds	r3, r7, r0
  93 0050 0122     		movs	r2, #1
  94 0052 1A70     		strb	r2, [r3]
  95              	.L3:
 125:Drivers/STM32F0xx_HAL_Driver/Src/stm32f0xx_hal_rcc_ex.c ****     }
 126:Drivers/STM32F0xx_HAL_Driver/Src/stm32f0xx_hal_rcc_ex.c ****     
 127:Drivers/STM32F0xx_HAL_Driver/Src/stm32f0xx_hal_rcc_ex.c ****     if(HAL_IS_BIT_CLR(PWR->CR, PWR_CR_DBP))
  96              		.loc 1 127 8
  97 0054 4C4B     		ldr	r3, .L13+4
  98 0056 1A68     		ldr	r2, [r3]
  99 0058 8023     		movs	r3, #128
 100 005a 5B00     		lsls	r3, r3, #1
 101 005c 1340     		ands	r3, r2
 102              		.loc 1 127 7
ARM GAS  C:\Users\mason\AppData\Local\Temp\ccyTUXUf.s 			page 5


 103 005e 1AD1     		bne	.L4
 128:Drivers/STM32F0xx_HAL_Driver/Src/stm32f0xx_hal_rcc_ex.c ****     {
 129:Drivers/STM32F0xx_HAL_Driver/Src/stm32f0xx_hal_rcc_ex.c ****       /* Enable write access to Backup domain */
 130:Drivers/STM32F0xx_HAL_Driver/Src/stm32f0xx_hal_rcc_ex.c ****       SET_BIT(PWR->CR, PWR_CR_DBP);
 104              		.loc 1 130 7
 105 0060 494B     		ldr	r3, .L13+4
 106 0062 1A68     		ldr	r2, [r3]
 107 0064 484B     		ldr	r3, .L13+4
 108 0066 8021     		movs	r1, #128
 109 0068 4900     		lsls	r1, r1, #1
 110 006a 0A43     		orrs	r2, r1
 111 006c 1A60     		str	r2, [r3]
 131:Drivers/STM32F0xx_HAL_Driver/Src/stm32f0xx_hal_rcc_ex.c ****       
 132:Drivers/STM32F0xx_HAL_Driver/Src/stm32f0xx_hal_rcc_ex.c ****       /* Wait for Backup domain Write protection disable */
 133:Drivers/STM32F0xx_HAL_Driver/Src/stm32f0xx_hal_rcc_ex.c ****       tickstart = HAL_GetTick();
 112              		.loc 1 133 19
 113 006e FFF7FEFF 		bl	HAL_GetTick
 114 0072 0300     		movs	r3, r0
 115 0074 3B61     		str	r3, [r7, #16]
 134:Drivers/STM32F0xx_HAL_Driver/Src/stm32f0xx_hal_rcc_ex.c ****       
 135:Drivers/STM32F0xx_HAL_Driver/Src/stm32f0xx_hal_rcc_ex.c ****       while(HAL_IS_BIT_CLR(PWR->CR, PWR_CR_DBP))
 116              		.loc 1 135 12
 117 0076 08E0     		b	.L5
 118              	.L7:
 136:Drivers/STM32F0xx_HAL_Driver/Src/stm32f0xx_hal_rcc_ex.c ****       {
 137:Drivers/STM32F0xx_HAL_Driver/Src/stm32f0xx_hal_rcc_ex.c ****         if((HAL_GetTick() - tickstart) > RCC_DBP_TIMEOUT_VALUE)
 119              		.loc 1 137 13
 120 0078 FFF7FEFF 		bl	HAL_GetTick
 121 007c 0200     		movs	r2, r0
 122              		.loc 1 137 27
 123 007e 3B69     		ldr	r3, [r7, #16]
 124 0080 D31A     		subs	r3, r2, r3
 125              		.loc 1 137 11
 126 0082 642B     		cmp	r3, #100
 127 0084 01D9     		bls	.L5
 138:Drivers/STM32F0xx_HAL_Driver/Src/stm32f0xx_hal_rcc_ex.c ****         {
 139:Drivers/STM32F0xx_HAL_Driver/Src/stm32f0xx_hal_rcc_ex.c ****           return HAL_TIMEOUT;
 128              		.loc 1 139 18
 129 0086 0323     		movs	r3, #3
 130 0088 77E0     		b	.L6
 131              	.L5:
 135:Drivers/STM32F0xx_HAL_Driver/Src/stm32f0xx_hal_rcc_ex.c ****       {
 132              		.loc 1 135 13
 133 008a 3F4B     		ldr	r3, .L13+4
 134 008c 1A68     		ldr	r2, [r3]
 135 008e 8023     		movs	r3, #128
 136 0090 5B00     		lsls	r3, r3, #1
 137 0092 1340     		ands	r3, r2
 135:Drivers/STM32F0xx_HAL_Driver/Src/stm32f0xx_hal_rcc_ex.c ****       {
 138              		.loc 1 135 12
 139 0094 F0D0     		beq	.L7
 140              	.L4:
 140:Drivers/STM32F0xx_HAL_Driver/Src/stm32f0xx_hal_rcc_ex.c ****         }
 141:Drivers/STM32F0xx_HAL_Driver/Src/stm32f0xx_hal_rcc_ex.c ****       }
 142:Drivers/STM32F0xx_HAL_Driver/Src/stm32f0xx_hal_rcc_ex.c ****     }
 143:Drivers/STM32F0xx_HAL_Driver/Src/stm32f0xx_hal_rcc_ex.c ****     
 144:Drivers/STM32F0xx_HAL_Driver/Src/stm32f0xx_hal_rcc_ex.c ****     /* Reset the Backup domain only if the RTC Clock source selection is modified from reset value 
ARM GAS  C:\Users\mason\AppData\Local\Temp\ccyTUXUf.s 			page 6


 145:Drivers/STM32F0xx_HAL_Driver/Src/stm32f0xx_hal_rcc_ex.c ****     temp_reg = (RCC->BDCR & RCC_BDCR_RTCSEL);
 141              		.loc 1 145 20
 142 0096 3B4B     		ldr	r3, .L13
 143 0098 1A6A     		ldr	r2, [r3, #32]
 144              		.loc 1 145 14
 145 009a C023     		movs	r3, #192
 146 009c 9B00     		lsls	r3, r3, #2
 147 009e 1340     		ands	r3, r2
 148 00a0 FB60     		str	r3, [r7, #12]
 146:Drivers/STM32F0xx_HAL_Driver/Src/stm32f0xx_hal_rcc_ex.c ****     if((temp_reg != 0x00000000U) && (temp_reg != (PeriphClkInit->RTCClockSelection & RCC_BDCR_RTCSE
 149              		.loc 1 146 7
 150 00a2 FB68     		ldr	r3, [r7, #12]
 151 00a4 002B     		cmp	r3, #0
 152 00a6 34D0     		beq	.L8
 153              		.loc 1 146 64 discriminator 1
 154 00a8 7B68     		ldr	r3, [r7, #4]
 155 00aa 5A68     		ldr	r2, [r3, #4]
 156              		.loc 1 146 84 discriminator 1
 157 00ac C023     		movs	r3, #192
 158 00ae 9B00     		lsls	r3, r3, #2
 159 00b0 1340     		ands	r3, r2
 160              		.loc 1 146 34 discriminator 1
 161 00b2 FA68     		ldr	r2, [r7, #12]
 162 00b4 9A42     		cmp	r2, r3
 163 00b6 2CD0     		beq	.L8
 147:Drivers/STM32F0xx_HAL_Driver/Src/stm32f0xx_hal_rcc_ex.c ****     {
 148:Drivers/STM32F0xx_HAL_Driver/Src/stm32f0xx_hal_rcc_ex.c ****       /* Store the content of BDCR register before the reset of Backup Domain */
 149:Drivers/STM32F0xx_HAL_Driver/Src/stm32f0xx_hal_rcc_ex.c ****       temp_reg = (RCC->BDCR & ~(RCC_BDCR_RTCSEL));
 164              		.loc 1 149 22
 165 00b8 324B     		ldr	r3, .L13
 166 00ba 1B6A     		ldr	r3, [r3, #32]
 167              		.loc 1 149 16
 168 00bc 334A     		ldr	r2, .L13+8
 169 00be 1340     		ands	r3, r2
 170 00c0 FB60     		str	r3, [r7, #12]
 150:Drivers/STM32F0xx_HAL_Driver/Src/stm32f0xx_hal_rcc_ex.c ****       /* RTC Clock selection can be changed only if the Backup Domain is reset */
 151:Drivers/STM32F0xx_HAL_Driver/Src/stm32f0xx_hal_rcc_ex.c ****       __HAL_RCC_BACKUPRESET_FORCE();
 171              		.loc 1 151 7
 172 00c2 304B     		ldr	r3, .L13
 173 00c4 1A6A     		ldr	r2, [r3, #32]
 174 00c6 2F4B     		ldr	r3, .L13
 175 00c8 8021     		movs	r1, #128
 176 00ca 4902     		lsls	r1, r1, #9
 177 00cc 0A43     		orrs	r2, r1
 178 00ce 1A62     		str	r2, [r3, #32]
 152:Drivers/STM32F0xx_HAL_Driver/Src/stm32f0xx_hal_rcc_ex.c ****       __HAL_RCC_BACKUPRESET_RELEASE();
 179              		.loc 1 152 7
 180 00d0 2C4B     		ldr	r3, .L13
 181 00d2 1A6A     		ldr	r2, [r3, #32]
 182 00d4 2B4B     		ldr	r3, .L13
 183 00d6 2E49     		ldr	r1, .L13+12
 184 00d8 0A40     		ands	r2, r1
 185 00da 1A62     		str	r2, [r3, #32]
 153:Drivers/STM32F0xx_HAL_Driver/Src/stm32f0xx_hal_rcc_ex.c ****       /* Restore the Content of BDCR register */
 154:Drivers/STM32F0xx_HAL_Driver/Src/stm32f0xx_hal_rcc_ex.c ****       RCC->BDCR = temp_reg;
 186              		.loc 1 154 10
 187 00dc 294B     		ldr	r3, .L13
ARM GAS  C:\Users\mason\AppData\Local\Temp\ccyTUXUf.s 			page 7


 188              		.loc 1 154 17
 189 00de FA68     		ldr	r2, [r7, #12]
 190 00e0 1A62     		str	r2, [r3, #32]
 155:Drivers/STM32F0xx_HAL_Driver/Src/stm32f0xx_hal_rcc_ex.c ****       
 156:Drivers/STM32F0xx_HAL_Driver/Src/stm32f0xx_hal_rcc_ex.c ****       /* Wait for LSERDY if LSE was enabled */
 157:Drivers/STM32F0xx_HAL_Driver/Src/stm32f0xx_hal_rcc_ex.c ****       if (HAL_IS_BIT_SET(temp_reg, RCC_BDCR_LSEON))
 191              		.loc 1 157 11
 192 00e2 FB68     		ldr	r3, [r7, #12]
 193 00e4 0122     		movs	r2, #1
 194 00e6 1340     		ands	r3, r2
 195              		.loc 1 157 10
 196 00e8 13D0     		beq	.L8
 158:Drivers/STM32F0xx_HAL_Driver/Src/stm32f0xx_hal_rcc_ex.c ****       {
 159:Drivers/STM32F0xx_HAL_Driver/Src/stm32f0xx_hal_rcc_ex.c ****         /* Get Start Tick */
 160:Drivers/STM32F0xx_HAL_Driver/Src/stm32f0xx_hal_rcc_ex.c ****         tickstart = HAL_GetTick();
 197              		.loc 1 160 21
 198 00ea FFF7FEFF 		bl	HAL_GetTick
 199 00ee 0300     		movs	r3, r0
 200 00f0 3B61     		str	r3, [r7, #16]
 161:Drivers/STM32F0xx_HAL_Driver/Src/stm32f0xx_hal_rcc_ex.c ****         
 162:Drivers/STM32F0xx_HAL_Driver/Src/stm32f0xx_hal_rcc_ex.c ****         /* Wait till LSE is ready */  
 163:Drivers/STM32F0xx_HAL_Driver/Src/stm32f0xx_hal_rcc_ex.c ****         while(__HAL_RCC_GET_FLAG(RCC_FLAG_LSERDY) == RESET)
 201              		.loc 1 163 14
 202 00f2 09E0     		b	.L9
 203              	.L10:
 164:Drivers/STM32F0xx_HAL_Driver/Src/stm32f0xx_hal_rcc_ex.c ****         {
 165:Drivers/STM32F0xx_HAL_Driver/Src/stm32f0xx_hal_rcc_ex.c ****           if((HAL_GetTick() - tickstart) > RCC_LSE_TIMEOUT_VALUE)
 204              		.loc 1 165 15
 205 00f4 FFF7FEFF 		bl	HAL_GetTick
 206 00f8 0200     		movs	r2, r0
 207              		.loc 1 165 29
 208 00fa 3B69     		ldr	r3, [r7, #16]
 209 00fc D31A     		subs	r3, r2, r3
 210              		.loc 1 165 13
 211 00fe 254A     		ldr	r2, .L13+16
 212 0100 9342     		cmp	r3, r2
 213 0102 01D9     		bls	.L9
 166:Drivers/STM32F0xx_HAL_Driver/Src/stm32f0xx_hal_rcc_ex.c ****           {
 167:Drivers/STM32F0xx_HAL_Driver/Src/stm32f0xx_hal_rcc_ex.c ****             return HAL_TIMEOUT;
 214              		.loc 1 167 20
 215 0104 0323     		movs	r3, #3
 216 0106 38E0     		b	.L6
 217              	.L9:
 163:Drivers/STM32F0xx_HAL_Driver/Src/stm32f0xx_hal_rcc_ex.c ****         {
 218              		.loc 1 163 15
 219 0108 1E4B     		ldr	r3, .L13
 220 010a 1B6A     		ldr	r3, [r3, #32]
 221 010c 0222     		movs	r2, #2
 222 010e 1340     		ands	r3, r2
 163:Drivers/STM32F0xx_HAL_Driver/Src/stm32f0xx_hal_rcc_ex.c ****         {
 223              		.loc 1 163 14
 224 0110 F0D0     		beq	.L10
 225              	.L8:
 168:Drivers/STM32F0xx_HAL_Driver/Src/stm32f0xx_hal_rcc_ex.c ****           }
 169:Drivers/STM32F0xx_HAL_Driver/Src/stm32f0xx_hal_rcc_ex.c ****         }
 170:Drivers/STM32F0xx_HAL_Driver/Src/stm32f0xx_hal_rcc_ex.c ****       }
 171:Drivers/STM32F0xx_HAL_Driver/Src/stm32f0xx_hal_rcc_ex.c ****     }
ARM GAS  C:\Users\mason\AppData\Local\Temp\ccyTUXUf.s 			page 8


 172:Drivers/STM32F0xx_HAL_Driver/Src/stm32f0xx_hal_rcc_ex.c ****     __HAL_RCC_RTC_CONFIG(PeriphClkInit->RTCClockSelection);
 226              		.loc 1 172 5
 227 0112 1C4B     		ldr	r3, .L13
 228 0114 1B6A     		ldr	r3, [r3, #32]
 229 0116 1D4A     		ldr	r2, .L13+8
 230 0118 1340     		ands	r3, r2
 231 011a 1900     		movs	r1, r3
 232 011c 7B68     		ldr	r3, [r7, #4]
 233 011e 5A68     		ldr	r2, [r3, #4]
 234 0120 184B     		ldr	r3, .L13
 235 0122 0A43     		orrs	r2, r1
 236 0124 1A62     		str	r2, [r3, #32]
 173:Drivers/STM32F0xx_HAL_Driver/Src/stm32f0xx_hal_rcc_ex.c **** 
 174:Drivers/STM32F0xx_HAL_Driver/Src/stm32f0xx_hal_rcc_ex.c ****     /* Require to disable power clock if necessary */
 175:Drivers/STM32F0xx_HAL_Driver/Src/stm32f0xx_hal_rcc_ex.c ****     if(pwrclkchanged == SET)
 237              		.loc 1 175 7
 238 0126 1723     		movs	r3, #23
 239 0128 FB18     		adds	r3, r7, r3
 240 012a 1B78     		ldrb	r3, [r3]
 241 012c 012B     		cmp	r3, #1
 242 012e 05D1     		bne	.L2
 176:Drivers/STM32F0xx_HAL_Driver/Src/stm32f0xx_hal_rcc_ex.c ****     {
 177:Drivers/STM32F0xx_HAL_Driver/Src/stm32f0xx_hal_rcc_ex.c ****       __HAL_RCC_PWR_CLK_DISABLE();
 243              		.loc 1 177 7
 244 0130 144B     		ldr	r3, .L13
 245 0132 DA69     		ldr	r2, [r3, #28]
 246 0134 134B     		ldr	r3, .L13
 247 0136 1849     		ldr	r1, .L13+20
 248 0138 0A40     		ands	r2, r1
 249 013a DA61     		str	r2, [r3, #28]
 250              	.L2:
 251              	.LBE2:
 178:Drivers/STM32F0xx_HAL_Driver/Src/stm32f0xx_hal_rcc_ex.c ****     }
 179:Drivers/STM32F0xx_HAL_Driver/Src/stm32f0xx_hal_rcc_ex.c ****   }
 180:Drivers/STM32F0xx_HAL_Driver/Src/stm32f0xx_hal_rcc_ex.c **** 
 181:Drivers/STM32F0xx_HAL_Driver/Src/stm32f0xx_hal_rcc_ex.c ****   /*------------------------------- USART1 Configuration ------------------------*/ 
 182:Drivers/STM32F0xx_HAL_Driver/Src/stm32f0xx_hal_rcc_ex.c ****   if(((PeriphClkInit->PeriphClockSelection) & RCC_PERIPHCLK_USART1) == RCC_PERIPHCLK_USART1)
 252              		.loc 1 182 21
 253 013c 7B68     		ldr	r3, [r7, #4]
 254 013e 1B68     		ldr	r3, [r3]
 255              		.loc 1 182 45
 256 0140 0122     		movs	r2, #1
 257 0142 1340     		ands	r3, r2
 258              		.loc 1 182 5
 259 0144 09D0     		beq	.L11
 183:Drivers/STM32F0xx_HAL_Driver/Src/stm32f0xx_hal_rcc_ex.c ****   {
 184:Drivers/STM32F0xx_HAL_Driver/Src/stm32f0xx_hal_rcc_ex.c ****     /* Check the parameters */
 185:Drivers/STM32F0xx_HAL_Driver/Src/stm32f0xx_hal_rcc_ex.c ****     assert_param(IS_RCC_USART1CLKSOURCE(PeriphClkInit->Usart1ClockSelection));
 186:Drivers/STM32F0xx_HAL_Driver/Src/stm32f0xx_hal_rcc_ex.c ****     
 187:Drivers/STM32F0xx_HAL_Driver/Src/stm32f0xx_hal_rcc_ex.c ****     /* Configure the USART1 clock source */
 188:Drivers/STM32F0xx_HAL_Driver/Src/stm32f0xx_hal_rcc_ex.c ****     __HAL_RCC_USART1_CONFIG(PeriphClkInit->Usart1ClockSelection);
 260              		.loc 1 188 5
 261 0146 0F4B     		ldr	r3, .L13
 262 0148 1B6B     		ldr	r3, [r3, #48]
 263 014a 0322     		movs	r2, #3
 264 014c 9343     		bics	r3, r2
 265 014e 1900     		movs	r1, r3
ARM GAS  C:\Users\mason\AppData\Local\Temp\ccyTUXUf.s 			page 9


 266 0150 7B68     		ldr	r3, [r7, #4]
 267 0152 9A68     		ldr	r2, [r3, #8]
 268 0154 0B4B     		ldr	r3, .L13
 269 0156 0A43     		orrs	r2, r1
 270 0158 1A63     		str	r2, [r3, #48]
 271              	.L11:
 189:Drivers/STM32F0xx_HAL_Driver/Src/stm32f0xx_hal_rcc_ex.c ****   }
 190:Drivers/STM32F0xx_HAL_Driver/Src/stm32f0xx_hal_rcc_ex.c ****   
 191:Drivers/STM32F0xx_HAL_Driver/Src/stm32f0xx_hal_rcc_ex.c **** #if defined(STM32F071xB) || defined(STM32F072xB) || defined(STM32F078xx)\
 192:Drivers/STM32F0xx_HAL_Driver/Src/stm32f0xx_hal_rcc_ex.c ****  || defined(STM32F091xC) || defined(STM32F098xx)
 193:Drivers/STM32F0xx_HAL_Driver/Src/stm32f0xx_hal_rcc_ex.c ****   /*----------------------------- USART2 Configuration --------------------------*/ 
 194:Drivers/STM32F0xx_HAL_Driver/Src/stm32f0xx_hal_rcc_ex.c ****   if(((PeriphClkInit->PeriphClockSelection) & RCC_PERIPHCLK_USART2) == RCC_PERIPHCLK_USART2)
 195:Drivers/STM32F0xx_HAL_Driver/Src/stm32f0xx_hal_rcc_ex.c ****   {
 196:Drivers/STM32F0xx_HAL_Driver/Src/stm32f0xx_hal_rcc_ex.c ****     /* Check the parameters */
 197:Drivers/STM32F0xx_HAL_Driver/Src/stm32f0xx_hal_rcc_ex.c ****     assert_param(IS_RCC_USART2CLKSOURCE(PeriphClkInit->Usart2ClockSelection));
 198:Drivers/STM32F0xx_HAL_Driver/Src/stm32f0xx_hal_rcc_ex.c ****     
 199:Drivers/STM32F0xx_HAL_Driver/Src/stm32f0xx_hal_rcc_ex.c ****     /* Configure the USART2 clock source */
 200:Drivers/STM32F0xx_HAL_Driver/Src/stm32f0xx_hal_rcc_ex.c ****     __HAL_RCC_USART2_CONFIG(PeriphClkInit->Usart2ClockSelection);
 201:Drivers/STM32F0xx_HAL_Driver/Src/stm32f0xx_hal_rcc_ex.c ****   }
 202:Drivers/STM32F0xx_HAL_Driver/Src/stm32f0xx_hal_rcc_ex.c **** #endif /* STM32F071xB || STM32F072xB || STM32F078xx || */
 203:Drivers/STM32F0xx_HAL_Driver/Src/stm32f0xx_hal_rcc_ex.c ****        /* STM32F091xC || STM32F098xx */
 204:Drivers/STM32F0xx_HAL_Driver/Src/stm32f0xx_hal_rcc_ex.c **** 
 205:Drivers/STM32F0xx_HAL_Driver/Src/stm32f0xx_hal_rcc_ex.c **** #if defined(STM32F091xC) || defined(STM32F098xx)
 206:Drivers/STM32F0xx_HAL_Driver/Src/stm32f0xx_hal_rcc_ex.c ****   /*----------------------------- USART3 Configuration --------------------------*/ 
 207:Drivers/STM32F0xx_HAL_Driver/Src/stm32f0xx_hal_rcc_ex.c ****   if(((PeriphClkInit->PeriphClockSelection) & RCC_PERIPHCLK_USART3) == RCC_PERIPHCLK_USART3)
 208:Drivers/STM32F0xx_HAL_Driver/Src/stm32f0xx_hal_rcc_ex.c ****   {
 209:Drivers/STM32F0xx_HAL_Driver/Src/stm32f0xx_hal_rcc_ex.c ****     /* Check the parameters */
 210:Drivers/STM32F0xx_HAL_Driver/Src/stm32f0xx_hal_rcc_ex.c ****     assert_param(IS_RCC_USART3CLKSOURCE(PeriphClkInit->Usart3ClockSelection));
 211:Drivers/STM32F0xx_HAL_Driver/Src/stm32f0xx_hal_rcc_ex.c ****     
 212:Drivers/STM32F0xx_HAL_Driver/Src/stm32f0xx_hal_rcc_ex.c ****     /* Configure the USART3 clock source */
 213:Drivers/STM32F0xx_HAL_Driver/Src/stm32f0xx_hal_rcc_ex.c ****     __HAL_RCC_USART3_CONFIG(PeriphClkInit->Usart3ClockSelection);
 214:Drivers/STM32F0xx_HAL_Driver/Src/stm32f0xx_hal_rcc_ex.c ****   }
 215:Drivers/STM32F0xx_HAL_Driver/Src/stm32f0xx_hal_rcc_ex.c **** #endif /* STM32F091xC || STM32F098xx */  
 216:Drivers/STM32F0xx_HAL_Driver/Src/stm32f0xx_hal_rcc_ex.c **** 
 217:Drivers/STM32F0xx_HAL_Driver/Src/stm32f0xx_hal_rcc_ex.c ****   /*------------------------------ I2C1 Configuration ------------------------*/ 
 218:Drivers/STM32F0xx_HAL_Driver/Src/stm32f0xx_hal_rcc_ex.c ****   if(((PeriphClkInit->PeriphClockSelection) & RCC_PERIPHCLK_I2C1) == RCC_PERIPHCLK_I2C1)
 272              		.loc 1 218 21
 273 015a 7B68     		ldr	r3, [r7, #4]
 274 015c 1B68     		ldr	r3, [r3]
 275              		.loc 1 218 45
 276 015e 2022     		movs	r2, #32
 277 0160 1340     		ands	r3, r2
 278              		.loc 1 218 5
 279 0162 09D0     		beq	.L12
 219:Drivers/STM32F0xx_HAL_Driver/Src/stm32f0xx_hal_rcc_ex.c ****   {
 220:Drivers/STM32F0xx_HAL_Driver/Src/stm32f0xx_hal_rcc_ex.c ****     /* Check the parameters */
 221:Drivers/STM32F0xx_HAL_Driver/Src/stm32f0xx_hal_rcc_ex.c ****     assert_param(IS_RCC_I2C1CLKSOURCE(PeriphClkInit->I2c1ClockSelection));
 222:Drivers/STM32F0xx_HAL_Driver/Src/stm32f0xx_hal_rcc_ex.c ****     
 223:Drivers/STM32F0xx_HAL_Driver/Src/stm32f0xx_hal_rcc_ex.c ****     /* Configure the I2C1 clock source */
 224:Drivers/STM32F0xx_HAL_Driver/Src/stm32f0xx_hal_rcc_ex.c ****     __HAL_RCC_I2C1_CONFIG(PeriphClkInit->I2c1ClockSelection);
 280              		.loc 1 224 5
 281 0164 074B     		ldr	r3, .L13
 282 0166 1B6B     		ldr	r3, [r3, #48]
 283 0168 1022     		movs	r2, #16
 284 016a 9343     		bics	r3, r2
 285 016c 1900     		movs	r1, r3
 286 016e 7B68     		ldr	r3, [r7, #4]
ARM GAS  C:\Users\mason\AppData\Local\Temp\ccyTUXUf.s 			page 10


 287 0170 DA68     		ldr	r2, [r3, #12]
 288 0172 044B     		ldr	r3, .L13
 289 0174 0A43     		orrs	r2, r1
 290 0176 1A63     		str	r2, [r3, #48]
 291              	.L12:
 225:Drivers/STM32F0xx_HAL_Driver/Src/stm32f0xx_hal_rcc_ex.c ****   }
 226:Drivers/STM32F0xx_HAL_Driver/Src/stm32f0xx_hal_rcc_ex.c **** 
 227:Drivers/STM32F0xx_HAL_Driver/Src/stm32f0xx_hal_rcc_ex.c **** #if defined(STM32F042x6) || defined(STM32F048xx) || defined(STM32F072xB) || defined(STM32F078xx) ||
 228:Drivers/STM32F0xx_HAL_Driver/Src/stm32f0xx_hal_rcc_ex.c ****   /*------------------------------ USB Configuration ------------------------*/ 
 229:Drivers/STM32F0xx_HAL_Driver/Src/stm32f0xx_hal_rcc_ex.c ****   if(((PeriphClkInit->PeriphClockSelection) & RCC_PERIPHCLK_USB) == RCC_PERIPHCLK_USB)
 230:Drivers/STM32F0xx_HAL_Driver/Src/stm32f0xx_hal_rcc_ex.c ****   {
 231:Drivers/STM32F0xx_HAL_Driver/Src/stm32f0xx_hal_rcc_ex.c ****     /* Check the parameters */
 232:Drivers/STM32F0xx_HAL_Driver/Src/stm32f0xx_hal_rcc_ex.c ****     assert_param(IS_RCC_USBCLKSOURCE(PeriphClkInit->UsbClockSelection));
 233:Drivers/STM32F0xx_HAL_Driver/Src/stm32f0xx_hal_rcc_ex.c ****     
 234:Drivers/STM32F0xx_HAL_Driver/Src/stm32f0xx_hal_rcc_ex.c ****     /* Configure the USB clock source */
 235:Drivers/STM32F0xx_HAL_Driver/Src/stm32f0xx_hal_rcc_ex.c ****     __HAL_RCC_USB_CONFIG(PeriphClkInit->UsbClockSelection);
 236:Drivers/STM32F0xx_HAL_Driver/Src/stm32f0xx_hal_rcc_ex.c ****   }
 237:Drivers/STM32F0xx_HAL_Driver/Src/stm32f0xx_hal_rcc_ex.c **** #endif /* STM32F042x6 || STM32F048xx || STM32F072xB || STM32F078xx || STM32F070xB || STM32F070x6 */
 238:Drivers/STM32F0xx_HAL_Driver/Src/stm32f0xx_hal_rcc_ex.c **** 
 239:Drivers/STM32F0xx_HAL_Driver/Src/stm32f0xx_hal_rcc_ex.c **** #if defined(STM32F042x6) || defined(STM32F048xx)\
 240:Drivers/STM32F0xx_HAL_Driver/Src/stm32f0xx_hal_rcc_ex.c ****  || defined(STM32F051x8) || defined(STM32F058xx)\
 241:Drivers/STM32F0xx_HAL_Driver/Src/stm32f0xx_hal_rcc_ex.c ****  || defined(STM32F071xB) || defined(STM32F072xB) || defined(STM32F078xx)\
 242:Drivers/STM32F0xx_HAL_Driver/Src/stm32f0xx_hal_rcc_ex.c ****  || defined(STM32F091xC) || defined(STM32F098xx)
 243:Drivers/STM32F0xx_HAL_Driver/Src/stm32f0xx_hal_rcc_ex.c ****   /*------------------------------ CEC clock Configuration -------------------*/ 
 244:Drivers/STM32F0xx_HAL_Driver/Src/stm32f0xx_hal_rcc_ex.c ****   if(((PeriphClkInit->PeriphClockSelection) & RCC_PERIPHCLK_CEC) == RCC_PERIPHCLK_CEC)
 245:Drivers/STM32F0xx_HAL_Driver/Src/stm32f0xx_hal_rcc_ex.c ****   {
 246:Drivers/STM32F0xx_HAL_Driver/Src/stm32f0xx_hal_rcc_ex.c ****     /* Check the parameters */
 247:Drivers/STM32F0xx_HAL_Driver/Src/stm32f0xx_hal_rcc_ex.c ****     assert_param(IS_RCC_CECCLKSOURCE(PeriphClkInit->CecClockSelection));
 248:Drivers/STM32F0xx_HAL_Driver/Src/stm32f0xx_hal_rcc_ex.c ****     
 249:Drivers/STM32F0xx_HAL_Driver/Src/stm32f0xx_hal_rcc_ex.c ****     /* Configure the CEC clock source */
 250:Drivers/STM32F0xx_HAL_Driver/Src/stm32f0xx_hal_rcc_ex.c ****     __HAL_RCC_CEC_CONFIG(PeriphClkInit->CecClockSelection);
 251:Drivers/STM32F0xx_HAL_Driver/Src/stm32f0xx_hal_rcc_ex.c ****   }
 252:Drivers/STM32F0xx_HAL_Driver/Src/stm32f0xx_hal_rcc_ex.c **** #endif /* STM32F042x6 || STM32F048xx ||                */
 253:Drivers/STM32F0xx_HAL_Driver/Src/stm32f0xx_hal_rcc_ex.c ****        /* STM32F051x8 || STM32F058xx ||                */
 254:Drivers/STM32F0xx_HAL_Driver/Src/stm32f0xx_hal_rcc_ex.c ****        /* STM32F071xB || STM32F072xB || STM32F078xx || */
 255:Drivers/STM32F0xx_HAL_Driver/Src/stm32f0xx_hal_rcc_ex.c ****        /* STM32F091xC || STM32F098xx */
 256:Drivers/STM32F0xx_HAL_Driver/Src/stm32f0xx_hal_rcc_ex.c ****   
 257:Drivers/STM32F0xx_HAL_Driver/Src/stm32f0xx_hal_rcc_ex.c ****   return HAL_OK;
 292              		.loc 1 257 10
 293 0178 0023     		movs	r3, #0
 294              	.L6:
 258:Drivers/STM32F0xx_HAL_Driver/Src/stm32f0xx_hal_rcc_ex.c **** }
 295              		.loc 1 258 1
 296 017a 1800     		movs	r0, r3
 297 017c BD46     		mov	sp, r7
 298 017e 06B0     		add	sp, sp, #24
 299              		@ sp needed
 300 0180 80BD     		pop	{r7, pc}
 301              	.L14:
 302 0182 C046     		.align	2
 303              	.L13:
 304 0184 00100240 		.word	1073876992
 305 0188 00700040 		.word	1073770496
 306 018c FFFCFFFF 		.word	-769
 307 0190 FFFFFEFF 		.word	-65537
 308 0194 88130000 		.word	5000
 309 0198 FFFFFFEF 		.word	-268435457
ARM GAS  C:\Users\mason\AppData\Local\Temp\ccyTUXUf.s 			page 11


 310              		.cfi_endproc
 311              	.LFE40:
 313              		.section	.text.HAL_RCCEx_GetPeriphCLKConfig,"ax",%progbits
 314              		.align	1
 315              		.global	HAL_RCCEx_GetPeriphCLKConfig
 316              		.syntax unified
 317              		.code	16
 318              		.thumb_func
 320              	HAL_RCCEx_GetPeriphCLKConfig:
 321              	.LFB41:
 259:Drivers/STM32F0xx_HAL_Driver/Src/stm32f0xx_hal_rcc_ex.c **** 
 260:Drivers/STM32F0xx_HAL_Driver/Src/stm32f0xx_hal_rcc_ex.c **** /**
 261:Drivers/STM32F0xx_HAL_Driver/Src/stm32f0xx_hal_rcc_ex.c ****   * @brief  Get the RCC_ClkInitStruct according to the internal
 262:Drivers/STM32F0xx_HAL_Driver/Src/stm32f0xx_hal_rcc_ex.c ****   * RCC configuration registers.
 263:Drivers/STM32F0xx_HAL_Driver/Src/stm32f0xx_hal_rcc_ex.c ****   * @param  PeriphClkInit pointer to an RCC_PeriphCLKInitTypeDef structure that
 264:Drivers/STM32F0xx_HAL_Driver/Src/stm32f0xx_hal_rcc_ex.c ****   *         returns the configuration information for the Extended Peripherals clocks
 265:Drivers/STM32F0xx_HAL_Driver/Src/stm32f0xx_hal_rcc_ex.c ****   *         (USART, RTC, I2C, CEC and USB).
 266:Drivers/STM32F0xx_HAL_Driver/Src/stm32f0xx_hal_rcc_ex.c ****   * @retval None
 267:Drivers/STM32F0xx_HAL_Driver/Src/stm32f0xx_hal_rcc_ex.c ****   */
 268:Drivers/STM32F0xx_HAL_Driver/Src/stm32f0xx_hal_rcc_ex.c **** void HAL_RCCEx_GetPeriphCLKConfig(RCC_PeriphCLKInitTypeDef  *PeriphClkInit)
 269:Drivers/STM32F0xx_HAL_Driver/Src/stm32f0xx_hal_rcc_ex.c **** {
 322              		.loc 1 269 1
 323              		.cfi_startproc
 324              		@ args = 0, pretend = 0, frame = 8
 325              		@ frame_needed = 1, uses_anonymous_args = 0
 326 0000 80B5     		push	{r7, lr}
 327              	.LCFI3:
 328              		.cfi_def_cfa_offset 8
 329              		.cfi_offset 7, -8
 330              		.cfi_offset 14, -4
 331 0002 82B0     		sub	sp, sp, #8
 332              	.LCFI4:
 333              		.cfi_def_cfa_offset 16
 334 0004 00AF     		add	r7, sp, #0
 335              	.LCFI5:
 336              		.cfi_def_cfa_register 7
 337 0006 7860     		str	r0, [r7, #4]
 270:Drivers/STM32F0xx_HAL_Driver/Src/stm32f0xx_hal_rcc_ex.c ****   /* Set all possible values for the extended clock type parameter------------*/
 271:Drivers/STM32F0xx_HAL_Driver/Src/stm32f0xx_hal_rcc_ex.c ****   /* Common part first */
 272:Drivers/STM32F0xx_HAL_Driver/Src/stm32f0xx_hal_rcc_ex.c ****   PeriphClkInit->PeriphClockSelection = RCC_PERIPHCLK_USART1 | RCC_PERIPHCLK_I2C1   | RCC_PERIPHCLK
 338              		.loc 1 272 39
 339 0008 7B68     		ldr	r3, [r7, #4]
 340 000a 0C4A     		ldr	r2, .L16
 341 000c 1A60     		str	r2, [r3]
 273:Drivers/STM32F0xx_HAL_Driver/Src/stm32f0xx_hal_rcc_ex.c ****   /* Get the RTC configuration --------------------------------------------*/
 274:Drivers/STM32F0xx_HAL_Driver/Src/stm32f0xx_hal_rcc_ex.c ****   PeriphClkInit->RTCClockSelection = __HAL_RCC_GET_RTC_SOURCE();
 342              		.loc 1 274 38
 343 000e 0C4B     		ldr	r3, .L16+4
 344 0010 1A6A     		ldr	r2, [r3, #32]
 345 0012 C023     		movs	r3, #192
 346 0014 9B00     		lsls	r3, r3, #2
 347 0016 1A40     		ands	r2, r3
 348              		.loc 1 274 36
 349 0018 7B68     		ldr	r3, [r7, #4]
 350 001a 5A60     		str	r2, [r3, #4]
 275:Drivers/STM32F0xx_HAL_Driver/Src/stm32f0xx_hal_rcc_ex.c ****   /* Get the USART1 clock configuration --------------------------------------------*/
 276:Drivers/STM32F0xx_HAL_Driver/Src/stm32f0xx_hal_rcc_ex.c ****   PeriphClkInit->Usart1ClockSelection = __HAL_RCC_GET_USART1_SOURCE();
ARM GAS  C:\Users\mason\AppData\Local\Temp\ccyTUXUf.s 			page 12


 351              		.loc 1 276 41
 352 001c 084B     		ldr	r3, .L16+4
 353 001e 1B6B     		ldr	r3, [r3, #48]
 354 0020 0322     		movs	r2, #3
 355 0022 1A40     		ands	r2, r3
 356              		.loc 1 276 39
 357 0024 7B68     		ldr	r3, [r7, #4]
 358 0026 9A60     		str	r2, [r3, #8]
 277:Drivers/STM32F0xx_HAL_Driver/Src/stm32f0xx_hal_rcc_ex.c ****   /* Get the I2C1 clock source -----------------------------------------------*/
 278:Drivers/STM32F0xx_HAL_Driver/Src/stm32f0xx_hal_rcc_ex.c ****   PeriphClkInit->I2c1ClockSelection = __HAL_RCC_GET_I2C1_SOURCE();
 359              		.loc 1 278 39
 360 0028 054B     		ldr	r3, .L16+4
 361 002a 1B6B     		ldr	r3, [r3, #48]
 362 002c 1022     		movs	r2, #16
 363 002e 1A40     		ands	r2, r3
 364              		.loc 1 278 37
 365 0030 7B68     		ldr	r3, [r7, #4]
 366 0032 DA60     		str	r2, [r3, #12]
 279:Drivers/STM32F0xx_HAL_Driver/Src/stm32f0xx_hal_rcc_ex.c **** 
 280:Drivers/STM32F0xx_HAL_Driver/Src/stm32f0xx_hal_rcc_ex.c **** #if defined(STM32F071xB) || defined(STM32F072xB) || defined(STM32F078xx)\
 281:Drivers/STM32F0xx_HAL_Driver/Src/stm32f0xx_hal_rcc_ex.c ****  || defined(STM32F091xC) || defined(STM32F098xx)
 282:Drivers/STM32F0xx_HAL_Driver/Src/stm32f0xx_hal_rcc_ex.c ****   PeriphClkInit->PeriphClockSelection |= RCC_PERIPHCLK_USART2;
 283:Drivers/STM32F0xx_HAL_Driver/Src/stm32f0xx_hal_rcc_ex.c ****   /* Get the USART2 clock source ---------------------------------------------*/
 284:Drivers/STM32F0xx_HAL_Driver/Src/stm32f0xx_hal_rcc_ex.c ****   PeriphClkInit->Usart2ClockSelection = __HAL_RCC_GET_USART2_SOURCE();
 285:Drivers/STM32F0xx_HAL_Driver/Src/stm32f0xx_hal_rcc_ex.c **** #endif /* STM32F071xB || STM32F072xB || STM32F078xx || */
 286:Drivers/STM32F0xx_HAL_Driver/Src/stm32f0xx_hal_rcc_ex.c ****        /* STM32F091xC || STM32F098xx */
 287:Drivers/STM32F0xx_HAL_Driver/Src/stm32f0xx_hal_rcc_ex.c **** 
 288:Drivers/STM32F0xx_HAL_Driver/Src/stm32f0xx_hal_rcc_ex.c **** #if defined(STM32F091xC) || defined(STM32F098xx)
 289:Drivers/STM32F0xx_HAL_Driver/Src/stm32f0xx_hal_rcc_ex.c ****   PeriphClkInit->PeriphClockSelection |= RCC_PERIPHCLK_USART3;
 290:Drivers/STM32F0xx_HAL_Driver/Src/stm32f0xx_hal_rcc_ex.c ****   /* Get the USART3 clock source ---------------------------------------------*/
 291:Drivers/STM32F0xx_HAL_Driver/Src/stm32f0xx_hal_rcc_ex.c ****   PeriphClkInit->Usart3ClockSelection = __HAL_RCC_GET_USART3_SOURCE();
 292:Drivers/STM32F0xx_HAL_Driver/Src/stm32f0xx_hal_rcc_ex.c **** #endif /* STM32F091xC || STM32F098xx */
 293:Drivers/STM32F0xx_HAL_Driver/Src/stm32f0xx_hal_rcc_ex.c **** 
 294:Drivers/STM32F0xx_HAL_Driver/Src/stm32f0xx_hal_rcc_ex.c **** #if defined(STM32F042x6) || defined(STM32F048xx) || defined(STM32F072xB) || defined(STM32F078xx) ||
 295:Drivers/STM32F0xx_HAL_Driver/Src/stm32f0xx_hal_rcc_ex.c ****   PeriphClkInit->PeriphClockSelection |= RCC_PERIPHCLK_USB;
 296:Drivers/STM32F0xx_HAL_Driver/Src/stm32f0xx_hal_rcc_ex.c ****   /* Get the USB clock source ---------------------------------------------*/
 297:Drivers/STM32F0xx_HAL_Driver/Src/stm32f0xx_hal_rcc_ex.c ****   PeriphClkInit->UsbClockSelection = __HAL_RCC_GET_USB_SOURCE();
 298:Drivers/STM32F0xx_HAL_Driver/Src/stm32f0xx_hal_rcc_ex.c **** #endif /* STM32F042x6 || STM32F048xx || STM32F072xB || STM32F078xx || STM32F070xB || STM32F070x6 */
 299:Drivers/STM32F0xx_HAL_Driver/Src/stm32f0xx_hal_rcc_ex.c **** 
 300:Drivers/STM32F0xx_HAL_Driver/Src/stm32f0xx_hal_rcc_ex.c **** #if defined(STM32F042x6) || defined(STM32F048xx)\
 301:Drivers/STM32F0xx_HAL_Driver/Src/stm32f0xx_hal_rcc_ex.c ****  || defined(STM32F051x8) || defined(STM32F058xx)\
 302:Drivers/STM32F0xx_HAL_Driver/Src/stm32f0xx_hal_rcc_ex.c ****  || defined(STM32F071xB) || defined(STM32F072xB) || defined(STM32F078xx)\
 303:Drivers/STM32F0xx_HAL_Driver/Src/stm32f0xx_hal_rcc_ex.c ****  || defined(STM32F091xC) || defined(STM32F098xx)
 304:Drivers/STM32F0xx_HAL_Driver/Src/stm32f0xx_hal_rcc_ex.c ****   PeriphClkInit->PeriphClockSelection |= RCC_PERIPHCLK_CEC;
 305:Drivers/STM32F0xx_HAL_Driver/Src/stm32f0xx_hal_rcc_ex.c ****   /* Get the CEC clock source ------------------------------------------------*/
 306:Drivers/STM32F0xx_HAL_Driver/Src/stm32f0xx_hal_rcc_ex.c ****   PeriphClkInit->CecClockSelection = __HAL_RCC_GET_CEC_SOURCE();
 307:Drivers/STM32F0xx_HAL_Driver/Src/stm32f0xx_hal_rcc_ex.c **** #endif /* STM32F042x6 || STM32F048xx ||                */
 308:Drivers/STM32F0xx_HAL_Driver/Src/stm32f0xx_hal_rcc_ex.c ****        /* STM32F051x8 || STM32F058xx ||                */
 309:Drivers/STM32F0xx_HAL_Driver/Src/stm32f0xx_hal_rcc_ex.c ****        /* STM32F071xB || STM32F072xB || STM32F078xx || */
 310:Drivers/STM32F0xx_HAL_Driver/Src/stm32f0xx_hal_rcc_ex.c ****        /* STM32F091xC || STM32F098xx */
 311:Drivers/STM32F0xx_HAL_Driver/Src/stm32f0xx_hal_rcc_ex.c **** 
 312:Drivers/STM32F0xx_HAL_Driver/Src/stm32f0xx_hal_rcc_ex.c **** }
 367              		.loc 1 312 1
 368 0034 C046     		nop
 369 0036 BD46     		mov	sp, r7
 370 0038 02B0     		add	sp, sp, #8
 371              		@ sp needed
ARM GAS  C:\Users\mason\AppData\Local\Temp\ccyTUXUf.s 			page 13


 372 003a 80BD     		pop	{r7, pc}
 373              	.L17:
 374              		.align	2
 375              	.L16:
 376 003c 21000100 		.word	65569
 377 0040 00100240 		.word	1073876992
 378              		.cfi_endproc
 379              	.LFE41:
 381              		.section	.text.HAL_RCCEx_GetPeriphCLKFreq,"ax",%progbits
 382              		.align	1
 383              		.global	HAL_RCCEx_GetPeriphCLKFreq
 384              		.syntax unified
 385              		.code	16
 386              		.thumb_func
 388              	HAL_RCCEx_GetPeriphCLKFreq:
 389              	.LFB42:
 313:Drivers/STM32F0xx_HAL_Driver/Src/stm32f0xx_hal_rcc_ex.c **** 
 314:Drivers/STM32F0xx_HAL_Driver/Src/stm32f0xx_hal_rcc_ex.c **** /**
 315:Drivers/STM32F0xx_HAL_Driver/Src/stm32f0xx_hal_rcc_ex.c ****   * @brief  Returns the peripheral clock frequency
 316:Drivers/STM32F0xx_HAL_Driver/Src/stm32f0xx_hal_rcc_ex.c ****   * @note   Returns 0 if peripheral clock is unknown
 317:Drivers/STM32F0xx_HAL_Driver/Src/stm32f0xx_hal_rcc_ex.c ****   * @param  PeriphClk Peripheral clock identifier
 318:Drivers/STM32F0xx_HAL_Driver/Src/stm32f0xx_hal_rcc_ex.c ****   *         This parameter can be one of the following values:
 319:Drivers/STM32F0xx_HAL_Driver/Src/stm32f0xx_hal_rcc_ex.c ****   *            @arg @ref RCC_PERIPHCLK_RTC     RTC peripheral clock
 320:Drivers/STM32F0xx_HAL_Driver/Src/stm32f0xx_hal_rcc_ex.c ****   *            @arg @ref RCC_PERIPHCLK_USART1  USART1 peripheral clock
 321:Drivers/STM32F0xx_HAL_Driver/Src/stm32f0xx_hal_rcc_ex.c ****   *            @arg @ref RCC_PERIPHCLK_I2C1    I2C1 peripheral clock
 322:Drivers/STM32F0xx_HAL_Driver/Src/stm32f0xx_hal_rcc_ex.c ****   @if STM32F042x6
 323:Drivers/STM32F0xx_HAL_Driver/Src/stm32f0xx_hal_rcc_ex.c ****   *            @arg @ref RCC_PERIPHCLK_USB     USB peripheral clock
 324:Drivers/STM32F0xx_HAL_Driver/Src/stm32f0xx_hal_rcc_ex.c ****   *            @arg @ref RCC_PERIPHCLK_CEC     CEC peripheral clock
 325:Drivers/STM32F0xx_HAL_Driver/Src/stm32f0xx_hal_rcc_ex.c ****   @endif
 326:Drivers/STM32F0xx_HAL_Driver/Src/stm32f0xx_hal_rcc_ex.c ****   @if STM32F048xx
 327:Drivers/STM32F0xx_HAL_Driver/Src/stm32f0xx_hal_rcc_ex.c ****   *            @arg @ref RCC_PERIPHCLK_USB     USB peripheral clock
 328:Drivers/STM32F0xx_HAL_Driver/Src/stm32f0xx_hal_rcc_ex.c ****   *            @arg @ref RCC_PERIPHCLK_CEC     CEC peripheral clock
 329:Drivers/STM32F0xx_HAL_Driver/Src/stm32f0xx_hal_rcc_ex.c ****   @endif
 330:Drivers/STM32F0xx_HAL_Driver/Src/stm32f0xx_hal_rcc_ex.c ****   @if STM32F051x8
 331:Drivers/STM32F0xx_HAL_Driver/Src/stm32f0xx_hal_rcc_ex.c ****   *            @arg @ref RCC_PERIPHCLK_CEC     CEC peripheral clock
 332:Drivers/STM32F0xx_HAL_Driver/Src/stm32f0xx_hal_rcc_ex.c ****   @endif
 333:Drivers/STM32F0xx_HAL_Driver/Src/stm32f0xx_hal_rcc_ex.c ****   @if STM32F058xx
 334:Drivers/STM32F0xx_HAL_Driver/Src/stm32f0xx_hal_rcc_ex.c ****   *            @arg @ref RCC_PERIPHCLK_CEC     CEC peripheral clock
 335:Drivers/STM32F0xx_HAL_Driver/Src/stm32f0xx_hal_rcc_ex.c ****   @endif
 336:Drivers/STM32F0xx_HAL_Driver/Src/stm32f0xx_hal_rcc_ex.c ****   @if STM32F070x6
 337:Drivers/STM32F0xx_HAL_Driver/Src/stm32f0xx_hal_rcc_ex.c ****   *            @arg @ref RCC_PERIPHCLK_USB     USB peripheral clock
 338:Drivers/STM32F0xx_HAL_Driver/Src/stm32f0xx_hal_rcc_ex.c ****   @endif
 339:Drivers/STM32F0xx_HAL_Driver/Src/stm32f0xx_hal_rcc_ex.c ****   @if STM32F070xB
 340:Drivers/STM32F0xx_HAL_Driver/Src/stm32f0xx_hal_rcc_ex.c ****   *            @arg @ref RCC_PERIPHCLK_USB     USB peripheral clock
 341:Drivers/STM32F0xx_HAL_Driver/Src/stm32f0xx_hal_rcc_ex.c ****   @endif
 342:Drivers/STM32F0xx_HAL_Driver/Src/stm32f0xx_hal_rcc_ex.c ****   @if STM32F071xB
 343:Drivers/STM32F0xx_HAL_Driver/Src/stm32f0xx_hal_rcc_ex.c ****   *            @arg @ref RCC_PERIPHCLK_USART2  USART2 peripheral clock
 344:Drivers/STM32F0xx_HAL_Driver/Src/stm32f0xx_hal_rcc_ex.c ****   *            @arg @ref RCC_PERIPHCLK_CEC     CEC peripheral clock
 345:Drivers/STM32F0xx_HAL_Driver/Src/stm32f0xx_hal_rcc_ex.c ****   @endif
 346:Drivers/STM32F0xx_HAL_Driver/Src/stm32f0xx_hal_rcc_ex.c ****   @if STM32F072xB
 347:Drivers/STM32F0xx_HAL_Driver/Src/stm32f0xx_hal_rcc_ex.c ****   *            @arg @ref RCC_PERIPHCLK_USART2  USART2 peripheral clock
 348:Drivers/STM32F0xx_HAL_Driver/Src/stm32f0xx_hal_rcc_ex.c ****   *            @arg @ref RCC_PERIPHCLK_USB     USB peripheral clock
 349:Drivers/STM32F0xx_HAL_Driver/Src/stm32f0xx_hal_rcc_ex.c ****   *            @arg @ref RCC_PERIPHCLK_CEC     CEC peripheral clock
 350:Drivers/STM32F0xx_HAL_Driver/Src/stm32f0xx_hal_rcc_ex.c ****   @endif
 351:Drivers/STM32F0xx_HAL_Driver/Src/stm32f0xx_hal_rcc_ex.c ****   @if STM32F078xx
 352:Drivers/STM32F0xx_HAL_Driver/Src/stm32f0xx_hal_rcc_ex.c ****   *            @arg @ref RCC_PERIPHCLK_USART2  USART2 peripheral clock
 353:Drivers/STM32F0xx_HAL_Driver/Src/stm32f0xx_hal_rcc_ex.c ****   *            @arg @ref RCC_PERIPHCLK_USB     USB peripheral clock
ARM GAS  C:\Users\mason\AppData\Local\Temp\ccyTUXUf.s 			page 14


 354:Drivers/STM32F0xx_HAL_Driver/Src/stm32f0xx_hal_rcc_ex.c ****   *            @arg @ref RCC_PERIPHCLK_CEC     CEC peripheral clock
 355:Drivers/STM32F0xx_HAL_Driver/Src/stm32f0xx_hal_rcc_ex.c ****   @endif
 356:Drivers/STM32F0xx_HAL_Driver/Src/stm32f0xx_hal_rcc_ex.c ****   @if STM32F091xC
 357:Drivers/STM32F0xx_HAL_Driver/Src/stm32f0xx_hal_rcc_ex.c ****   *            @arg @ref RCC_PERIPHCLK_USART2  USART2 peripheral clock
 358:Drivers/STM32F0xx_HAL_Driver/Src/stm32f0xx_hal_rcc_ex.c ****   *            @arg @ref RCC_PERIPHCLK_USART3  USART2 peripheral clock
 359:Drivers/STM32F0xx_HAL_Driver/Src/stm32f0xx_hal_rcc_ex.c ****   *            @arg @ref RCC_PERIPHCLK_CEC     CEC peripheral clock
 360:Drivers/STM32F0xx_HAL_Driver/Src/stm32f0xx_hal_rcc_ex.c ****   @endif
 361:Drivers/STM32F0xx_HAL_Driver/Src/stm32f0xx_hal_rcc_ex.c ****   @if STM32F098xx
 362:Drivers/STM32F0xx_HAL_Driver/Src/stm32f0xx_hal_rcc_ex.c ****   *            @arg @ref RCC_PERIPHCLK_USART2  USART2 peripheral clock
 363:Drivers/STM32F0xx_HAL_Driver/Src/stm32f0xx_hal_rcc_ex.c ****   *            @arg @ref RCC_PERIPHCLK_USART3  USART2 peripheral clock
 364:Drivers/STM32F0xx_HAL_Driver/Src/stm32f0xx_hal_rcc_ex.c ****   *            @arg @ref RCC_PERIPHCLK_CEC     CEC peripheral clock
 365:Drivers/STM32F0xx_HAL_Driver/Src/stm32f0xx_hal_rcc_ex.c ****   @endif
 366:Drivers/STM32F0xx_HAL_Driver/Src/stm32f0xx_hal_rcc_ex.c ****   * @retval Frequency in Hz (0: means that no available frequency for the peripheral)
 367:Drivers/STM32F0xx_HAL_Driver/Src/stm32f0xx_hal_rcc_ex.c ****   */
 368:Drivers/STM32F0xx_HAL_Driver/Src/stm32f0xx_hal_rcc_ex.c **** uint32_t HAL_RCCEx_GetPeriphCLKFreq(uint32_t PeriphClk)
 369:Drivers/STM32F0xx_HAL_Driver/Src/stm32f0xx_hal_rcc_ex.c **** {
 390              		.loc 1 369 1
 391              		.cfi_startproc
 392              		@ args = 0, pretend = 0, frame = 16
 393              		@ frame_needed = 1, uses_anonymous_args = 0
 394 0000 80B5     		push	{r7, lr}
 395              	.LCFI6:
 396              		.cfi_def_cfa_offset 8
 397              		.cfi_offset 7, -8
 398              		.cfi_offset 14, -4
 399 0002 84B0     		sub	sp, sp, #16
 400              	.LCFI7:
 401              		.cfi_def_cfa_offset 24
 402 0004 00AF     		add	r7, sp, #0
 403              	.LCFI8:
 404              		.cfi_def_cfa_register 7
 405 0006 7860     		str	r0, [r7, #4]
 370:Drivers/STM32F0xx_HAL_Driver/Src/stm32f0xx_hal_rcc_ex.c ****   /* frequency == 0 : means that no available frequency for the peripheral */
 371:Drivers/STM32F0xx_HAL_Driver/Src/stm32f0xx_hal_rcc_ex.c ****   uint32_t frequency = 0U;
 406              		.loc 1 371 12
 407 0008 0023     		movs	r3, #0
 408 000a FB60     		str	r3, [r7, #12]
 372:Drivers/STM32F0xx_HAL_Driver/Src/stm32f0xx_hal_rcc_ex.c ****   
 373:Drivers/STM32F0xx_HAL_Driver/Src/stm32f0xx_hal_rcc_ex.c ****   uint32_t srcclk = 0U;
 409              		.loc 1 373 12
 410 000c 0023     		movs	r3, #0
 411 000e BB60     		str	r3, [r7, #8]
 374:Drivers/STM32F0xx_HAL_Driver/Src/stm32f0xx_hal_rcc_ex.c **** #if defined(USB)
 375:Drivers/STM32F0xx_HAL_Driver/Src/stm32f0xx_hal_rcc_ex.c ****   uint32_t pllmull = 0U, pllsource = 0U, predivfactor = 0U;
 376:Drivers/STM32F0xx_HAL_Driver/Src/stm32f0xx_hal_rcc_ex.c **** #endif /* USB */
 377:Drivers/STM32F0xx_HAL_Driver/Src/stm32f0xx_hal_rcc_ex.c **** 
 378:Drivers/STM32F0xx_HAL_Driver/Src/stm32f0xx_hal_rcc_ex.c ****   /* Check the parameters */
 379:Drivers/STM32F0xx_HAL_Driver/Src/stm32f0xx_hal_rcc_ex.c ****   assert_param(IS_RCC_PERIPHCLOCK(PeriphClk));
 380:Drivers/STM32F0xx_HAL_Driver/Src/stm32f0xx_hal_rcc_ex.c ****   
 381:Drivers/STM32F0xx_HAL_Driver/Src/stm32f0xx_hal_rcc_ex.c ****   switch (PeriphClk)
 412              		.loc 1 381 3
 413 0010 7A68     		ldr	r2, [r7, #4]
 414 0012 8023     		movs	r3, #128
 415 0014 5B02     		lsls	r3, r3, #9
 416 0016 9A42     		cmp	r2, r3
 417 0018 0DD0     		beq	.L19
 418 001a 7A68     		ldr	r2, [r7, #4]
ARM GAS  C:\Users\mason\AppData\Local\Temp\ccyTUXUf.s 			page 15


 419 001c 8023     		movs	r3, #128
 420 001e 5B02     		lsls	r3, r3, #9
 421 0020 9A42     		cmp	r2, r3
 422 0022 00D9     		bls	.LCB340
 423 0024 83E0     		b	.L34	@long jump
 424              	.LCB340:
 425 0026 7B68     		ldr	r3, [r7, #4]
 426 0028 012B     		cmp	r3, #1
 427 002a 39D0     		beq	.L21
 428 002c 7B68     		ldr	r3, [r7, #4]
 429 002e 202B     		cmp	r3, #32
 430 0030 00D1     		bne	.LCB346
 431 0032 63E0     		b	.L22	@long jump
 432              	.LCB346:
 382:Drivers/STM32F0xx_HAL_Driver/Src/stm32f0xx_hal_rcc_ex.c ****   {
 383:Drivers/STM32F0xx_HAL_Driver/Src/stm32f0xx_hal_rcc_ex.c ****   case RCC_PERIPHCLK_RTC:
 384:Drivers/STM32F0xx_HAL_Driver/Src/stm32f0xx_hal_rcc_ex.c ****     {
 385:Drivers/STM32F0xx_HAL_Driver/Src/stm32f0xx_hal_rcc_ex.c ****       /* Get the current RTC source */
 386:Drivers/STM32F0xx_HAL_Driver/Src/stm32f0xx_hal_rcc_ex.c ****       srcclk = __HAL_RCC_GET_RTC_SOURCE();
 387:Drivers/STM32F0xx_HAL_Driver/Src/stm32f0xx_hal_rcc_ex.c **** 
 388:Drivers/STM32F0xx_HAL_Driver/Src/stm32f0xx_hal_rcc_ex.c ****       /* Check if LSE is ready and if RTC clock selection is LSE */
 389:Drivers/STM32F0xx_HAL_Driver/Src/stm32f0xx_hal_rcc_ex.c ****       if ((srcclk == RCC_RTCCLKSOURCE_LSE) && (HAL_IS_BIT_SET(RCC->BDCR, RCC_BDCR_LSERDY)))
 390:Drivers/STM32F0xx_HAL_Driver/Src/stm32f0xx_hal_rcc_ex.c ****       {
 391:Drivers/STM32F0xx_HAL_Driver/Src/stm32f0xx_hal_rcc_ex.c ****         frequency = LSE_VALUE;
 392:Drivers/STM32F0xx_HAL_Driver/Src/stm32f0xx_hal_rcc_ex.c ****       }
 393:Drivers/STM32F0xx_HAL_Driver/Src/stm32f0xx_hal_rcc_ex.c ****       /* Check if LSI is ready and if RTC clock selection is LSI */
 394:Drivers/STM32F0xx_HAL_Driver/Src/stm32f0xx_hal_rcc_ex.c ****       else if ((srcclk == RCC_RTCCLKSOURCE_LSI) && (HAL_IS_BIT_SET(RCC->CSR, RCC_CSR_LSIRDY)))
 395:Drivers/STM32F0xx_HAL_Driver/Src/stm32f0xx_hal_rcc_ex.c ****       {
 396:Drivers/STM32F0xx_HAL_Driver/Src/stm32f0xx_hal_rcc_ex.c ****         frequency = LSI_VALUE;
 397:Drivers/STM32F0xx_HAL_Driver/Src/stm32f0xx_hal_rcc_ex.c ****       }
 398:Drivers/STM32F0xx_HAL_Driver/Src/stm32f0xx_hal_rcc_ex.c ****       /* Check if HSE is ready  and if RTC clock selection is HSI_DIV32*/
 399:Drivers/STM32F0xx_HAL_Driver/Src/stm32f0xx_hal_rcc_ex.c ****       else if ((srcclk == RCC_RTCCLKSOURCE_HSE_DIV32) && (HAL_IS_BIT_SET(RCC->CR, RCC_CR_HSERDY)))
 400:Drivers/STM32F0xx_HAL_Driver/Src/stm32f0xx_hal_rcc_ex.c ****       {
 401:Drivers/STM32F0xx_HAL_Driver/Src/stm32f0xx_hal_rcc_ex.c ****         frequency = HSE_VALUE / 32U;
 402:Drivers/STM32F0xx_HAL_Driver/Src/stm32f0xx_hal_rcc_ex.c ****       }
 403:Drivers/STM32F0xx_HAL_Driver/Src/stm32f0xx_hal_rcc_ex.c ****       break;
 404:Drivers/STM32F0xx_HAL_Driver/Src/stm32f0xx_hal_rcc_ex.c ****     }
 405:Drivers/STM32F0xx_HAL_Driver/Src/stm32f0xx_hal_rcc_ex.c ****   case RCC_PERIPHCLK_USART1:
 406:Drivers/STM32F0xx_HAL_Driver/Src/stm32f0xx_hal_rcc_ex.c ****     {
 407:Drivers/STM32F0xx_HAL_Driver/Src/stm32f0xx_hal_rcc_ex.c ****       /* Get the current USART1 source */
 408:Drivers/STM32F0xx_HAL_Driver/Src/stm32f0xx_hal_rcc_ex.c ****       srcclk = __HAL_RCC_GET_USART1_SOURCE();
 409:Drivers/STM32F0xx_HAL_Driver/Src/stm32f0xx_hal_rcc_ex.c **** 
 410:Drivers/STM32F0xx_HAL_Driver/Src/stm32f0xx_hal_rcc_ex.c ****       /* Check if USART1 clock selection is PCLK1 */
 411:Drivers/STM32F0xx_HAL_Driver/Src/stm32f0xx_hal_rcc_ex.c ****       if (srcclk == RCC_USART1CLKSOURCE_PCLK1)
 412:Drivers/STM32F0xx_HAL_Driver/Src/stm32f0xx_hal_rcc_ex.c ****       {
 413:Drivers/STM32F0xx_HAL_Driver/Src/stm32f0xx_hal_rcc_ex.c ****         frequency = HAL_RCC_GetPCLK1Freq();
 414:Drivers/STM32F0xx_HAL_Driver/Src/stm32f0xx_hal_rcc_ex.c ****       }
 415:Drivers/STM32F0xx_HAL_Driver/Src/stm32f0xx_hal_rcc_ex.c ****       /* Check if HSI is ready and if USART1 clock selection is HSI */
 416:Drivers/STM32F0xx_HAL_Driver/Src/stm32f0xx_hal_rcc_ex.c ****       else if ((srcclk == RCC_USART1CLKSOURCE_HSI) && (HAL_IS_BIT_SET(RCC->CR, RCC_CR_HSIRDY)))
 417:Drivers/STM32F0xx_HAL_Driver/Src/stm32f0xx_hal_rcc_ex.c ****       {
 418:Drivers/STM32F0xx_HAL_Driver/Src/stm32f0xx_hal_rcc_ex.c ****         frequency = HSI_VALUE;
 419:Drivers/STM32F0xx_HAL_Driver/Src/stm32f0xx_hal_rcc_ex.c ****       }
 420:Drivers/STM32F0xx_HAL_Driver/Src/stm32f0xx_hal_rcc_ex.c ****       /* Check if USART1 clock selection is SYSCLK */
 421:Drivers/STM32F0xx_HAL_Driver/Src/stm32f0xx_hal_rcc_ex.c ****       else if (srcclk == RCC_USART1CLKSOURCE_SYSCLK)
 422:Drivers/STM32F0xx_HAL_Driver/Src/stm32f0xx_hal_rcc_ex.c ****       {
 423:Drivers/STM32F0xx_HAL_Driver/Src/stm32f0xx_hal_rcc_ex.c ****         frequency = HAL_RCC_GetSysClockFreq();
 424:Drivers/STM32F0xx_HAL_Driver/Src/stm32f0xx_hal_rcc_ex.c ****       }
ARM GAS  C:\Users\mason\AppData\Local\Temp\ccyTUXUf.s 			page 16


 425:Drivers/STM32F0xx_HAL_Driver/Src/stm32f0xx_hal_rcc_ex.c ****       /* Check if LSE is ready  and if USART1 clock selection is LSE */
 426:Drivers/STM32F0xx_HAL_Driver/Src/stm32f0xx_hal_rcc_ex.c ****       else if ((srcclk == RCC_USART1CLKSOURCE_LSE) && (HAL_IS_BIT_SET(RCC->BDCR, RCC_BDCR_LSERDY)))
 427:Drivers/STM32F0xx_HAL_Driver/Src/stm32f0xx_hal_rcc_ex.c ****       {
 428:Drivers/STM32F0xx_HAL_Driver/Src/stm32f0xx_hal_rcc_ex.c ****         frequency = LSE_VALUE;
 429:Drivers/STM32F0xx_HAL_Driver/Src/stm32f0xx_hal_rcc_ex.c ****       }
 430:Drivers/STM32F0xx_HAL_Driver/Src/stm32f0xx_hal_rcc_ex.c ****       break;
 431:Drivers/STM32F0xx_HAL_Driver/Src/stm32f0xx_hal_rcc_ex.c ****     }
 432:Drivers/STM32F0xx_HAL_Driver/Src/stm32f0xx_hal_rcc_ex.c **** #if defined(RCC_CFGR3_USART2SW)
 433:Drivers/STM32F0xx_HAL_Driver/Src/stm32f0xx_hal_rcc_ex.c ****   case RCC_PERIPHCLK_USART2:
 434:Drivers/STM32F0xx_HAL_Driver/Src/stm32f0xx_hal_rcc_ex.c ****     {
 435:Drivers/STM32F0xx_HAL_Driver/Src/stm32f0xx_hal_rcc_ex.c ****       /* Get the current USART2 source */
 436:Drivers/STM32F0xx_HAL_Driver/Src/stm32f0xx_hal_rcc_ex.c ****       srcclk = __HAL_RCC_GET_USART2_SOURCE();
 437:Drivers/STM32F0xx_HAL_Driver/Src/stm32f0xx_hal_rcc_ex.c **** 
 438:Drivers/STM32F0xx_HAL_Driver/Src/stm32f0xx_hal_rcc_ex.c ****       /* Check if USART2 clock selection is PCLK1 */
 439:Drivers/STM32F0xx_HAL_Driver/Src/stm32f0xx_hal_rcc_ex.c ****       if (srcclk == RCC_USART2CLKSOURCE_PCLK1)
 440:Drivers/STM32F0xx_HAL_Driver/Src/stm32f0xx_hal_rcc_ex.c ****       {
 441:Drivers/STM32F0xx_HAL_Driver/Src/stm32f0xx_hal_rcc_ex.c ****         frequency = HAL_RCC_GetPCLK1Freq();
 442:Drivers/STM32F0xx_HAL_Driver/Src/stm32f0xx_hal_rcc_ex.c ****       }
 443:Drivers/STM32F0xx_HAL_Driver/Src/stm32f0xx_hal_rcc_ex.c ****       /* Check if HSI is ready and if USART2 clock selection is HSI */
 444:Drivers/STM32F0xx_HAL_Driver/Src/stm32f0xx_hal_rcc_ex.c ****       else if ((srcclk == RCC_USART2CLKSOURCE_HSI) && (HAL_IS_BIT_SET(RCC->CR, RCC_CR_HSIRDY)))
 445:Drivers/STM32F0xx_HAL_Driver/Src/stm32f0xx_hal_rcc_ex.c ****       {
 446:Drivers/STM32F0xx_HAL_Driver/Src/stm32f0xx_hal_rcc_ex.c ****         frequency = HSI_VALUE;
 447:Drivers/STM32F0xx_HAL_Driver/Src/stm32f0xx_hal_rcc_ex.c ****       }
 448:Drivers/STM32F0xx_HAL_Driver/Src/stm32f0xx_hal_rcc_ex.c ****       /* Check if USART2 clock selection is SYSCLK */
 449:Drivers/STM32F0xx_HAL_Driver/Src/stm32f0xx_hal_rcc_ex.c ****       else if (srcclk == RCC_USART2CLKSOURCE_SYSCLK)
 450:Drivers/STM32F0xx_HAL_Driver/Src/stm32f0xx_hal_rcc_ex.c ****       {
 451:Drivers/STM32F0xx_HAL_Driver/Src/stm32f0xx_hal_rcc_ex.c ****         frequency = HAL_RCC_GetSysClockFreq();
 452:Drivers/STM32F0xx_HAL_Driver/Src/stm32f0xx_hal_rcc_ex.c ****       }
 453:Drivers/STM32F0xx_HAL_Driver/Src/stm32f0xx_hal_rcc_ex.c ****       /* Check if LSE is ready  and if USART2 clock selection is LSE */
 454:Drivers/STM32F0xx_HAL_Driver/Src/stm32f0xx_hal_rcc_ex.c ****       else if ((srcclk == RCC_USART2CLKSOURCE_LSE) && (HAL_IS_BIT_SET(RCC->BDCR, RCC_BDCR_LSERDY)))
 455:Drivers/STM32F0xx_HAL_Driver/Src/stm32f0xx_hal_rcc_ex.c ****       {
 456:Drivers/STM32F0xx_HAL_Driver/Src/stm32f0xx_hal_rcc_ex.c ****         frequency = LSE_VALUE;
 457:Drivers/STM32F0xx_HAL_Driver/Src/stm32f0xx_hal_rcc_ex.c ****       }
 458:Drivers/STM32F0xx_HAL_Driver/Src/stm32f0xx_hal_rcc_ex.c ****       break;
 459:Drivers/STM32F0xx_HAL_Driver/Src/stm32f0xx_hal_rcc_ex.c ****     }
 460:Drivers/STM32F0xx_HAL_Driver/Src/stm32f0xx_hal_rcc_ex.c **** #endif /* RCC_CFGR3_USART2SW */
 461:Drivers/STM32F0xx_HAL_Driver/Src/stm32f0xx_hal_rcc_ex.c **** #if defined(RCC_CFGR3_USART3SW)
 462:Drivers/STM32F0xx_HAL_Driver/Src/stm32f0xx_hal_rcc_ex.c ****   case RCC_PERIPHCLK_USART3:
 463:Drivers/STM32F0xx_HAL_Driver/Src/stm32f0xx_hal_rcc_ex.c ****     {
 464:Drivers/STM32F0xx_HAL_Driver/Src/stm32f0xx_hal_rcc_ex.c ****       /* Get the current USART3 source */
 465:Drivers/STM32F0xx_HAL_Driver/Src/stm32f0xx_hal_rcc_ex.c ****       srcclk = __HAL_RCC_GET_USART3_SOURCE();
 466:Drivers/STM32F0xx_HAL_Driver/Src/stm32f0xx_hal_rcc_ex.c **** 
 467:Drivers/STM32F0xx_HAL_Driver/Src/stm32f0xx_hal_rcc_ex.c ****       /* Check if USART3 clock selection is PCLK1 */
 468:Drivers/STM32F0xx_HAL_Driver/Src/stm32f0xx_hal_rcc_ex.c ****       if (srcclk == RCC_USART3CLKSOURCE_PCLK1)
 469:Drivers/STM32F0xx_HAL_Driver/Src/stm32f0xx_hal_rcc_ex.c ****       {
 470:Drivers/STM32F0xx_HAL_Driver/Src/stm32f0xx_hal_rcc_ex.c ****         frequency = HAL_RCC_GetPCLK1Freq();
 471:Drivers/STM32F0xx_HAL_Driver/Src/stm32f0xx_hal_rcc_ex.c ****       }
 472:Drivers/STM32F0xx_HAL_Driver/Src/stm32f0xx_hal_rcc_ex.c ****       /* Check if HSI is ready and if USART3 clock selection is HSI */
 473:Drivers/STM32F0xx_HAL_Driver/Src/stm32f0xx_hal_rcc_ex.c ****       else if ((srcclk == RCC_USART3CLKSOURCE_HSI) && (HAL_IS_BIT_SET(RCC->CR, RCC_CR_HSIRDY)))
 474:Drivers/STM32F0xx_HAL_Driver/Src/stm32f0xx_hal_rcc_ex.c ****       {
 475:Drivers/STM32F0xx_HAL_Driver/Src/stm32f0xx_hal_rcc_ex.c ****         frequency = HSI_VALUE;
 476:Drivers/STM32F0xx_HAL_Driver/Src/stm32f0xx_hal_rcc_ex.c ****       }
 477:Drivers/STM32F0xx_HAL_Driver/Src/stm32f0xx_hal_rcc_ex.c ****       /* Check if USART3 clock selection is SYSCLK */
 478:Drivers/STM32F0xx_HAL_Driver/Src/stm32f0xx_hal_rcc_ex.c ****       else if (srcclk == RCC_USART3CLKSOURCE_SYSCLK)
 479:Drivers/STM32F0xx_HAL_Driver/Src/stm32f0xx_hal_rcc_ex.c ****       {
 480:Drivers/STM32F0xx_HAL_Driver/Src/stm32f0xx_hal_rcc_ex.c ****         frequency = HAL_RCC_GetSysClockFreq();
 481:Drivers/STM32F0xx_HAL_Driver/Src/stm32f0xx_hal_rcc_ex.c ****       }
ARM GAS  C:\Users\mason\AppData\Local\Temp\ccyTUXUf.s 			page 17


 482:Drivers/STM32F0xx_HAL_Driver/Src/stm32f0xx_hal_rcc_ex.c ****       /* Check if LSE is ready  and if USART3 clock selection is LSE */
 483:Drivers/STM32F0xx_HAL_Driver/Src/stm32f0xx_hal_rcc_ex.c ****       else if ((srcclk == RCC_USART3CLKSOURCE_LSE) && (HAL_IS_BIT_SET(RCC->BDCR, RCC_BDCR_LSERDY)))
 484:Drivers/STM32F0xx_HAL_Driver/Src/stm32f0xx_hal_rcc_ex.c ****       {
 485:Drivers/STM32F0xx_HAL_Driver/Src/stm32f0xx_hal_rcc_ex.c ****         frequency = LSE_VALUE;
 486:Drivers/STM32F0xx_HAL_Driver/Src/stm32f0xx_hal_rcc_ex.c ****       }
 487:Drivers/STM32F0xx_HAL_Driver/Src/stm32f0xx_hal_rcc_ex.c ****       break;
 488:Drivers/STM32F0xx_HAL_Driver/Src/stm32f0xx_hal_rcc_ex.c ****     }
 489:Drivers/STM32F0xx_HAL_Driver/Src/stm32f0xx_hal_rcc_ex.c **** #endif /* RCC_CFGR3_USART3SW */
 490:Drivers/STM32F0xx_HAL_Driver/Src/stm32f0xx_hal_rcc_ex.c ****   case RCC_PERIPHCLK_I2C1:
 491:Drivers/STM32F0xx_HAL_Driver/Src/stm32f0xx_hal_rcc_ex.c ****     {
 492:Drivers/STM32F0xx_HAL_Driver/Src/stm32f0xx_hal_rcc_ex.c ****       /* Get the current I2C1 source */
 493:Drivers/STM32F0xx_HAL_Driver/Src/stm32f0xx_hal_rcc_ex.c ****       srcclk = __HAL_RCC_GET_I2C1_SOURCE();
 494:Drivers/STM32F0xx_HAL_Driver/Src/stm32f0xx_hal_rcc_ex.c **** 
 495:Drivers/STM32F0xx_HAL_Driver/Src/stm32f0xx_hal_rcc_ex.c ****       /* Check if HSI is ready and if I2C1 clock selection is HSI */
 496:Drivers/STM32F0xx_HAL_Driver/Src/stm32f0xx_hal_rcc_ex.c ****       if ((srcclk == RCC_I2C1CLKSOURCE_HSI) && (HAL_IS_BIT_SET(RCC->CR, RCC_CR_HSIRDY)))
 497:Drivers/STM32F0xx_HAL_Driver/Src/stm32f0xx_hal_rcc_ex.c ****       {
 498:Drivers/STM32F0xx_HAL_Driver/Src/stm32f0xx_hal_rcc_ex.c ****         frequency = HSI_VALUE;
 499:Drivers/STM32F0xx_HAL_Driver/Src/stm32f0xx_hal_rcc_ex.c ****       }
 500:Drivers/STM32F0xx_HAL_Driver/Src/stm32f0xx_hal_rcc_ex.c ****       /* Check if I2C1 clock selection is SYSCLK */
 501:Drivers/STM32F0xx_HAL_Driver/Src/stm32f0xx_hal_rcc_ex.c ****       else if (srcclk == RCC_I2C1CLKSOURCE_SYSCLK)
 502:Drivers/STM32F0xx_HAL_Driver/Src/stm32f0xx_hal_rcc_ex.c ****       {
 503:Drivers/STM32F0xx_HAL_Driver/Src/stm32f0xx_hal_rcc_ex.c ****         frequency = HAL_RCC_GetSysClockFreq();
 504:Drivers/STM32F0xx_HAL_Driver/Src/stm32f0xx_hal_rcc_ex.c ****       }
 505:Drivers/STM32F0xx_HAL_Driver/Src/stm32f0xx_hal_rcc_ex.c ****       break;
 506:Drivers/STM32F0xx_HAL_Driver/Src/stm32f0xx_hal_rcc_ex.c ****     }
 507:Drivers/STM32F0xx_HAL_Driver/Src/stm32f0xx_hal_rcc_ex.c **** #if defined(USB)
 508:Drivers/STM32F0xx_HAL_Driver/Src/stm32f0xx_hal_rcc_ex.c ****   case RCC_PERIPHCLK_USB:
 509:Drivers/STM32F0xx_HAL_Driver/Src/stm32f0xx_hal_rcc_ex.c ****     {
 510:Drivers/STM32F0xx_HAL_Driver/Src/stm32f0xx_hal_rcc_ex.c ****       /* Get the current USB source */
 511:Drivers/STM32F0xx_HAL_Driver/Src/stm32f0xx_hal_rcc_ex.c ****       srcclk = __HAL_RCC_GET_USB_SOURCE();
 512:Drivers/STM32F0xx_HAL_Driver/Src/stm32f0xx_hal_rcc_ex.c **** 
 513:Drivers/STM32F0xx_HAL_Driver/Src/stm32f0xx_hal_rcc_ex.c ****       /* Check if PLL is ready and if USB clock selection is PLL */
 514:Drivers/STM32F0xx_HAL_Driver/Src/stm32f0xx_hal_rcc_ex.c ****       if ((srcclk == RCC_USBCLKSOURCE_PLL) && (HAL_IS_BIT_SET(RCC->CR, RCC_CR_PLLRDY)))
 515:Drivers/STM32F0xx_HAL_Driver/Src/stm32f0xx_hal_rcc_ex.c ****       {
 516:Drivers/STM32F0xx_HAL_Driver/Src/stm32f0xx_hal_rcc_ex.c ****         /* Get PLL clock source and multiplication factor ----------------------*/
 517:Drivers/STM32F0xx_HAL_Driver/Src/stm32f0xx_hal_rcc_ex.c ****         pllmull      = RCC->CFGR & RCC_CFGR_PLLMUL;
 518:Drivers/STM32F0xx_HAL_Driver/Src/stm32f0xx_hal_rcc_ex.c ****         pllsource    = RCC->CFGR & RCC_CFGR_PLLSRC;
 519:Drivers/STM32F0xx_HAL_Driver/Src/stm32f0xx_hal_rcc_ex.c ****         pllmull      = (pllmull >> RCC_CFGR_PLLMUL_BITNUMBER) + 2U;
 520:Drivers/STM32F0xx_HAL_Driver/Src/stm32f0xx_hal_rcc_ex.c ****         predivfactor = (RCC->CFGR2 & RCC_CFGR2_PREDIV) + 1U;
 521:Drivers/STM32F0xx_HAL_Driver/Src/stm32f0xx_hal_rcc_ex.c **** 
 522:Drivers/STM32F0xx_HAL_Driver/Src/stm32f0xx_hal_rcc_ex.c ****         if (pllsource == RCC_CFGR_PLLSRC_HSE_PREDIV)
 523:Drivers/STM32F0xx_HAL_Driver/Src/stm32f0xx_hal_rcc_ex.c ****         {
 524:Drivers/STM32F0xx_HAL_Driver/Src/stm32f0xx_hal_rcc_ex.c ****           /* HSE used as PLL clock source : frequency = HSE/PREDIV * PLLMUL */
 525:Drivers/STM32F0xx_HAL_Driver/Src/stm32f0xx_hal_rcc_ex.c ****           frequency = (HSE_VALUE/predivfactor) * pllmull;
 526:Drivers/STM32F0xx_HAL_Driver/Src/stm32f0xx_hal_rcc_ex.c ****         }
 527:Drivers/STM32F0xx_HAL_Driver/Src/stm32f0xx_hal_rcc_ex.c **** #if defined(RCC_CR2_HSI48ON)
 528:Drivers/STM32F0xx_HAL_Driver/Src/stm32f0xx_hal_rcc_ex.c ****         else if (pllsource == RCC_CFGR_PLLSRC_HSI48_PREDIV)
 529:Drivers/STM32F0xx_HAL_Driver/Src/stm32f0xx_hal_rcc_ex.c ****         {
 530:Drivers/STM32F0xx_HAL_Driver/Src/stm32f0xx_hal_rcc_ex.c ****           /* HSI48 used as PLL clock source : frequency = HSI48/PREDIV * PLLMUL */
 531:Drivers/STM32F0xx_HAL_Driver/Src/stm32f0xx_hal_rcc_ex.c ****           frequency = (HSI48_VALUE / predivfactor) * pllmull;
 532:Drivers/STM32F0xx_HAL_Driver/Src/stm32f0xx_hal_rcc_ex.c ****         }
 533:Drivers/STM32F0xx_HAL_Driver/Src/stm32f0xx_hal_rcc_ex.c **** #endif /* RCC_CR2_HSI48ON */
 534:Drivers/STM32F0xx_HAL_Driver/Src/stm32f0xx_hal_rcc_ex.c ****         else
 535:Drivers/STM32F0xx_HAL_Driver/Src/stm32f0xx_hal_rcc_ex.c ****         {
 536:Drivers/STM32F0xx_HAL_Driver/Src/stm32f0xx_hal_rcc_ex.c **** #if defined(STM32F042x6) || defined(STM32F048xx) || defined(STM32F078xx) || defined(STM32F072xB) ||
 537:Drivers/STM32F0xx_HAL_Driver/Src/stm32f0xx_hal_rcc_ex.c ****           /* HSI used as PLL clock source : frequency = HSI/PREDIV * PLLMUL */
 538:Drivers/STM32F0xx_HAL_Driver/Src/stm32f0xx_hal_rcc_ex.c ****           frequency = (HSI_VALUE / predivfactor) * pllmull;
ARM GAS  C:\Users\mason\AppData\Local\Temp\ccyTUXUf.s 			page 18


 539:Drivers/STM32F0xx_HAL_Driver/Src/stm32f0xx_hal_rcc_ex.c **** #else
 540:Drivers/STM32F0xx_HAL_Driver/Src/stm32f0xx_hal_rcc_ex.c ****           /* HSI used as PLL clock source : frequency = HSI/2U * PLLMUL */
 541:Drivers/STM32F0xx_HAL_Driver/Src/stm32f0xx_hal_rcc_ex.c ****           frequency = (HSI_VALUE >> 1U) * pllmull;
 542:Drivers/STM32F0xx_HAL_Driver/Src/stm32f0xx_hal_rcc_ex.c **** #endif /* STM32F042x6 || STM32F048xx || STM32F072xB || STM32F078xx || STM32F070xB */
 543:Drivers/STM32F0xx_HAL_Driver/Src/stm32f0xx_hal_rcc_ex.c ****         }
 544:Drivers/STM32F0xx_HAL_Driver/Src/stm32f0xx_hal_rcc_ex.c ****       }
 545:Drivers/STM32F0xx_HAL_Driver/Src/stm32f0xx_hal_rcc_ex.c **** #if defined(RCC_CR2_HSI48ON)
 546:Drivers/STM32F0xx_HAL_Driver/Src/stm32f0xx_hal_rcc_ex.c ****       /* Check if HSI48 is ready and if USB clock selection is HSI48 */
 547:Drivers/STM32F0xx_HAL_Driver/Src/stm32f0xx_hal_rcc_ex.c ****       else if ((srcclk == RCC_USBCLKSOURCE_HSI48) && (HAL_IS_BIT_SET(RCC->CR2, RCC_CR2_HSI48RDY)))
 548:Drivers/STM32F0xx_HAL_Driver/Src/stm32f0xx_hal_rcc_ex.c ****       {
 549:Drivers/STM32F0xx_HAL_Driver/Src/stm32f0xx_hal_rcc_ex.c ****         frequency = HSI48_VALUE;
 550:Drivers/STM32F0xx_HAL_Driver/Src/stm32f0xx_hal_rcc_ex.c ****       }
 551:Drivers/STM32F0xx_HAL_Driver/Src/stm32f0xx_hal_rcc_ex.c **** #endif /* RCC_CR2_HSI48ON */
 552:Drivers/STM32F0xx_HAL_Driver/Src/stm32f0xx_hal_rcc_ex.c ****       break;
 553:Drivers/STM32F0xx_HAL_Driver/Src/stm32f0xx_hal_rcc_ex.c ****     }
 554:Drivers/STM32F0xx_HAL_Driver/Src/stm32f0xx_hal_rcc_ex.c **** #endif /* USB */
 555:Drivers/STM32F0xx_HAL_Driver/Src/stm32f0xx_hal_rcc_ex.c **** #if defined(CEC)
 556:Drivers/STM32F0xx_HAL_Driver/Src/stm32f0xx_hal_rcc_ex.c ****   case RCC_PERIPHCLK_CEC:
 557:Drivers/STM32F0xx_HAL_Driver/Src/stm32f0xx_hal_rcc_ex.c ****     {
 558:Drivers/STM32F0xx_HAL_Driver/Src/stm32f0xx_hal_rcc_ex.c ****       /* Get the current CEC source */
 559:Drivers/STM32F0xx_HAL_Driver/Src/stm32f0xx_hal_rcc_ex.c ****       srcclk = __HAL_RCC_GET_CEC_SOURCE();
 560:Drivers/STM32F0xx_HAL_Driver/Src/stm32f0xx_hal_rcc_ex.c **** 
 561:Drivers/STM32F0xx_HAL_Driver/Src/stm32f0xx_hal_rcc_ex.c ****       /* Check if HSI is ready and if CEC clock selection is HSI */
 562:Drivers/STM32F0xx_HAL_Driver/Src/stm32f0xx_hal_rcc_ex.c ****       if ((srcclk == RCC_CECCLKSOURCE_HSI) && (HAL_IS_BIT_SET(RCC->CR, RCC_CR_HSIRDY)))
 563:Drivers/STM32F0xx_HAL_Driver/Src/stm32f0xx_hal_rcc_ex.c ****       {
 564:Drivers/STM32F0xx_HAL_Driver/Src/stm32f0xx_hal_rcc_ex.c ****         frequency = HSI_VALUE;
 565:Drivers/STM32F0xx_HAL_Driver/Src/stm32f0xx_hal_rcc_ex.c ****       }
 566:Drivers/STM32F0xx_HAL_Driver/Src/stm32f0xx_hal_rcc_ex.c ****       /* Check if LSE is ready  and if CEC clock selection is LSE */
 567:Drivers/STM32F0xx_HAL_Driver/Src/stm32f0xx_hal_rcc_ex.c ****       else if ((srcclk == RCC_CECCLKSOURCE_LSE) && (HAL_IS_BIT_SET(RCC->BDCR, RCC_BDCR_LSERDY)))
 568:Drivers/STM32F0xx_HAL_Driver/Src/stm32f0xx_hal_rcc_ex.c ****       {
 569:Drivers/STM32F0xx_HAL_Driver/Src/stm32f0xx_hal_rcc_ex.c ****         frequency = LSE_VALUE;
 570:Drivers/STM32F0xx_HAL_Driver/Src/stm32f0xx_hal_rcc_ex.c ****       }
 571:Drivers/STM32F0xx_HAL_Driver/Src/stm32f0xx_hal_rcc_ex.c ****       break;
 572:Drivers/STM32F0xx_HAL_Driver/Src/stm32f0xx_hal_rcc_ex.c ****     }
 573:Drivers/STM32F0xx_HAL_Driver/Src/stm32f0xx_hal_rcc_ex.c **** #endif /* CEC */
 574:Drivers/STM32F0xx_HAL_Driver/Src/stm32f0xx_hal_rcc_ex.c ****   default: 
 575:Drivers/STM32F0xx_HAL_Driver/Src/stm32f0xx_hal_rcc_ex.c ****     {
 576:Drivers/STM32F0xx_HAL_Driver/Src/stm32f0xx_hal_rcc_ex.c ****       break;
 433              		.loc 1 576 7
 434 0034 7BE0     		b	.L34
 435              	.L19:
 386:Drivers/STM32F0xx_HAL_Driver/Src/stm32f0xx_hal_rcc_ex.c **** 
 436              		.loc 1 386 16
 437 0036 444B     		ldr	r3, .L38
 438 0038 1A6A     		ldr	r2, [r3, #32]
 386:Drivers/STM32F0xx_HAL_Driver/Src/stm32f0xx_hal_rcc_ex.c **** 
 439              		.loc 1 386 14
 440 003a C023     		movs	r3, #192
 441 003c 9B00     		lsls	r3, r3, #2
 442 003e 1340     		ands	r3, r2
 443 0040 BB60     		str	r3, [r7, #8]
 389:Drivers/STM32F0xx_HAL_Driver/Src/stm32f0xx_hal_rcc_ex.c ****       {
 444              		.loc 1 389 10
 445 0042 BA68     		ldr	r2, [r7, #8]
 446 0044 8023     		movs	r3, #128
 447 0046 5B00     		lsls	r3, r3, #1
 448 0048 9A42     		cmp	r2, r3
ARM GAS  C:\Users\mason\AppData\Local\Temp\ccyTUXUf.s 			page 19


 449 004a 09D1     		bne	.L23
 389:Drivers/STM32F0xx_HAL_Driver/Src/stm32f0xx_hal_rcc_ex.c ****       {
 450              		.loc 1 389 48 discriminator 1
 451 004c 3E4B     		ldr	r3, .L38
 452 004e 1B6A     		ldr	r3, [r3, #32]
 453 0050 0222     		movs	r2, #2
 454 0052 1340     		ands	r3, r2
 389:Drivers/STM32F0xx_HAL_Driver/Src/stm32f0xx_hal_rcc_ex.c ****       {
 455              		.loc 1 389 44 discriminator 1
 456 0054 022B     		cmp	r3, #2
 457 0056 03D1     		bne	.L23
 391:Drivers/STM32F0xx_HAL_Driver/Src/stm32f0xx_hal_rcc_ex.c ****       }
 458              		.loc 1 391 19
 459 0058 8023     		movs	r3, #128
 460 005a 1B02     		lsls	r3, r3, #8
 461 005c FB60     		str	r3, [r7, #12]
 462 005e 1EE0     		b	.L24
 463              	.L23:
 394:Drivers/STM32F0xx_HAL_Driver/Src/stm32f0xx_hal_rcc_ex.c ****       {
 464              		.loc 1 394 15
 465 0060 BA68     		ldr	r2, [r7, #8]
 466 0062 8023     		movs	r3, #128
 467 0064 9B00     		lsls	r3, r3, #2
 468 0066 9A42     		cmp	r2, r3
 469 0068 08D1     		bne	.L25
 394:Drivers/STM32F0xx_HAL_Driver/Src/stm32f0xx_hal_rcc_ex.c ****       {
 470              		.loc 1 394 53 discriminator 1
 471 006a 374B     		ldr	r3, .L38
 472 006c 5B6A     		ldr	r3, [r3, #36]
 473 006e 0222     		movs	r2, #2
 474 0070 1340     		ands	r3, r2
 394:Drivers/STM32F0xx_HAL_Driver/Src/stm32f0xx_hal_rcc_ex.c ****       {
 475              		.loc 1 394 49 discriminator 1
 476 0072 022B     		cmp	r3, #2
 477 0074 02D1     		bne	.L25
 396:Drivers/STM32F0xx_HAL_Driver/Src/stm32f0xx_hal_rcc_ex.c ****       }
 478              		.loc 1 396 19
 479 0076 354B     		ldr	r3, .L38+4
 480 0078 FB60     		str	r3, [r7, #12]
 481 007a 10E0     		b	.L24
 482              	.L25:
 399:Drivers/STM32F0xx_HAL_Driver/Src/stm32f0xx_hal_rcc_ex.c ****       {
 483              		.loc 1 399 15
 484 007c BA68     		ldr	r2, [r7, #8]
 485 007e C023     		movs	r3, #192
 486 0080 9B00     		lsls	r3, r3, #2
 487 0082 9A42     		cmp	r2, r3
 488 0084 55D1     		bne	.L35
 399:Drivers/STM32F0xx_HAL_Driver/Src/stm32f0xx_hal_rcc_ex.c ****       {
 489              		.loc 1 399 59 discriminator 1
 490 0086 304B     		ldr	r3, .L38
 491 0088 1A68     		ldr	r2, [r3]
 492 008a 8023     		movs	r3, #128
 493 008c 9B02     		lsls	r3, r3, #10
 494 008e 1A40     		ands	r2, r3
 399:Drivers/STM32F0xx_HAL_Driver/Src/stm32f0xx_hal_rcc_ex.c ****       {
 495              		.loc 1 399 55 discriminator 1
ARM GAS  C:\Users\mason\AppData\Local\Temp\ccyTUXUf.s 			page 20


 496 0090 8023     		movs	r3, #128
 497 0092 9B02     		lsls	r3, r3, #10
 498 0094 9A42     		cmp	r2, r3
 499 0096 4CD1     		bne	.L35
 401:Drivers/STM32F0xx_HAL_Driver/Src/stm32f0xx_hal_rcc_ex.c ****       }
 500              		.loc 1 401 19
 501 0098 2D4B     		ldr	r3, .L38+8
 502 009a FB60     		str	r3, [r7, #12]
 403:Drivers/STM32F0xx_HAL_Driver/Src/stm32f0xx_hal_rcc_ex.c ****     }
 503              		.loc 1 403 7
 504 009c 49E0     		b	.L35
 505              	.L24:
 506 009e 48E0     		b	.L35
 507              	.L21:
 408:Drivers/STM32F0xx_HAL_Driver/Src/stm32f0xx_hal_rcc_ex.c **** 
 508              		.loc 1 408 16
 509 00a0 294B     		ldr	r3, .L38
 510 00a2 1B6B     		ldr	r3, [r3, #48]
 408:Drivers/STM32F0xx_HAL_Driver/Src/stm32f0xx_hal_rcc_ex.c **** 
 511              		.loc 1 408 14
 512 00a4 0322     		movs	r2, #3
 513 00a6 1340     		ands	r3, r2
 514 00a8 BB60     		str	r3, [r7, #8]
 411:Drivers/STM32F0xx_HAL_Driver/Src/stm32f0xx_hal_rcc_ex.c ****       {
 515              		.loc 1 411 10
 516 00aa BB68     		ldr	r3, [r7, #8]
 517 00ac 002B     		cmp	r3, #0
 518 00ae 04D1     		bne	.L27
 413:Drivers/STM32F0xx_HAL_Driver/Src/stm32f0xx_hal_rcc_ex.c ****       }
 519              		.loc 1 413 21
 520 00b0 FFF7FEFF 		bl	HAL_RCC_GetPCLK1Freq
 521 00b4 0300     		movs	r3, r0
 522 00b6 FB60     		str	r3, [r7, #12]
 430:Drivers/STM32F0xx_HAL_Driver/Src/stm32f0xx_hal_rcc_ex.c ****     }
 523              		.loc 1 430 7
 524 00b8 3DE0     		b	.L36
 525              	.L27:
 416:Drivers/STM32F0xx_HAL_Driver/Src/stm32f0xx_hal_rcc_ex.c ****       {
 526              		.loc 1 416 15
 527 00ba BB68     		ldr	r3, [r7, #8]
 528 00bc 032B     		cmp	r3, #3
 529 00be 08D1     		bne	.L29
 416:Drivers/STM32F0xx_HAL_Driver/Src/stm32f0xx_hal_rcc_ex.c ****       {
 530              		.loc 1 416 56 discriminator 1
 531 00c0 214B     		ldr	r3, .L38
 532 00c2 1B68     		ldr	r3, [r3]
 533 00c4 0222     		movs	r2, #2
 534 00c6 1340     		ands	r3, r2
 416:Drivers/STM32F0xx_HAL_Driver/Src/stm32f0xx_hal_rcc_ex.c ****       {
 535              		.loc 1 416 52 discriminator 1
 536 00c8 022B     		cmp	r3, #2
 537 00ca 02D1     		bne	.L29
 418:Drivers/STM32F0xx_HAL_Driver/Src/stm32f0xx_hal_rcc_ex.c ****       }
 538              		.loc 1 418 19
 539 00cc 214B     		ldr	r3, .L38+12
 540 00ce FB60     		str	r3, [r7, #12]
 430:Drivers/STM32F0xx_HAL_Driver/Src/stm32f0xx_hal_rcc_ex.c ****     }
ARM GAS  C:\Users\mason\AppData\Local\Temp\ccyTUXUf.s 			page 21


 541              		.loc 1 430 7
 542 00d0 31E0     		b	.L36
 543              	.L29:
 421:Drivers/STM32F0xx_HAL_Driver/Src/stm32f0xx_hal_rcc_ex.c ****       {
 544              		.loc 1 421 15
 545 00d2 BB68     		ldr	r3, [r7, #8]
 546 00d4 012B     		cmp	r3, #1
 547 00d6 04D1     		bne	.L30
 423:Drivers/STM32F0xx_HAL_Driver/Src/stm32f0xx_hal_rcc_ex.c ****       }
 548              		.loc 1 423 21
 549 00d8 FFF7FEFF 		bl	HAL_RCC_GetSysClockFreq
 550 00dc 0300     		movs	r3, r0
 551 00de FB60     		str	r3, [r7, #12]
 430:Drivers/STM32F0xx_HAL_Driver/Src/stm32f0xx_hal_rcc_ex.c ****     }
 552              		.loc 1 430 7
 553 00e0 29E0     		b	.L36
 554              	.L30:
 426:Drivers/STM32F0xx_HAL_Driver/Src/stm32f0xx_hal_rcc_ex.c ****       {
 555              		.loc 1 426 15
 556 00e2 BB68     		ldr	r3, [r7, #8]
 557 00e4 022B     		cmp	r3, #2
 558 00e6 26D1     		bne	.L36
 426:Drivers/STM32F0xx_HAL_Driver/Src/stm32f0xx_hal_rcc_ex.c ****       {
 559              		.loc 1 426 56 discriminator 1
 560 00e8 174B     		ldr	r3, .L38
 561 00ea 1B6A     		ldr	r3, [r3, #32]
 562 00ec 0222     		movs	r2, #2
 563 00ee 1340     		ands	r3, r2
 426:Drivers/STM32F0xx_HAL_Driver/Src/stm32f0xx_hal_rcc_ex.c ****       {
 564              		.loc 1 426 52 discriminator 1
 565 00f0 022B     		cmp	r3, #2
 566 00f2 20D1     		bne	.L36
 428:Drivers/STM32F0xx_HAL_Driver/Src/stm32f0xx_hal_rcc_ex.c ****       }
 567              		.loc 1 428 19
 568 00f4 8023     		movs	r3, #128
 569 00f6 1B02     		lsls	r3, r3, #8
 570 00f8 FB60     		str	r3, [r7, #12]
 430:Drivers/STM32F0xx_HAL_Driver/Src/stm32f0xx_hal_rcc_ex.c ****     }
 571              		.loc 1 430 7
 572 00fa 1CE0     		b	.L36
 573              	.L22:
 493:Drivers/STM32F0xx_HAL_Driver/Src/stm32f0xx_hal_rcc_ex.c **** 
 574              		.loc 1 493 16
 575 00fc 124B     		ldr	r3, .L38
 576 00fe 1B6B     		ldr	r3, [r3, #48]
 493:Drivers/STM32F0xx_HAL_Driver/Src/stm32f0xx_hal_rcc_ex.c **** 
 577              		.loc 1 493 14
 578 0100 1022     		movs	r2, #16
 579 0102 1340     		ands	r3, r2
 580 0104 BB60     		str	r3, [r7, #8]
 496:Drivers/STM32F0xx_HAL_Driver/Src/stm32f0xx_hal_rcc_ex.c ****       {
 581              		.loc 1 496 10
 582 0106 BB68     		ldr	r3, [r7, #8]
 583 0108 002B     		cmp	r3, #0
 584 010a 08D1     		bne	.L31
 496:Drivers/STM32F0xx_HAL_Driver/Src/stm32f0xx_hal_rcc_ex.c ****       {
 585              		.loc 1 496 49 discriminator 1
ARM GAS  C:\Users\mason\AppData\Local\Temp\ccyTUXUf.s 			page 22


 586 010c 0E4B     		ldr	r3, .L38
 587 010e 1B68     		ldr	r3, [r3]
 588 0110 0222     		movs	r2, #2
 589 0112 1340     		ands	r3, r2
 496:Drivers/STM32F0xx_HAL_Driver/Src/stm32f0xx_hal_rcc_ex.c ****       {
 590              		.loc 1 496 45 discriminator 1
 591 0114 022B     		cmp	r3, #2
 592 0116 02D1     		bne	.L31
 498:Drivers/STM32F0xx_HAL_Driver/Src/stm32f0xx_hal_rcc_ex.c ****       }
 593              		.loc 1 498 19
 594 0118 0E4B     		ldr	r3, .L38+12
 595 011a FB60     		str	r3, [r7, #12]
 505:Drivers/STM32F0xx_HAL_Driver/Src/stm32f0xx_hal_rcc_ex.c ****     }
 596              		.loc 1 505 7
 597 011c 0DE0     		b	.L37
 598              	.L31:
 501:Drivers/STM32F0xx_HAL_Driver/Src/stm32f0xx_hal_rcc_ex.c ****       {
 599              		.loc 1 501 15
 600 011e BB68     		ldr	r3, [r7, #8]
 601 0120 102B     		cmp	r3, #16
 602 0122 0AD1     		bne	.L37
 503:Drivers/STM32F0xx_HAL_Driver/Src/stm32f0xx_hal_rcc_ex.c ****       }
 603              		.loc 1 503 21
 604 0124 FFF7FEFF 		bl	HAL_RCC_GetSysClockFreq
 605 0128 0300     		movs	r3, r0
 606 012a FB60     		str	r3, [r7, #12]
 505:Drivers/STM32F0xx_HAL_Driver/Src/stm32f0xx_hal_rcc_ex.c ****     }
 607              		.loc 1 505 7
 608 012c 05E0     		b	.L37
 609              	.L34:
 610              		.loc 1 576 7
 611 012e C046     		nop
 612 0130 04E0     		b	.L26
 613              	.L35:
 403:Drivers/STM32F0xx_HAL_Driver/Src/stm32f0xx_hal_rcc_ex.c ****     }
 614              		.loc 1 403 7
 615 0132 C046     		nop
 616 0134 02E0     		b	.L26
 617              	.L36:
 430:Drivers/STM32F0xx_HAL_Driver/Src/stm32f0xx_hal_rcc_ex.c ****     }
 618              		.loc 1 430 7
 619 0136 C046     		nop
 620 0138 00E0     		b	.L26
 621              	.L37:
 505:Drivers/STM32F0xx_HAL_Driver/Src/stm32f0xx_hal_rcc_ex.c ****     }
 622              		.loc 1 505 7
 623 013a C046     		nop
 624              	.L26:
 577:Drivers/STM32F0xx_HAL_Driver/Src/stm32f0xx_hal_rcc_ex.c ****     }
 578:Drivers/STM32F0xx_HAL_Driver/Src/stm32f0xx_hal_rcc_ex.c ****   }
 579:Drivers/STM32F0xx_HAL_Driver/Src/stm32f0xx_hal_rcc_ex.c ****   return(frequency);
 625              		.loc 1 579 9
 626 013c FB68     		ldr	r3, [r7, #12]
 580:Drivers/STM32F0xx_HAL_Driver/Src/stm32f0xx_hal_rcc_ex.c **** }
 627              		.loc 1 580 1
 628 013e 1800     		movs	r0, r3
 629 0140 BD46     		mov	sp, r7
ARM GAS  C:\Users\mason\AppData\Local\Temp\ccyTUXUf.s 			page 23


 630 0142 04B0     		add	sp, sp, #16
 631              		@ sp needed
 632 0144 80BD     		pop	{r7, pc}
 633              	.L39:
 634 0146 C046     		.align	2
 635              	.L38:
 636 0148 00100240 		.word	1073876992
 637 014c 409C0000 		.word	40000
 638 0150 90D00300 		.word	250000
 639 0154 00127A00 		.word	8000000
 640              		.cfi_endproc
 641              	.LFE42:
 643              		.text
 644              	.Letext0:
 645              		.file 2 "c:\\program files (x86)\\openocdarmgccbuildtools\\gcc-arm-none-eabi-10.3-2021.10-win32\\a
 646              		.file 3 "c:\\program files (x86)\\openocdarmgccbuildtools\\gcc-arm-none-eabi-10.3-2021.10-win32\\a
 647              		.file 4 "Drivers/CMSIS/Device/ST/STM32F0xx/Include/stm32f031x6.h"
 648              		.file 5 "Drivers/CMSIS/Device/ST/STM32F0xx/Include/stm32f0xx.h"
 649              		.file 6 "Drivers/STM32F0xx_HAL_Driver/Inc/stm32f0xx_hal_def.h"
 650              		.file 7 "Drivers/STM32F0xx_HAL_Driver/Inc/stm32f0xx_hal_rcc_ex.h"
ARM GAS  C:\Users\mason\AppData\Local\Temp\ccyTUXUf.s 			page 24


DEFINED SYMBOLS
                            *ABS*:00000000 stm32f0xx_hal_rcc_ex.c
C:\Users\mason\AppData\Local\Temp\ccyTUXUf.s:18     .text.HAL_RCCEx_PeriphCLKConfig:00000000 $t
C:\Users\mason\AppData\Local\Temp\ccyTUXUf.s:24     .text.HAL_RCCEx_PeriphCLKConfig:00000000 HAL_RCCEx_PeriphCLKConfig
C:\Users\mason\AppData\Local\Temp\ccyTUXUf.s:304    .text.HAL_RCCEx_PeriphCLKConfig:00000184 $d
C:\Users\mason\AppData\Local\Temp\ccyTUXUf.s:314    .text.HAL_RCCEx_GetPeriphCLKConfig:00000000 $t
C:\Users\mason\AppData\Local\Temp\ccyTUXUf.s:320    .text.HAL_RCCEx_GetPeriphCLKConfig:00000000 HAL_RCCEx_GetPeriphCLKConfig
C:\Users\mason\AppData\Local\Temp\ccyTUXUf.s:376    .text.HAL_RCCEx_GetPeriphCLKConfig:0000003c $d
C:\Users\mason\AppData\Local\Temp\ccyTUXUf.s:382    .text.HAL_RCCEx_GetPeriphCLKFreq:00000000 $t
C:\Users\mason\AppData\Local\Temp\ccyTUXUf.s:388    .text.HAL_RCCEx_GetPeriphCLKFreq:00000000 HAL_RCCEx_GetPeriphCLKFreq
C:\Users\mason\AppData\Local\Temp\ccyTUXUf.s:636    .text.HAL_RCCEx_GetPeriphCLKFreq:00000148 $d

UNDEFINED SYMBOLS
HAL_GetTick
HAL_RCC_GetPCLK1Freq
HAL_RCC_GetSysClockFreq
